09:42:38 **** Build of configuration Debug for project scheduler ****
make -j8 all 
arm-none-eabi-gcc "../Drivers/STM32F1xx_HAL_Driver/Src/stm32f1xx_hal.c" -mcpu=cortex-m3 -std=gnu11 -g3 -DDEBUG -DUSE_HAL_DRIVER -DSTM32F103x6 -c -I../Core/Inc -I../Drivers/STM32F1xx_HAL_Driver/Inc -I../Drivers/STM32F1xx_HAL_Driver/Inc/Legacy -I../Drivers/CMSIS/Device/ST/STM32F1xx/Include -I../Drivers/CMSIS/Include -O0 -ffunction-sections -fdata-sections -Wall -fstack-usage -MMD -MP -MF"Drivers/STM32F1xx_HAL_Driver/Src/stm32f1xx_hal.d" -MT"Drivers/STM32F1xx_HAL_Driver/Src/stm32f1xx_hal.o" --specs=nano.specs -mfloat-abi=soft -mthumb -o "Drivers/STM32F1xx_HAL_Driver/Src/stm32f1xx_hal.o"
arm-none-eabi-gcc "../Drivers/STM32F1xx_HAL_Driver/Src/stm32f1xx_hal_adc.c" -mcpu=cortex-m3 -std=gnu11 -g3 -DDEBUG -DUSE_HAL_DRIVER -DSTM32F103x6 -c -I../Core/Inc -I../Drivers/STM32F1xx_HAL_Driver/Inc -I../Drivers/STM32F1xx_HAL_Driver/Inc/Legacy -I../Drivers/CMSIS/Device/ST/STM32F1xx/Include -I../Drivers/CMSIS/Include -O0 -ffunction-sections -fdata-sections -Wall -fstack-usage -MMD -MP -MF"Drivers/STM32F1xx_HAL_Driver/Src/stm32f1xx_hal_adc.d" -MT"Drivers/STM32F1xx_HAL_Driver/Src/stm32f1xx_hal_adc.o" --specs=nano.specs -mfloat-abi=soft -mthumb -o "Drivers/STM32F1xx_HAL_Driver/Src/stm32f1xx_hal_adc.o"
arm-none-eabi-gcc "../Drivers/STM32F1xx_HAL_Driver/Src/stm32f1xx_hal_adc_ex.c" -mcpu=cortex-m3 -std=gnu11 -g3 -DDEBUG -DUSE_HAL_DRIVER -DSTM32F103x6 -c -I../Core/Inc -I../Drivers/STM32F1xx_HAL_Driver/Inc -I../Drivers/STM32F1xx_HAL_Driver/Inc/Legacy -I../Drivers/CMSIS/Device/ST/STM32F1xx/Include -I../Drivers/CMSIS/Include -O0 -ffunction-sections -fdata-sections -Wall -fstack-usage -MMD -MP -MF"Drivers/STM32F1xx_HAL_Driver/Src/stm32f1xx_hal_adc_ex.d" -MT"Drivers/STM32F1xx_HAL_Driver/Src/stm32f1xx_hal_adc_ex.o" --specs=nano.specs -mfloat-abi=soft -mthumb -o "Drivers/STM32F1xx_HAL_Driver/Src/stm32f1xx_hal_adc_ex.o"
arm-none-eabi-gcc "../Drivers/STM32F1xx_HAL_Driver/Src/stm32f1xx_hal_cortex.c" -mcpu=cortex-m3 -std=gnu11 -g3 -DDEBUG -DUSE_HAL_DRIVER -DSTM32F103x6 -c -I../Core/Inc -I../Drivers/STM32F1xx_HAL_Driver/Inc -I../Drivers/STM32F1xx_HAL_Driver/Inc/Legacy -I../Drivers/CMSIS/Device/ST/STM32F1xx/Include -I../Drivers/CMSIS/Include -O0 -ffunction-sections -fdata-sections -Wall -fstack-usage -MMD -MP -MF"Drivers/STM32F1xx_HAL_Driver/Src/stm32f1xx_hal_cortex.d" -MT"Drivers/STM32F1xx_HAL_Driver/Src/stm32f1xx_hal_cortex.o" --specs=nano.specs -mfloat-abi=soft -mthumb -o "Drivers/STM32F1xx_HAL_Driver/Src/stm32f1xx_hal_cortex.o"
arm-none-eabi-gcc "../Drivers/STM32F1xx_HAL_Driver/Src/stm32f1xx_hal_dma.c" -mcpu=cortex-m3 -std=gnu11 -g3 -DDEBUG -DUSE_HAL_DRIVER -DSTM32F103x6 -c -I../Core/Inc -I../Drivers/STM32F1xx_HAL_Driver/Inc -I../Drivers/STM32F1xx_HAL_Driver/Inc/Legacy -I../Drivers/CMSIS/Device/ST/STM32F1xx/Include -I../Drivers/CMSIS/Include -O0 -ffunction-sections -fdata-sections -Wall -fstack-usage -MMD -MP -MF"Drivers/STM32F1xx_HAL_Driver/Src/stm32f1xx_hal_dma.d" -MT"Drivers/STM32F1xx_HAL_Driver/Src/stm32f1xx_hal_dma.o" --specs=nano.specs -mfloat-abi=soft -mthumb -o "Drivers/STM32F1xx_HAL_Driver/Src/stm32f1xx_hal_dma.o"
arm-none-eabi-gcc "../Drivers/STM32F1xx_HAL_Driver/Src/stm32f1xx_hal_exti.c" -mcpu=cortex-m3 -std=gnu11 -g3 -DDEBUG -DUSE_HAL_DRIVER -DSTM32F103x6 -c -I../Core/Inc -I../Drivers/STM32F1xx_HAL_Driver/Inc -I../Drivers/STM32F1xx_HAL_Driver/Inc/Legacy -I../Drivers/CMSIS/Device/ST/STM32F1xx/Include -I../Drivers/CMSIS/Include -O0 -ffunction-sections -fdata-sections -Wall -fstack-usage -MMD -MP -MF"Drivers/STM32F1xx_HAL_Driver/Src/stm32f1xx_hal_exti.d" -MT"Drivers/STM32F1xx_HAL_Driver/Src/stm32f1xx_hal_exti.o" --specs=nano.specs -mfloat-abi=soft -mthumb -o "Drivers/STM32F1xx_HAL_Driver/Src/stm32f1xx_hal_exti.o"
arm-none-eabi-gcc "../Drivers/STM32F1xx_HAL_Driver/Src/stm32f1xx_hal_flash.c" -mcpu=cortex-m3 -std=gnu11 -g3 -DDEBUG -DUSE_HAL_DRIVER -DSTM32F103x6 -c -I../Core/Inc -I../Drivers/STM32F1xx_HAL_Driver/Inc -I../Drivers/STM32F1xx_HAL_Driver/Inc/Legacy -I../Drivers/CMSIS/Device/ST/STM32F1xx/Include -I../Drivers/CMSIS/Include -O0 -ffunction-sections -fdata-sections -Wall -fstack-usage -MMD -MP -MF"Drivers/STM32F1xx_HAL_Driver/Src/stm32f1xx_hal_flash.d" -MT"Drivers/STM32F1xx_HAL_Driver/Src/stm32f1xx_hal_flash.o" --specs=nano.specs -mfloat-abi=soft -mthumb -o "Drivers/STM32F1xx_HAL_Driver/Src/stm32f1xx_hal_flash.o"
arm-none-eabi-gcc "../Drivers/STM32F1xx_HAL_Driver/Src/stm32f1xx_hal_flash_ex.c" -mcpu=cortex-m3 -std=gnu11 -g3 -DDEBUG -DUSE_HAL_DRIVER -DSTM32F103x6 -c -I../Core/Inc -I../Drivers/STM32F1xx_HAL_Driver/Inc -I../Drivers/STM32F1xx_HAL_Driver/Inc/Legacy -I../Drivers/CMSIS/Device/ST/STM32F1xx/Include -I../Drivers/CMSIS/Include -O0 -ffunction-sections -fdata-sections -Wall -fstack-usage -MMD -MP -MF"Drivers/STM32F1xx_HAL_Driver/Src/stm32f1xx_hal_flash_ex.d" -MT"Drivers/STM32F1xx_HAL_Driver/Src/stm32f1xx_hal_flash_ex.o" --specs=nano.specs -mfloat-abi=soft -mthumb -o "Drivers/STM32F1xx_HAL_Driver/Src/stm32f1xx_hal_flash_ex.o"
arm-none-eabi-gcc "../Drivers/STM32F1xx_HAL_Driver/Src/stm32f1xx_hal_gpio.c" -mcpu=cortex-m3 -std=gnu11 -g3 -DDEBUG -DUSE_HAL_DRIVER -DSTM32F103x6 -c -I../Core/Inc -I../Drivers/STM32F1xx_HAL_Driver/Inc -I../Drivers/STM32F1xx_HAL_Driver/Inc/Legacy -I../Drivers/CMSIS/Device/ST/STM32F1xx/Include -I../Drivers/CMSIS/Include -O0 -ffunction-sections -fdata-sections -Wall -fstack-usage -MMD -MP -MF"Drivers/STM32F1xx_HAL_Driver/Src/stm32f1xx_hal_gpio.d" -MT"Drivers/STM32F1xx_HAL_Driver/Src/stm32f1xx_hal_gpio.o" --specs=nano.specs -mfloat-abi=soft -mthumb -o "Drivers/STM32F1xx_HAL_Driver/Src/stm32f1xx_hal_gpio.o"
arm-none-eabi-gcc "../Drivers/STM32F1xx_HAL_Driver/Src/stm32f1xx_hal_gpio_ex.c" -mcpu=cortex-m3 -std=gnu11 -g3 -DDEBUG -DUSE_HAL_DRIVER -DSTM32F103x6 -c -I../Core/Inc -I../Drivers/STM32F1xx_HAL_Driver/Inc -I../Drivers/STM32F1xx_HAL_Driver/Inc/Legacy -I../Drivers/CMSIS/Device/ST/STM32F1xx/Include -I../Drivers/CMSIS/Include -O0 -ffunction-sections -fdata-sections -Wall -fstack-usage -MMD -MP -MF"Drivers/STM32F1xx_HAL_Driver/Src/stm32f1xx_hal_gpio_ex.d" -MT"Drivers/STM32F1xx_HAL_Driver/Src/stm32f1xx_hal_gpio_ex.o" --specs=nano.specs -mfloat-abi=soft -mthumb -o "Drivers/STM32F1xx_HAL_Driver/Src/stm32f1xx_hal_gpio_ex.o"
arm-none-eabi-gcc "../Drivers/STM32F1xx_HAL_Driver/Src/stm32f1xx_hal_pwr.c" -mcpu=cortex-m3 -std=gnu11 -g3 -DDEBUG -DUSE_HAL_DRIVER -DSTM32F103x6 -c -I../Core/Inc -I../Drivers/STM32F1xx_HAL_Driver/Inc -I../Drivers/STM32F1xx_HAL_Driver/Inc/Legacy -I../Drivers/CMSIS/Device/ST/STM32F1xx/Include -I../Drivers/CMSIS/Include -O0 -ffunction-sections -fdata-sections -Wall -fstack-usage -MMD -MP -MF"Drivers/STM32F1xx_HAL_Driver/Src/stm32f1xx_hal_pwr.d" -MT"Drivers/STM32F1xx_HAL_Driver/Src/stm32f1xx_hal_pwr.o" --specs=nano.specs -mfloat-abi=soft -mthumb -o "Drivers/STM32F1xx_HAL_Driver/Src/stm32f1xx_hal_pwr.o"
arm-none-eabi-gcc "../Drivers/STM32F1xx_HAL_Driver/Src/stm32f1xx_hal_rcc.c" -mcpu=cortex-m3 -std=gnu11 -g3 -DDEBUG -DUSE_HAL_DRIVER -DSTM32F103x6 -c -I../Core/Inc -I../Drivers/STM32F1xx_HAL_Driver/Inc -I../Drivers/STM32F1xx_HAL_Driver/Inc/Legacy -I../Drivers/CMSIS/Device/ST/STM32F1xx/Include -I../Drivers/CMSIS/Include -O0 -ffunction-sections -fdata-sections -Wall -fstack-usage -MMD -MP -MF"Drivers/STM32F1xx_HAL_Driver/Src/stm32f1xx_hal_rcc.d" -MT"Drivers/STM32F1xx_HAL_Driver/Src/stm32f1xx_hal_rcc.o" --specs=nano.specs -mfloat-abi=soft -mthumb -o "Drivers/STM32F1xx_HAL_Driver/Src/stm32f1xx_hal_rcc.o"
arm-none-eabi-gcc "../Drivers/STM32F1xx_HAL_Driver/Src/stm32f1xx_hal_rcc_ex.c" -mcpu=cortex-m3 -std=gnu11 -g3 -DDEBUG -DUSE_HAL_DRIVER -DSTM32F103x6 -c -I../Core/Inc -I../Drivers/STM32F1xx_HAL_Driver/Inc -I../Drivers/STM32F1xx_HAL_Driver/Inc/Legacy -I../Drivers/CMSIS/Device/ST/STM32F1xx/Include -I../Drivers/CMSIS/Include -O0 -ffunction-sections -fdata-sections -Wall -fstack-usage -MMD -MP -MF"Drivers/STM32F1xx_HAL_Driver/Src/stm32f1xx_hal_rcc_ex.d" -MT"Drivers/STM32F1xx_HAL_Driver/Src/stm32f1xx_hal_rcc_ex.o" --specs=nano.specs -mfloat-abi=soft -mthumb -o "Drivers/STM32F1xx_HAL_Driver/Src/stm32f1xx_hal_rcc_ex.o"
arm-none-eabi-gcc "../Drivers/STM32F1xx_HAL_Driver/Src/stm32f1xx_hal_tim.c" -mcpu=cortex-m3 -std=gnu11 -g3 -DDEBUG -DUSE_HAL_DRIVER -DSTM32F103x6 -c -I../Core/Inc -I../Drivers/STM32F1xx_HAL_Driver/Inc -I../Drivers/STM32F1xx_HAL_Driver/Inc/Legacy -I../Drivers/CMSIS/Device/ST/STM32F1xx/Include -I../Drivers/CMSIS/Include -O0 -ffunction-sections -fdata-sections -Wall -fstack-usage -MMD -MP -MF"Drivers/STM32F1xx_HAL_Driver/Src/stm32f1xx_hal_tim.d" -MT"Drivers/STM32F1xx_HAL_Driver/Src/stm32f1xx_hal_tim.o" --specs=nano.specs -mfloat-abi=soft -mthumb -o "Drivers/STM32F1xx_HAL_Driver/Src/stm32f1xx_hal_tim.o"
arm-none-eabi-gcc "../Drivers/STM32F1xx_HAL_Driver/Src/stm32f1xx_hal_tim_ex.c" -mcpu=cortex-m3 -std=gnu11 -g3 -DDEBUG -DUSE_HAL_DRIVER -DSTM32F103x6 -c -I../Core/Inc -I../Drivers/STM32F1xx_HAL_Driver/Inc -I../Drivers/STM32F1xx_HAL_Driver/Inc/Legacy -I../Drivers/CMSIS/Device/ST/STM32F1xx/Include -I../Drivers/CMSIS/Include -O0 -ffunction-sections -fdata-sections -Wall -fstack-usage -MMD -MP -MF"Drivers/STM32F1xx_HAL_Driver/Src/stm32f1xx_hal_tim_ex.d" -MT"Drivers/STM32F1xx_HAL_Driver/Src/stm32f1xx_hal_tim_ex.o" --specs=nano.specs -mfloat-abi=soft -mthumb -o "Drivers/STM32F1xx_HAL_Driver/Src/stm32f1xx_hal_tim_ex.o"
arm-none-eabi-gcc "../Drivers/STM32F1xx_HAL_Driver/Src/stm32f1xx_hal_uart.c" -mcpu=cortex-m3 -std=gnu11 -g3 -DDEBUG -DUSE_HAL_DRIVER -DSTM32F103x6 -c -I../Core/Inc -I../Drivers/STM32F1xx_HAL_Driver/Inc -I../Drivers/STM32F1xx_HAL_Driver/Inc/Legacy -I../Drivers/CMSIS/Device/ST/STM32F1xx/Include -I../Drivers/CMSIS/Include -O0 -ffunction-sections -fdata-sections -Wall -fstack-usage -MMD -MP -MF"Drivers/STM32F1xx_HAL_Driver/Src/stm32f1xx_hal_uart.d" -MT"Drivers/STM32F1xx_HAL_Driver/Src/stm32f1xx_hal_uart.o" --specs=nano.specs -mfloat-abi=soft -mthumb -o "Drivers/STM32F1xx_HAL_Driver/Src/stm32f1xx_hal_uart.o"
arm-none-eabi-gcc -mcpu=cortex-m3 -g3 -DDEBUG -c -x assembler-with-cpp -MMD -MP -MF"Core/Startup/startup_stm32f103c6ux.d" -MT"Core/Startup/startup_stm32f103c6ux.o" --specs=nano.specs -mfloat-abi=soft -mthumb -o "Core/Startup/startup_stm32f103c6ux.o" "../Core/Startup/startup_stm32f103c6ux.s"
arm-none-eabi-gcc "../Core/Src/main.c" -mcpu=cortex-m3 -std=gnu11 -g3 -DDEBUG -DUSE_HAL_DRIVER -DSTM32F103x6 -c -I../Core/Inc -I../Drivers/STM32F1xx_HAL_Driver/Inc -I../Drivers/STM32F1xx_HAL_Driver/Inc/Legacy -I../Drivers/CMSIS/Device/ST/STM32F1xx/Include -I../Drivers/CMSIS/Include -O0 -ffunction-sections -fdata-sections -Wall -fstack-usage -MMD -MP -MF"Core/Src/main.d" -MT"Core/Src/main.o" --specs=nano.specs -mfloat-abi=soft -mthumb -o "Core/Src/main.o"
arm-none-eabi-gcc "../Core/Src/scheduler.c" -mcpu=cortex-m3 -std=gnu11 -g3 -DDEBUG -DUSE_HAL_DRIVER -DSTM32F103x6 -c -I../Core/Inc -I../Drivers/STM32F1xx_HAL_Driver/Inc -I../Drivers/STM32F1xx_HAL_Driver/Inc/Legacy -I../Drivers/CMSIS/Device/ST/STM32F1xx/Include -I../Drivers/CMSIS/Include -O0 -ffunction-sections -fdata-sections -Wall -fstack-usage -MMD -MP -MF"Core/Src/scheduler.d" -MT"Core/Src/scheduler.o" --specs=nano.specs -mfloat-abi=soft -mthumb -o "Core/Src/scheduler.o"
arm-none-eabi-gcc "../Core/Src/stm32f1xx_hal_msp.c" -mcpu=cortex-m3 -std=gnu11 -g3 -DDEBUG -DUSE_HAL_DRIVER -DSTM32F103x6 -c -I../Core/Inc -I../Drivers/STM32F1xx_HAL_Driver/Inc -I../Drivers/STM32F1xx_HAL_Driver/Inc/Legacy -I../Drivers/CMSIS/Device/ST/STM32F1xx/Include -I../Drivers/CMSIS/Include -O0 -ffunction-sections -fdata-sections -Wall -fstack-usage -MMD -MP -MF"Core/Src/stm32f1xx_hal_msp.d" -MT"Core/Src/stm32f1xx_hal_msp.o" --specs=nano.specs -mfloat-abi=soft -mthumb -o "Core/Src/stm32f1xx_hal_msp.o"
../Core/Src/main.c: In function 'funtion_A':
../Core/Src/main.c:75:39: error: 'str' undeclared (first use in this function)
arm-none-eabi-gcc "../Core/Src/stm32f1xx_it.c" -mcpu=cortex-m3 -std=gnu11 -g3 -DDEBUG -DUSE_HAL_DRIVER -DSTM32F103x6 -c -I../Core/Inc -I../Drivers/STM32F1xx_HAL_Driver/Inc -I../Drivers/STM32F1xx_HAL_Driver/Inc/Legacy -I../Drivers/CMSIS/Device/ST/STM32F1xx/Include -I../Drivers/CMSIS/Include -O0 -ffunction-sections -fdata-sections -Wall -fstack-usage -MMD -MP -MF"Core/Src/stm32f1xx_it.d" -MT"Core/Src/stm32f1xx_it.o" --specs=nano.specs -mfloat-abi=soft -mthumb -o "Core/Src/stm32f1xx_it.o"
   75 |   HAL_UART_Transmit (& huart2, (void*)str, sprintf(str, "Executed function A\n"), 1000);
      |                                       ^~~
../Core/Src/main.c:75:39: note: each undeclared identifier is reported only once for each function it appears in
../Core/Src/main.c:75:44: warning: implicit declaration of function 'sprintf' [-Wimplicit-function-declaration]
arm-none-eabi-gcc "../Core/Src/syscalls.c" -mcpu=cortex-m3 -std=gnu11 -g3 -DDEBUG -DUSE_HAL_DRIVER -DSTM32F103x6 -c -I../Core/Inc -I../Drivers/STM32F1xx_HAL_Driver/Inc -I../Drivers/STM32F1xx_HAL_Driver/Inc/Legacy -I../Drivers/CMSIS/Device/ST/STM32F1xx/Include -I../Drivers/CMSIS/Include -O0 -ffunction-sections -fdata-sections -Wall -fstack-usage -MMD -MP -MF"Core/Src/syscalls.d" -MT"Core/Src/syscalls.o" --specs=nano.specs -mfloat-abi=soft -mthumb -o "Core/Src/syscalls.o"
   75 |   HAL_UART_Transmit (& huart2, (void*)str, sprintf(str, "Executed function A\n"), 1000);
      |                                            ^~~~~~~
../Core/Src/main.c:75:44: warning: incompatible implicit declaration of built-in function 'sprintf'
../Core/Src/main.c:26:1: note: include '<stdio.h>' or provide a declaration of 'sprintf'
   25 | #include "scheduler.h"
  +++ |+#include <stdio.h>
   26 | /* USER CODE END Includes */
../Core/Src/scheduler.c:11:15: error: conflicting types for 'SCH_Add_Task'
   11 | unsigned char SCH_Add_Task(void(*pFunction)(), unsigned int DELAY, unsigned int PERIOD) {
      |               ^~~~~~~~~~~~
In file included from ../Core/Src/scheduler.c:9:
../Core/Inc/scheduler.h:30:10: note: previous declaration of 'SCH_Add_Task' was here
   30 | uint32_t SCH_Add_Task(void(*pFunction)(), uint32_t DELAY, uint32_t PERIOD);
      |          ^~~~~~~~~~~~
../Core/Src/scheduler.c:56:15: error: conflicting types for 'SCH_Delete_Task'
   56 | unsigned char SCH_Delete_Task(const unsigned char taskID) {
      |               ^~~~~~~~~~~~~~~
In file included from ../Core/Src/scheduler.c:9:
../Core/Inc/scheduler.h:31:9: note: previous declaration of 'SCH_Delete_Task' was here
   31 | uint8_t SCH_Delete_Task(uint32_t taskID);
      |         ^~~~~~~~~~~~~~~
../Core/Src/main.c: In function 'funtion_B':
../Core/Src/main.c:78:39: error: 'str' undeclared (first use in this function)
   78 |   HAL_UART_Transmit (& huart2, (void*)str, sprintf(str, "Executed function B\n"), 1000);
      |                                       ^~~
../Core/Src/main.c:78:44: warning: incompatible implicit declaration of built-in function 'sprintf'
   78 |   HAL_UART_Transmit (& huart2, (void*)str, sprintf(str, "Executed function B\n"), 1000);
      |                                            ^~~~~~~
../Core/Src/main.c:78:44: note: include '<stdio.h>' or provide a declaration of 'sprintf'
../Core/Src/main.c: At top level:
../Core/Src/main.c:80:6: error: redefinition of 'funtion_A'
   80 | void funtion_A(){
      |      ^~~~~~~~~
../Core/Src/main.c:74:6: note: previous definition of 'funtion_A' was here
   74 | void funtion_A(){
      |      ^~~~~~~~~
../Core/Src/scheduler.c: In function 'SCH_Delete_Task':
../Core/Src/scheduler.c:65:18: error: 'RETURN_ERROR' undeclared (first use in this function)
   65 |    Return_code = RETURN_ERROR;
      |                  ^~~~~~~~~~~~
../Core/Src/scheduler.c:65:18: note: each undeclared identifier is reported only once for each function it appears in
../Core/Src/main.c: In function 'funtion_A':
arm-none-eabi-gcc "../Core/Src/sysmem.c" -mcpu=cortex-m3 -std=gnu11 -g3 -DDEBUG -DUSE_HAL_DRIVER -DSTM32F103x6 -c -I../Core/Inc -I../Drivers/STM32F1xx_HAL_Driver/Inc -I../Drivers/STM32F1xx_HAL_Driver/Inc/Legacy -I../Drivers/CMSIS/Device/ST/STM32F1xx/Include -I../Drivers/CMSIS/Include -O0 -ffunction-sections -fdata-sections -Wall -fstack-usage -MMD -MP -MF"Core/Src/sysmem.d" -MT"Core/Src/sysmem.o" --specs=nano.specs -mfloat-abi=soft -mthumb -o "Core/Src/sysmem.o"
../Core/Src/main.c:81:39: error: 'str' undeclared (first use in this function)
   81 |   HAL_UART_Transmit (& huart2, (void*)str, sprintf(str, "Executed function C\n"), 1000);
      |                                       ^~~
../Core/Src/main.c:81:44: warning: incompatible implicit declaration of built-in function 'sprintf'
   81 |   HAL_UART_Transmit (& huart2, (void*)str, sprintf(str, "Executed function C\n"), 1000);
      |                                            ^~~~~~~
../Core/Src/main.c:81:44: note: include '<stdio.h>' or provide a declaration of 'sprintf'
../Core/Src/main.c: In function 'main':
../Core/Src/main.c:118:3: warning: implicit declaration of function 'SCH_Init' [-Wimplicit-function-declaration]
  118 |   SCH_Init();
      |   ^~~~~~~~
../Core/Src/main.c:119:32: error: invalid operands to binary & (have 'UART_HandleTypeDef *' {aka 'struct __UART_HandleTypeDef *'} and 'int')
  119 |   HAL_UART_Receive_IT (&huart2 &temp, 1) ;
      |                        ~~~~~~~ ^
      |                        |
      |                        UART_HandleTypeDef * {aka struct __UART_HandleTypeDef *}
../Core/Src/main.c:119:39: warning: passing argument 2 of 'HAL_UART_Receive_IT' makes pointer from integer without a cast [-Wint-conversion]
  119 |   HAL_UART_Receive_IT (&huart2 &temp, 1) ;
      |                                       ^
      |                                       |
      |                                       int
In file included from ../Core/Inc/stm32f1xx_hal_conf.h:337,
                 from ../Drivers/STM32F1xx_HAL_Driver/Inc/stm32f1xx_hal.h:29,
                 from ../Core/Inc/main.h:31,
                 from ../Core/Src/main.c:21:
../Drivers/STM32F1xx_HAL_Driver/Inc/stm32f1xx_hal_uart.h:752:75: note: expected 'uint8_t *' {aka 'unsigned char *'} but argument is of type 'int'
  752 | HAL_StatusTypeDef HAL_UART_Receive_IT(UART_HandleTypeDef *huart, uint8_t *pData, uint16_t Size);
      |                                                                  ~~~~~~~~~^~~~~
../Core/Src/main.c:119:3: error: too few arguments to function 'HAL_UART_Receive_IT'
  119 |   HAL_UART_Receive_IT (&huart2 &temp, 1) ;
      |   ^~~~~~~~~~~~~~~~~~~
In file included from ../Core/Inc/stm32f1xx_hal_conf.h:337,
                 from ../Drivers/STM32F1xx_HAL_Driver/Inc/stm32f1xx_hal.h:29,
                 from ../Core/Inc/main.h:31,
                 from ../Core/Src/main.c:21:
../Drivers/STM32F1xx_HAL_Driver/Inc/stm32f1xx_hal_uart.h:752:19: note: declared here
  752 | HAL_StatusTypeDef HAL_UART_Receive_IT(UART_HandleTypeDef *huart, uint8_t *pData, uint16_t Size);
      |                   ^~~~~~~~~~~~~~~~~~~
../Core/Src/main.c:124:16: error: 'function_A' undeclared (first use in this function); did you mean 'funtion_A'?
  124 |   SCH_Add_Task(function_A, 0, 0);
      |                ^~~~~~~~~~
      |                funtion_A
../Core/Src/scheduler.c:67:18: error: 'RETURN_NORMAL' undeclared (first use in this function)
   67 |    Return_code = RETURN_NORMAL;
      |                  ^~~~~~~~~~~~~
../Core/Src/main.c:125:16: error: 'function_B' undeclared (first use in this function); did you mean 'funtion_B'?
  125 |   SCH_Add_Task(function_B, 1, 0);
      |                ^~~~~~~~~~
      |                funtion_B
../Core/Src/main.c:126:16: error: 'function_C' undeclared (first use in this function); did you mean 'funtion_A'?
  126 |   SCH_Add_Task(function_C, 0, 0);
      |                ^~~~~~~~~~
      |                funtion_A
make: *** [Core/Src/subdir.mk:37: Core/Src/scheduler.o] Error 1
make: *** Waiting for unfinished jobs....
make: *** [Core/Src/subdir.mk:37: Core/Src/main.o] Error 1
"make -j8 all" terminated with exit code 2. Build might be incomplete.
09:43:09 **** Incremental Build of configuration Debug for project scheduler ****
make -j8 all 
arm-none-eabi-gcc "../Core/Src/main.c" -mcpu=cortex-m3 -std=gnu11 -g3 -DDEBUG -DUSE_HAL_DRIVER -DSTM32F103x6 -c -I../Core/Inc -I../Drivers/STM32F1xx_HAL_Driver/Inc -I../Drivers/STM32F1xx_HAL_Driver/Inc/Legacy -I../Drivers/CMSIS/Device/ST/STM32F1xx/Include -I../Drivers/CMSIS/Include -O0 -ffunction-sections -fdata-sections -Wall -fstack-usage -MMD -MP -MF"Core/Src/main.d" -MT"Core/Src/main.o" --specs=nano.specs -mfloat-abi=soft -mthumb -o "Core/Src/main.o"
arm-none-eabi-gcc "../Core/Src/scheduler.c" -mcpu=cortex-m3 -std=gnu11 -g3 -DDEBUG -DUSE_HAL_DRIVER -DSTM32F103x6 -c -I../Core/Inc -I../Drivers/STM32F1xx_HAL_Driver/Inc -I../Drivers/STM32F1xx_HAL_Driver/Inc/Legacy -I../Drivers/CMSIS/Device/ST/STM32F1xx/Include -I../Drivers/CMSIS/Include -O0 -ffunction-sections -fdata-sections -Wall -fstack-usage -MMD -MP -MF"Core/Src/scheduler.d" -MT"Core/Src/scheduler.o" --specs=nano.specs -mfloat-abi=soft -mthumb -o "Core/Src/scheduler.o"
arm-none-eabi-gcc "../Core/Src/system_stm32f1xx.c" -mcpu=cortex-m3 -std=gnu11 -g3 -DDEBUG -DUSE_HAL_DRIVER -DSTM32F103x6 -c -I../Core/Inc -I../Drivers/STM32F1xx_HAL_Driver/Inc -I../Drivers/STM32F1xx_HAL_Driver/Inc/Legacy -I../Drivers/CMSIS/Device/ST/STM32F1xx/Include -I../Drivers/CMSIS/Include -O0 -ffunction-sections -fdata-sections -Wall -fstack-usage -MMD -MP -MF"Core/Src/system_stm32f1xx.d" -MT"Core/Src/system_stm32f1xx.o" --specs=nano.specs -mfloat-abi=soft -mthumb -o "Core/Src/system_stm32f1xx.o"
../Core/Src/main.c: In function 'funtion_A':
../Core/Src/main.c:76:44: warning: implicit declaration of function 'sprintf' [-Wimplicit-function-declaration]
   76 |   HAL_UART_Transmit (& huart2, (void*)str, sprintf(str, "Executed function A\n"), 1000);
      |                                            ^~~~~~~
../Core/Src/main.c:76:44: warning: incompatible implicit declaration of built-in function 'sprintf'
../Core/Src/main.c:26:1: note: include '<stdio.h>' or provide a declaration of 'sprintf'
   25 | #include "scheduler.h"
  +++ |+#include <stdio.h>
   26 | /* USER CODE END Includes */
../Core/Src/main.c:76:52: warning: pointer targets in passing argument 1 of 'sprintf' differ in signedness [-Wpointer-sign]
   76 |   HAL_UART_Transmit (& huart2, (void*)str, sprintf(str, "Executed function A\n"), 1000);
      |                                                    ^~~
      |                                                    |
      |                                                    uint8_t * {aka unsigned char *}
../Core/Src/main.c:76:52: note: expected 'char *' but argument is of type 'uint8_t *' {aka 'unsigned char *'}
../Core/Src/scheduler.c:11:15: error: conflicting types for 'SCH_Add_Task'
   11 | unsigned char SCH_Add_Task(void(*pFunction)(), unsigned int DELAY, unsigned int PERIOD) {
      |               ^~~~~~~~~~~~
In file included from ../Core/Src/scheduler.c:9:
../Core/Inc/scheduler.h:30:10: note: previous declaration of 'SCH_Add_Task' was here
   30 | uint32_t SCH_Add_Task(void(*pFunction)(), uint32_t DELAY, uint32_t PERIOD);
      |          ^~~~~~~~~~~~
../Core/Src/main.c: In function 'funtion_B':
../Core/Src/main.c:79:44: warning: incompatible implicit declaration of built-in function 'sprintf'
   79 |   HAL_UART_Transmit (& huart2, (void*)str, sprintf(str, "Executed function B\n"), 1000);
      |                                            ^~~~~~~
../Core/Src/scheduler.c:56:15: error: conflicting types for 'SCH_Delete_Task'
   56 | unsigned char SCH_Delete_Task(const unsigned char taskID) {
      |               ^~~~~~~~~~~~~~~
../Core/Src/main.c:79:44: note: include '<stdio.h>' or provide a declaration of 'sprintf'
In file included from ../Core/Src/scheduler.c:9:
../Core/Inc/scheduler.h:31:9: note: previous declaration of 'SCH_Delete_Task' was here
   31 | uint8_t SCH_Delete_Task(uint32_t taskID);
      |         ^~~~~~~~~~~~~~~
../Core/Src/main.c:79:52: warning: pointer targets in passing argument 1 of 'sprintf' differ in signedness [-Wpointer-sign]
   79 |   HAL_UART_Transmit (& huart2, (void*)str, sprintf(str, "Executed function B\n"), 1000);
      |                                                    ^~~
      |                                                    |
      |                                                    uint8_t * {aka unsigned char *}
../Core/Src/main.c:79:52: note: expected 'char *' but argument is of type 'uint8_t *' {aka 'unsigned char *'}
../Core/Src/main.c: At top level:
../Core/Src/main.c:81:6: error: redefinition of 'funtion_A'
   81 | void funtion_A(){
      |      ^~~~~~~~~
../Core/Src/main.c:75:6: note: previous definition of 'funtion_A' was here
   75 | void funtion_A(){
      |      ^~~~~~~~~
../Core/Src/main.c: In function 'funtion_A':
../Core/Src/main.c:82:44: warning: incompatible implicit declaration of built-in function 'sprintf'
   82 |   HAL_UART_Transmit (& huart2, (void*)str, sprintf(str, "Executed function C\n"), 1000);
      |                                            ^~~~~~~
../Core/Src/scheduler.c: In function 'SCH_Delete_Task':
../Core/Src/main.c:82:44: note: include '<stdio.h>' or provide a declaration of 'sprintf'
../Core/Src/scheduler.c:65:18: error: 'RETURN_ERROR' undeclared (first use in this function)
   65 |    Return_code = RETURN_ERROR;
      |                  ^~~~~~~~~~~~
../Core/Src/scheduler.c:65:18: note: each undeclared identifier is reported only once for each function it appears in
../Core/Src/main.c:82:52: warning: pointer targets in passing argument 1 of 'sprintf' differ in signedness [-Wpointer-sign]
   82 |   HAL_UART_Transmit (& huart2, (void*)str, sprintf(str, "Executed function C\n"), 1000);
      |                                                    ^~~
      |                                                    |
      |                                                    uint8_t * {aka unsigned char *}
../Core/Src/main.c:82:52: note: expected 'char *' but argument is of type 'uint8_t *' {aka 'unsigned char *'}
../Core/Src/main.c: In function 'main':
../Core/Src/main.c:119:3: warning: implicit declaration of function 'SCH_Init' [-Wimplicit-function-declaration]
  119 |   SCH_Init();
      |   ^~~~~~~~
../Core/Src/main.c:120:32: error: invalid operands to binary & (have 'UART_HandleTypeDef *' {aka 'struct __UART_HandleTypeDef *'} and 'int')
  120 |   HAL_UART_Receive_IT (&huart2 &temp, 1) ;
      |                        ~~~~~~~ ^
      |                        |
      |                        UART_HandleTypeDef * {aka struct __UART_HandleTypeDef *}
../Core/Src/main.c:120:39: warning: passing argument 2 of 'HAL_UART_Receive_IT' makes pointer from integer without a cast [-Wint-conversion]
  120 |   HAL_UART_Receive_IT (&huart2 &temp, 1) ;
      |                                       ^
      |                                       |
      |                                       int
In file included from ../Core/Inc/stm32f1xx_hal_conf.h:337,
                 from ../Drivers/STM32F1xx_HAL_Driver/Inc/stm32f1xx_hal.h:29,
                 from ../Core/Inc/main.h:31,
                 from ../Core/Src/main.c:21:
../Drivers/STM32F1xx_HAL_Driver/Inc/stm32f1xx_hal_uart.h:752:75: note: expected 'uint8_t *' {aka 'unsigned char *'} but argument is of type 'int'
  752 | HAL_StatusTypeDef HAL_UART_Receive_IT(UART_HandleTypeDef *huart, uint8_t *pData, uint16_t Size);
      |                                                                  ~~~~~~~~~^~~~~
../Core/Src/main.c:120:3: error: too few arguments to function 'HAL_UART_Receive_IT'
  120 |   HAL_UART_Receive_IT (&huart2 &temp, 1) ;
      |   ^~~~~~~~~~~~~~~~~~~
In file included from ../Core/Inc/stm32f1xx_hal_conf.h:337,
                 from ../Drivers/STM32F1xx_HAL_Driver/Inc/stm32f1xx_hal.h:29,
                 from ../Core/Inc/main.h:31,
                 from ../Core/Src/main.c:21:
../Drivers/STM32F1xx_HAL_Driver/Inc/stm32f1xx_hal_uart.h:752:19: note: declared here
  752 | HAL_StatusTypeDef HAL_UART_Receive_IT(UART_HandleTypeDef *huart, uint8_t *pData, uint16_t Size);
      |                   ^~~~~~~~~~~~~~~~~~~
../Core/Src/scheduler.c:67:18: error: 'RETURN_NORMAL' undeclared (first use in this function)
   67 |    Return_code = RETURN_NORMAL;
      |                  ^~~~~~~~~~~~~
../Core/Src/main.c:125:16: error: 'function_A' undeclared (first use in this function); did you mean 'funtion_A'?
  125 |   SCH_Add_Task(function_A, 0, 0);
      |                ^~~~~~~~~~
      |                funtion_A
../Core/Src/main.c:125:16: note: each undeclared identifier is reported only once for each function it appears in
../Core/Src/main.c:126:16: error: 'function_B' undeclared (first use in this function); did you mean 'funtion_B'?
  126 |   SCH_Add_Task(function_B, 1, 0);
      |                ^~~~~~~~~~
      |                funtion_B
../Core/Src/main.c:127:16: error: 'function_C' undeclared (first use in this function); did you mean 'funtion_A'?
  127 |   SCH_Add_Task(function_C, 0, 0);
      |                ^~~~~~~~~~
      |                funtion_A
make: *** [Core/Src/subdir.mk:37: Core/Src/scheduler.o] Error 1
make: *** Waiting for unfinished jobs....
make: *** [Core/Src/subdir.mk:37: Core/Src/main.o] Error 1
"make -j8 all" terminated with exit code 2. Build might be incomplete.
09:43:26 **** Incremental Build of configuration Debug for project scheduler ****
make -j8 all 
arm-none-eabi-gcc "../Core/Src/main.c" -mcpu=cortex-m3 -std=gnu11 -g3 -DDEBUG -DUSE_HAL_DRIVER -DSTM32F103x6 -c -I../Core/Inc -I../Drivers/STM32F1xx_HAL_Driver/Inc -I../Drivers/STM32F1xx_HAL_Driver/Inc/Legacy -I../Drivers/CMSIS/Device/ST/STM32F1xx/Include -I../Drivers/CMSIS/Include -O0 -ffunction-sections -fdata-sections -Wall -fstack-usage -MMD -MP -MF"Core/Src/main.d" -MT"Core/Src/main.o" --specs=nano.specs -mfloat-abi=soft -mthumb -o "Core/Src/main.o"
arm-none-eabi-gcc "../Core/Src/scheduler.c" -mcpu=cortex-m3 -std=gnu11 -g3 -DDEBUG -DUSE_HAL_DRIVER -DSTM32F103x6 -c -I../Core/Inc -I../Drivers/STM32F1xx_HAL_Driver/Inc -I../Drivers/STM32F1xx_HAL_Driver/Inc/Legacy -I../Drivers/CMSIS/Device/ST/STM32F1xx/Include -I../Drivers/CMSIS/Include -O0 -ffunction-sections -fdata-sections -Wall -fstack-usage -MMD -MP -MF"Core/Src/scheduler.d" -MT"Core/Src/scheduler.o" --specs=nano.specs -mfloat-abi=soft -mthumb -o "Core/Src/scheduler.o"
../Core/Src/main.c: In function 'funtion_A':
../Core/Src/main.c:76:44: warning: implicit declaration of function 'sprintf' [-Wimplicit-function-declaration]
   76 |   HAL_UART_Transmit (& huart2, (void*)str, sprintf(str, "Executed function A\n"), 1000);
      |                                            ^~~~~~~
../Core/Src/main.c:76:44: warning: incompatible implicit declaration of built-in function 'sprintf'
../Core/Src/main.c:26:1: note: include '<stdio.h>' or provide a declaration of 'sprintf'
   25 | #include "scheduler.h"
  +++ |+#include <stdio.h>
   26 | /* USER CODE END Includes */
../Core/Src/main.c:76:52: warning: pointer targets in passing argument 1 of 'sprintf' differ in signedness [-Wpointer-sign]
   76 |   HAL_UART_Transmit (& huart2, (void*)str, sprintf(str, "Executed function A\n"), 1000);
      |                                                    ^~~
      |                                                    |
      |                                                    uint8_t * {aka unsigned char *}
../Core/Src/main.c:76:52: note: expected 'char *' but argument is of type 'uint8_t *' {aka 'unsigned char *'}
../Core/Src/scheduler.c:11:15: error: conflicting types for 'SCH_Add_Task'
   11 | unsigned char SCH_Add_Task(void(*pFunction)(), unsigned int DELAY, unsigned int PERIOD) {
      |               ^~~~~~~~~~~~
../Core/Src/main.c: In function 'funtion_B':
In file included from ../Core/Src/scheduler.c:9:
../Core/Inc/scheduler.h:30:10: note: previous declaration of 'SCH_Add_Task' was here
   30 | uint32_t SCH_Add_Task(void(*pFunction)(), uint32_t DELAY, uint32_t PERIOD);
      |          ^~~~~~~~~~~~
../Core/Src/main.c:79:44: warning: incompatible implicit declaration of built-in function 'sprintf'
   79 |   HAL_UART_Transmit (& huart2, (void*)str, sprintf(str, "Executed function B\n"), 1000);
      |                                            ^~~~~~~
../Core/Src/main.c:79:44: note: include '<stdio.h>' or provide a declaration of 'sprintf'
../Core/Src/scheduler.c:56:15: error: conflicting types for 'SCH_Delete_Task'
   56 | unsigned char SCH_Delete_Task(const unsigned char taskID) {
      |               ^~~~~~~~~~~~~~~
../Core/Src/main.c:79:52: warning: pointer targets in passing argument 1 of 'sprintf' differ in signedness [-Wpointer-sign]
   79 |   HAL_UART_Transmit (& huart2, (void*)str, sprintf(str, "Executed function B\n"), 1000);
      |                                                    ^~~
      |                                                    |
      |                                                    uint8_t * {aka unsigned char *}
../Core/Src/main.c:79:52: note: expected 'char *' but argument is of type 'uint8_t *' {aka 'unsigned char *'}
In file included from ../Core/Src/scheduler.c:9:
../Core/Inc/scheduler.h:31:9: note: previous declaration of 'SCH_Delete_Task' was here
   31 | uint8_t SCH_Delete_Task(uint32_t taskID);
      |         ^~~~~~~~~~~~~~~
../Core/Src/main.c: In function 'funtion_C':
../Core/Src/main.c:82:44: warning: incompatible implicit declaration of built-in function 'sprintf'
   82 |   HAL_UART_Transmit (& huart2, (void*)str, sprintf(str, "Executed function C\n"), 1000);
      |                                            ^~~~~~~
../Core/Src/main.c:82:44: note: include '<stdio.h>' or provide a declaration of 'sprintf'
../Core/Src/main.c:82:52: warning: pointer targets in passing argument 1 of 'sprintf' differ in signedness [-Wpointer-sign]
   82 |   HAL_UART_Transmit (& huart2, (void*)str, sprintf(str, "Executed function C\n"), 1000);
      |                                                    ^~~
      |                                                    |
      |                                                    uint8_t * {aka unsigned char *}
../Core/Src/main.c:82:52: note: expected 'char *' but argument is of type 'uint8_t *' {aka 'unsigned char *'}
../Core/Src/scheduler.c: In function 'SCH_Delete_Task':
../Core/Src/scheduler.c:65:18: error: 'RETURN_ERROR' undeclared (first use in this function)
   65 |    Return_code = RETURN_ERROR;
      |                  ^~~~~~~~~~~~
../Core/Src/scheduler.c:65:18: note: each undeclared identifier is reported only once for each function it appears in
../Core/Src/main.c: In function 'main':
../Core/Src/main.c:119:3: warning: implicit declaration of function 'SCH_Init' [-Wimplicit-function-declaration]
  119 |   SCH_Init();
      |   ^~~~~~~~
../Core/Src/main.c:120:32: error: invalid operands to binary & (have 'UART_HandleTypeDef *' {aka 'struct __UART_HandleTypeDef *'} and 'int')
  120 |   HAL_UART_Receive_IT (&huart2 &temp, 1) ;
      |                        ~~~~~~~ ^
      |                        |
      |                        UART_HandleTypeDef * {aka struct __UART_HandleTypeDef *}
../Core/Src/main.c:120:39: warning: passing argument 2 of 'HAL_UART_Receive_IT' makes pointer from integer without a cast [-Wint-conversion]
  120 |   HAL_UART_Receive_IT (&huart2 &temp, 1) ;
      |                                       ^
      |                                       |
      |                                       int
In file included from ../Core/Inc/stm32f1xx_hal_conf.h:337,
                 from ../Drivers/STM32F1xx_HAL_Driver/Inc/stm32f1xx_hal.h:29,
                 from ../Core/Inc/main.h:31,
                 from ../Core/Src/main.c:21:
../Drivers/STM32F1xx_HAL_Driver/Inc/stm32f1xx_hal_uart.h:752:75: note: expected 'uint8_t *' {aka 'unsigned char *'} but argument is of type 'int'
  752 | HAL_StatusTypeDef HAL_UART_Receive_IT(UART_HandleTypeDef *huart, uint8_t *pData, uint16_t Size);
      |                                                                  ~~~~~~~~~^~~~~
../Core/Src/main.c:120:3: error: too few arguments to function 'HAL_UART_Receive_IT'
  120 |   HAL_UART_Receive_IT (&huart2 &temp, 1) ;
      |   ^~~~~~~~~~~~~~~~~~~
In file included from ../Core/Inc/stm32f1xx_hal_conf.h:337,
                 from ../Drivers/STM32F1xx_HAL_Driver/Inc/stm32f1xx_hal.h:29,
                 from ../Core/Inc/main.h:31,
                 from ../Core/Src/main.c:21:
../Drivers/STM32F1xx_HAL_Driver/Inc/stm32f1xx_hal_uart.h:752:19: note: declared here
  752 | HAL_StatusTypeDef HAL_UART_Receive_IT(UART_HandleTypeDef *huart, uint8_t *pData, uint16_t Size);
      |                   ^~~~~~~~~~~~~~~~~~~
../Core/Src/main.c:125:16: error: 'function_A' undeclared (first use in this function); did you mean 'funtion_A'?
  125 |   SCH_Add_Task(function_A, 0, 0);
      |                ^~~~~~~~~~
      |                funtion_A
../Core/Src/main.c:125:16: note: each undeclared identifier is reported only once for each function it appears in
../Core/Src/main.c:126:16: error: 'function_B' undeclared (first use in this function); did you mean 'funtion_B'?
  126 |   SCH_Add_Task(function_B, 1, 0);
      |                ^~~~~~~~~~
      |                funtion_B
../Core/Src/main.c:127:16: error: 'function_C' undeclared (first use in this function); did you mean 'funtion_C'?
  127 |   SCH_Add_Task(function_C, 0, 0);
      |                ^~~~~~~~~~
      |                funtion_C
../Core/Src/scheduler.c:67:18: error: 'RETURN_NORMAL' undeclared (first use in this function)
   67 |    Return_code = RETURN_NORMAL;
      |                  ^~~~~~~~~~~~~
make: *** [Core/Src/subdir.mk:37: Core/Src/main.o] Error 1
make: *** Waiting for unfinished jobs....
make: *** [Core/Src/subdir.mk:37: Core/Src/scheduler.o] Error 1
"make -j8 all" terminated with exit code 2. Build might be incomplete.
09:46:05 **** Incremental Build of configuration Debug for project scheduler ****
make -j8 all 
arm-none-eabi-gcc "../Core/Src/main.c" -mcpu=cortex-m3 -std=gnu11 -g3 -DDEBUG -DUSE_HAL_DRIVER -DSTM32F103x6 -c -I../Core/Inc -I../Drivers/STM32F1xx_HAL_Driver/Inc -I../Drivers/STM32F1xx_HAL_Driver/Inc/Legacy -I../Drivers/CMSIS/Device/ST/STM32F1xx/Include -I../Drivers/CMSIS/Include -O0 -ffunction-sections -fdata-sections -Wall -fstack-usage -MMD -MP -MF"Core/Src/main.d" -MT"Core/Src/main.o" --specs=nano.specs -mfloat-abi=soft -mthumb -o "Core/Src/main.o"
arm-none-eabi-gcc "../Core/Src/scheduler.c" -mcpu=cortex-m3 -std=gnu11 -g3 -DDEBUG -DUSE_HAL_DRIVER -DSTM32F103x6 -c -I../Core/Inc -I../Drivers/STM32F1xx_HAL_Driver/Inc -I../Drivers/STM32F1xx_HAL_Driver/Inc/Legacy -I../Drivers/CMSIS/Device/ST/STM32F1xx/Include -I../Drivers/CMSIS/Include -O0 -ffunction-sections -fdata-sections -Wall -fstack-usage -MMD -MP -MF"Core/Src/scheduler.d" -MT"Core/Src/scheduler.o" --specs=nano.specs -mfloat-abi=soft -mthumb -o "Core/Src/scheduler.o"
../Core/Src/main.c: In function 'function_A':
../Core/Src/main.c:76:44: warning: implicit declaration of function 'sprintf' [-Wimplicit-function-declaration]
   76 |   HAL_UART_Transmit (& huart2, (void*)str, sprintf(str, "Executed function A\n"), 1000);
      |                                            ^~~~~~~
../Core/Src/main.c:76:44: warning: incompatible implicit declaration of built-in function 'sprintf'
../Core/Src/main.c:26:1: note: include '<stdio.h>' or provide a declaration of 'sprintf'
   25 | #include "scheduler.h"
  +++ |+#include <stdio.h>
   26 | /* USER CODE END Includes */
../Core/Src/main.c:76:52: warning: pointer targets in passing argument 1 of 'sprintf' differ in signedness [-Wpointer-sign]
   76 |   HAL_UART_Transmit (& huart2, (void*)str, sprintf(str, "Executed function A\n"), 1000);
      |                                                    ^~~
      |                                                    |
      |                                                    uint8_t * {aka unsigned char *}
../Core/Src/main.c:76:52: note: expected 'char *' but argument is of type 'uint8_t *' {aka 'unsigned char *'}
../Core/Src/scheduler.c:56:15: error: conflicting types for 'SCH_Delete_Task'
   56 | unsigned char SCH_Delete_Task(const unsigned char taskID) {
      |               ^~~~~~~~~~~~~~~
../Core/Src/main.c: In function 'funtcion_B':
../Core/Src/main.c:79:44: warning: incompatible implicit declaration of built-in function 'sprintf'
   79 |   HAL_UART_Transmit (& huart2, (void*)str, sprintf(str, "Executed function B\n"), 1000);
      |                                            ^~~~~~~
../Core/Src/main.c:79:44: note: include '<stdio.h>' or provide a declaration of 'sprintf'
In file included from ../Core/Src/scheduler.c:9:
../Core/Inc/scheduler.h:31:9: note: previous declaration of 'SCH_Delete_Task' was here
   31 | uint8_t SCH_Delete_Task(uint32_t taskID);
      |         ^~~~~~~~~~~~~~~
../Core/Src/main.c:79:52: warning: pointer targets in passing argument 1 of 'sprintf' differ in signedness [-Wpointer-sign]
   79 |   HAL_UART_Transmit (& huart2, (void*)str, sprintf(str, "Executed function B\n"), 1000);
      |                                                    ^~~
      |                                                    |
      |                                                    uint8_t * {aka unsigned char *}
../Core/Src/scheduler.c: In function 'SCH_Delete_Task':
../Core/Src/main.c:79:52: note: expected 'char *' but argument is of type 'uint8_t *' {aka 'unsigned char *'}
../Core/Src/scheduler.c:65:16: warning: assignment to 'unsigned char' from 'char *' makes integer from pointer without a cast [-Wint-conversion]
   65 |    Return_code = "ERROR";
      |                ^
../Core/Src/scheduler.c:67:16: warning: assignment to 'unsigned char' from 'char *' makes integer from pointer without a cast [-Wint-conversion]
   67 |    Return_code = "OK";
      |                ^
../Core/Src/main.c: In function 'function_C':
../Core/Src/main.c:82:44: warning: incompatible implicit declaration of built-in function 'sprintf'
   82 |   HAL_UART_Transmit (& huart2, (void*)str, sprintf(str, "Executed function C\n"), 1000);
      |                                            ^~~~~~~
../Core/Src/main.c:82:44: note: include '<stdio.h>' or provide a declaration of 'sprintf'
../Core/Src/main.c:82:52: warning: pointer targets in passing argument 1 of 'sprintf' differ in signedness [-Wpointer-sign]
   82 |   HAL_UART_Transmit (& huart2, (void*)str, sprintf(str, "Executed function C\n"), 1000);
      |                                                    ^~~
      |                                                    |
      |                                                    uint8_t * {aka unsigned char *}
../Core/Src/main.c:82:52: note: expected 'char *' but argument is of type 'uint8_t *' {aka 'unsigned char *'}
../Core/Src/main.c: In function 'main':
../Core/Src/main.c:119:3: warning: implicit declaration of function 'SCH_Init' [-Wimplicit-function-declaration]
  119 |   SCH_Init();
      |   ^~~~~~~~
../Core/Src/main.c:126:16: error: 'function_B' undeclared (first use in this function); did you mean 'function_C'?
  126 |   SCH_Add_Task(function_B, 1, 0);
      |                ^~~~~~~~~~
      |                function_C
../Core/Src/main.c:126:16: note: each undeclared identifier is reported only once for each function it appears in
make: *** [Core/Src/subdir.mk:37: Core/Src/scheduler.o] Error 1
make: *** Waiting for unfinished jobs....
make: *** [Core/Src/subdir.mk:37: Core/Src/main.o] Error 1
"make -j8 all" terminated with exit code 2. Build might be incomplete.
09:47:14 **** Incremental Build of configuration Debug for project scheduler ****
make -j8 all 
arm-none-eabi-gcc "../Core/Src/main.c" -mcpu=cortex-m3 -std=gnu11 -g3 -DDEBUG -DUSE_HAL_DRIVER -DSTM32F103x6 -c -I../Core/Inc -I../Drivers/STM32F1xx_HAL_Driver/Inc -I../Drivers/STM32F1xx_HAL_Driver/Inc/Legacy -I../Drivers/CMSIS/Device/ST/STM32F1xx/Include -I../Drivers/CMSIS/Include -O0 -ffunction-sections -fdata-sections -Wall -fstack-usage -MMD -MP -MF"Core/Src/main.d" -MT"Core/Src/main.o" --specs=nano.specs -mfloat-abi=soft -mthumb -o "Core/Src/main.o"
arm-none-eabi-gcc "../Core/Src/scheduler.c" -mcpu=cortex-m3 -std=gnu11 -g3 -DDEBUG -DUSE_HAL_DRIVER -DSTM32F103x6 -c -I../Core/Inc -I../Drivers/STM32F1xx_HAL_Driver/Inc -I../Drivers/STM32F1xx_HAL_Driver/Inc/Legacy -I../Drivers/CMSIS/Device/ST/STM32F1xx/Include -I../Drivers/CMSIS/Include -O0 -ffunction-sections -fdata-sections -Wall -fstack-usage -MMD -MP -MF"Core/Src/scheduler.d" -MT"Core/Src/scheduler.o" --specs=nano.specs -mfloat-abi=soft -mthumb -o "Core/Src/scheduler.o"
../Core/Src/scheduler.c: In function 'SCH_Delete_Task':
../Core/Src/scheduler.c:65:16: warning: assignment to 'unsigned char' from 'char *' makes integer from pointer without a cast [-Wint-conversion]
   65 |    Return_code = "ERROR";
      |                ^
../Core/Src/main.c: In function 'function_A':
../Core/Src/scheduler.c:67:16: warning: assignment to 'unsigned char' from 'char *' makes integer from pointer without a cast [-Wint-conversion]
   67 |    Return_code = "OK";
      |                ^
../Core/Src/main.c:76:44: warning: implicit declaration of function 'sprintf' [-Wimplicit-function-declaration]
   76 |   HAL_UART_Transmit (& huart2, (void*)str, sprintf(str, "Executed function A\n"), 1000);
      |                                            ^~~~~~~
../Core/Src/main.c:76:44: warning: incompatible implicit declaration of built-in function 'sprintf'
../Core/Src/main.c:26:1: note: include '<stdio.h>' or provide a declaration of 'sprintf'
   25 | #include "scheduler.h"
  +++ |+#include <stdio.h>
   26 | /* USER CODE END Includes */
../Core/Src/main.c:76:52: warning: pointer targets in passing argument 1 of 'sprintf' differ in signedness [-Wpointer-sign]
   76 |   HAL_UART_Transmit (& huart2, (void*)str, sprintf(str, "Executed function A\n"), 1000);
      |                                                    ^~~
      |                                                    |
      |                                                    uint8_t * {aka unsigned char *}
../Core/Src/main.c:76:52: note: expected 'char *' but argument is of type 'uint8_t *' {aka 'unsigned char *'}
../Core/Src/main.c: In function 'funtcion_B':
../Core/Src/main.c:79:44: warning: incompatible implicit declaration of built-in function 'sprintf'
   79 |   HAL_UART_Transmit (& huart2, (void*)str, sprintf(str, "Executed function B\n"), 1000);
      |                                            ^~~~~~~
../Core/Src/main.c:79:44: note: include '<stdio.h>' or provide a declaration of 'sprintf'
../Core/Src/main.c:79:52: warning: pointer targets in passing argument 1 of 'sprintf' differ in signedness [-Wpointer-sign]
   79 |   HAL_UART_Transmit (& huart2, (void*)str, sprintf(str, "Executed function B\n"), 1000);
      |                                                    ^~~
      |                                                    |
      |                                                    uint8_t * {aka unsigned char *}
../Core/Src/main.c:79:52: note: expected 'char *' but argument is of type 'uint8_t *' {aka 'unsigned char *'}
../Core/Src/main.c: In function 'function_C':
../Core/Src/main.c:82:44: warning: incompatible implicit declaration of built-in function 'sprintf'
   82 |   HAL_UART_Transmit (& huart2, (void*)str, sprintf(str, "Executed function C\n"), 1000);
      |                                            ^~~~~~~
../Core/Src/main.c:82:44: note: include '<stdio.h>' or provide a declaration of 'sprintf'
../Core/Src/main.c:82:52: warning: pointer targets in passing argument 1 of 'sprintf' differ in signedness [-Wpointer-sign]
   82 |   HAL_UART_Transmit (& huart2, (void*)str, sprintf(str, "Executed function C\n"), 1000);
      |                                                    ^~~
      |                                                    |
      |                                                    uint8_t * {aka unsigned char *}
../Core/Src/main.c:82:52: note: expected 'char *' but argument is of type 'uint8_t *' {aka 'unsigned char *'}
../Core/Src/main.c: In function 'main':
../Core/Src/main.c:119:3: warning: implicit declaration of function 'SCH_Init' [-Wimplicit-function-declaration]
  119 |   SCH_Init();
      |   ^~~~~~~~
../Core/Src/main.c:126:16: error: 'function_B' undeclared (first use in this function); did you mean 'function_C'?
  126 |   SCH_Add_Task(function_B, 1, 0);
      |                ^~~~~~~~~~
      |                function_C
../Core/Src/main.c:126:16: note: each undeclared identifier is reported only once for each function it appears in
make: *** [Core/Src/subdir.mk:37: Core/Src/main.o] Error 1
make: *** Waiting for unfinished jobs....
"make -j8 all" terminated with exit code 2. Build might be incomplete.
09:47:44 **** Incremental Build of configuration Debug for project scheduler ****
make -j8 all 
arm-none-eabi-gcc "../Core/Src/main.c" -mcpu=cortex-m3 -std=gnu11 -g3 -DDEBUG -DUSE_HAL_DRIVER -DSTM32F103x6 -c -I../Core/Inc -I../Drivers/STM32F1xx_HAL_Driver/Inc -I../Drivers/STM32F1xx_HAL_Driver/Inc/Legacy -I../Drivers/CMSIS/Device/ST/STM32F1xx/Include -I../Drivers/CMSIS/Include -O0 -ffunction-sections -fdata-sections -Wall -fstack-usage -MMD -MP -MF"Core/Src/main.d" -MT"Core/Src/main.o" --specs=nano.specs -mfloat-abi=soft -mthumb -o "Core/Src/main.o"
../Core/Src/main.c: In function 'function_A':
../Core/Src/main.c:76:44: warning: implicit declaration of function 'sprintf' [-Wimplicit-function-declaration]
   76 |   HAL_UART_Transmit (& huart2, (void*)str, sprintf(str, "Executed function A\n"), 1000);
      |                                            ^~~~~~~
../Core/Src/main.c:76:44: warning: incompatible implicit declaration of built-in function 'sprintf'
../Core/Src/main.c:26:1: note: include '<stdio.h>' or provide a declaration of 'sprintf'
   25 | #include "scheduler.h"
  +++ |+#include <stdio.h>
   26 | /* USER CODE END Includes */
../Core/Src/main.c:76:52: warning: pointer targets in passing argument 1 of 'sprintf' differ in signedness [-Wpointer-sign]
   76 |   HAL_UART_Transmit (& huart2, (void*)str, sprintf(str, "Executed function A\n"), 1000);
      |                                                    ^~~
      |                                                    |
      |                                                    uint8_t * {aka unsigned char *}
../Core/Src/main.c:76:52: note: expected 'char *' but argument is of type 'uint8_t *' {aka 'unsigned char *'}
../Core/Src/main.c: In function 'function_B':
../Core/Src/main.c:79:44: warning: incompatible implicit declaration of built-in function 'sprintf'
   79 |   HAL_UART_Transmit (& huart2, (void*)str, sprintf(str, "Executed function B\n"), 1000);
      |                                            ^~~~~~~
../Core/Src/main.c:79:44: note: include '<stdio.h>' or provide a declaration of 'sprintf'
../Core/Src/main.c:79:52: warning: pointer targets in passing argument 1 of 'sprintf' differ in signedness [-Wpointer-sign]
   79 |   HAL_UART_Transmit (& huart2, (void*)str, sprintf(str, "Executed function B\n"), 1000);
      |                                                    ^~~
      |                                                    |
      |                                                    uint8_t * {aka unsigned char *}
../Core/Src/main.c:79:52: note: expected 'char *' but argument is of type 'uint8_t *' {aka 'unsigned char *'}
../Core/Src/main.c: In function 'function_C':
../Core/Src/main.c:82:44: warning: incompatible implicit declaration of built-in function 'sprintf'
   82 |   HAL_UART_Transmit (& huart2, (void*)str, sprintf(str, "Executed function C\n"), 1000);
      |                                            ^~~~~~~
../Core/Src/main.c:82:44: note: include '<stdio.h>' or provide a declaration of 'sprintf'
../Core/Src/main.c:82:52: warning: pointer targets in passing argument 1 of 'sprintf' differ in signedness [-Wpointer-sign]
   82 |   HAL_UART_Transmit (& huart2, (void*)str, sprintf(str, "Executed function C\n"), 1000);
      |                                                    ^~~
      |                                                    |
      |                                                    uint8_t * {aka unsigned char *}
../Core/Src/main.c:82:52: note: expected 'char *' but argument is of type 'uint8_t *' {aka 'unsigned char *'}
../Core/Src/main.c: In function 'main':
../Core/Src/main.c:119:3: warning: implicit declaration of function 'SCH_Init' [-Wimplicit-function-declaration]
  119 |   SCH_Init();
      |   ^~~~~~~~
arm-none-eabi-gcc -o "scheduler.elf" @"objects.list"   -mcpu=cortex-m3 -T"C:\Computer engineering study\3th year\Semester 1\Microprocessors-Microcontrollers\STM_workspace\lab5\scheduler\STM32F103C6UX_FLASH.ld" --specs=nosys.specs -Wl,-Map="scheduler.map" -Wl,--gc-sections -static --specs=nano.specs -mfloat-abi=soft -mthumb -Wl,--start-group -lc -lm -Wl,--end-group
c:\st\stm32cubeide_1.7.0\stm32cubeide\plugins\com.st.stm32cube.ide.mcu.externaltools.gnu-tools-for-stm32.9-2020-q2-update.win32_2.0.0.202105311346\tools\arm-none-eabi\bin\ld.exe: ./Core/Src/scheduler.o: in function `SCH_Add_Task':
C:/Computer engineering study/3th year/Semester 1/Microprocessors-Microcontrollers/STM_workspace/lab5/scheduler/Debug/../Core/Src/scheduler.c:34: undefined reference to `SCH_tasks_G'
c:\st\stm32cubeide_1.7.0\stm32cubeide\plugins\com.st.stm32cube.ide.mcu.externaltools.gnu-tools-for-stm32.9-2020-q2-update.win32_2.0.0.202105311346\tools\arm-none-eabi\bin\ld.exe: ./Core/Src/scheduler.o: in function `SCH_Dispatch_Tasks':
C:/Computer engineering study/3th year/Semester 1/Microprocessors-Microcontrollers/STM_workspace/lab5/scheduler/Debug/../Core/Src/scheduler.c:54: undefined reference to `SCH_tasks_G'
c:\st\stm32cubeide_1.7.0\stm32cubeide\plugins\com.st.stm32cube.ide.mcu.externaltools.gnu-tools-for-stm32.9-2020-q2-update.win32_2.0.0.202105311346\tools\arm-none-eabi\bin\ld.exe: ./Core/Src/scheduler.o: in function `SCH_Delete_Task':
C:/Computer engineering study/3th year/Semester 1/Microprocessors-Microcontrollers/STM_workspace/lab5/scheduler/Debug/../Core/Src/scheduler.c:76: undefined reference to `SCH_tasks_G'
c:\st\stm32cubeide_1.7.0\stm32cubeide\plugins\com.st.stm32cube.ide.mcu.externaltools.gnu-tools-for-stm32.9-2020-q2-update.win32_2.0.0.202105311346\tools\arm-none-eabi\bin\ld.exe: ./Core/Src/scheduler.o: in function `SCH_Update':
C:/Computer engineering study/3th year/Semester 1/Microprocessors-Microcontrollers/STM_workspace/lab5/scheduler/Debug/../Core/Src/scheduler.c:98: undefined reference to `SCH_tasks_G'
collect2.exe: error: ld returned 1 exit status
make: *** [makefile:65: scheduler.elf] Error 1
"make -j8 all" terminated with exit code 2. Build might be incomplete.
09:52:13 **** Incremental Build of configuration Debug for project scheduler ****
make -j8 all 
arm-none-eabi-gcc "../Core/Src/main.c" -mcpu=cortex-m3 -std=gnu11 -g3 -DDEBUG -DUSE_HAL_DRIVER -DSTM32F103x6 -c -I../Core/Inc -I../Drivers/STM32F1xx_HAL_Driver/Inc -I../Drivers/STM32F1xx_HAL_Driver/Inc/Legacy -I../Drivers/CMSIS/Device/ST/STM32F1xx/Include -I../Drivers/CMSIS/Include -O0 -ffunction-sections -fdata-sections -Wall -fstack-usage -MMD -MP -MF"Core/Src/main.d" -MT"Core/Src/main.o" --specs=nano.specs -mfloat-abi=soft -mthumb -o "Core/Src/main.o"
arm-none-eabi-gcc "../Core/Src/scheduler.c" -mcpu=cortex-m3 -std=gnu11 -g3 -DDEBUG -DUSE_HAL_DRIVER -DSTM32F103x6 -c -I../Core/Inc -I../Drivers/STM32F1xx_HAL_Driver/Inc -I../Drivers/STM32F1xx_HAL_Driver/Inc/Legacy -I../Drivers/CMSIS/Device/ST/STM32F1xx/Include -I../Drivers/CMSIS/Include -O0 -ffunction-sections -fdata-sections -Wall -fstack-usage -MMD -MP -MF"Core/Src/scheduler.d" -MT"Core/Src/scheduler.o" --specs=nano.specs -mfloat-abi=soft -mthumb -o "Core/Src/scheduler.o"
../Core/Src/main.c: In function 'function_A':
../Core/Src/main.c:76:44: warning: implicit declaration of function 'sprintf' [-Wimplicit-function-declaration]
   76 |   HAL_UART_Transmit (& huart2, (void*)str, sprintf(str, "Executed function A\n"), 1000);
      |                                            ^~~~~~~
../Core/Src/main.c:76:44: warning: incompatible implicit declaration of built-in function 'sprintf'
../Core/Src/main.c:26:1: note: include '<stdio.h>' or provide a declaration of 'sprintf'
   25 | #include "scheduler.h"
  +++ |+#include <stdio.h>
   26 | /* USER CODE END Includes */
../Core/Src/main.c:76:52: warning: pointer targets in passing argument 1 of 'sprintf' differ in signedness [-Wpointer-sign]
   76 |   HAL_UART_Transmit (& huart2, (void*)str, sprintf(str, "Executed function A\n"), 1000);
      |                                                    ^~~
      |                                                    |
      |                                                    uint8_t * {aka unsigned char *}
../Core/Src/main.c:76:52: note: expected 'char *' but argument is of type 'uint8_t *' {aka 'unsigned char *'}
../Core/Src/scheduler.c: In function 'SCH_Delete_Task':
../Core/Src/main.c: In function 'function_B':
../Core/Src/main.c:79:44: warning: incompatible implicit declaration of built-in function 'sprintf'
   79 |   HAL_UART_Transmit (& huart2, (void*)str, sprintf(str, "Executed function B\n"), 1000);
      |                                            ^~~~~~~
../Core/Src/main.c:79:44: note: include '<stdio.h>' or provide a declaration of 'sprintf'
../Core/Src/main.c:79:52: warning: pointer targets in passing argument 1 of 'sprintf' differ in signedness [-Wpointer-sign]
   79 |   HAL_UART_Transmit (& huart2, (void*)str, sprintf(str, "Executed function B\n"), 1000);
      |                                                    ^~~
      |                                                    |
      |                                                    uint8_t * {aka unsigned char *}
../Core/Src/main.c:79:52: note: expected 'char *' but argument is of type 'uint8_t *' {aka 'unsigned char *'}
../Core/Src/main.c: In function 'function_C':
../Core/Src/main.c:82:44: warning: incompatible implicit declaration of built-in function 'sprintf'
   82 |   HAL_UART_Transmit (& huart2, (void*)str, sprintf(str, "Executed function C\n"), 1000);
      |                                            ^~~~~~~
../Core/Src/main.c:82:44: note: include '<stdio.h>' or provide a declaration of 'sprintf'
../Core/Src/scheduler.c:65:16: warning: assignment to 'unsigned char' from 'char *' makes integer from pointer without a cast [-Wint-conversion]
   65 |    Return_code = "ERROR";
      |                ^
../Core/Src/scheduler.c:67:16: warning: assignment to 'unsigned char' from 'char *' makes integer from pointer without a cast [-Wint-conversion]
   67 |    Return_code = "OK";
      |                ^
../Core/Src/main.c:82:52: warning: pointer targets in passing argument 1 of 'sprintf' differ in signedness [-Wpointer-sign]
   82 |   HAL_UART_Transmit (& huart2, (void*)str, sprintf(str, "Executed function C\n"), 1000);
      |                                                    ^~~
      |                                                    |
      |                                                    uint8_t * {aka unsigned char *}
../Core/Src/main.c:82:52: note: expected 'char *' but argument is of type 'uint8_t *' {aka 'unsigned char *'}
arm-none-eabi-gcc -o "scheduler.elf" @"objects.list"   -mcpu=cortex-m3 -T"C:\Computer engineering study\3th year\Semester 1\Microprocessors-Microcontrollers\STM_workspace\lab5\scheduler\STM32F103C6UX_FLASH.ld" --specs=nosys.specs -Wl,-Map="scheduler.map" -Wl,--gc-sections -static --specs=nano.specs -mfloat-abi=soft -mthumb -Wl,--start-group -lc -lm -Wl,--end-group
c:\st\stm32cubeide_1.7.0\stm32cubeide\plugins\com.st.stm32cube.ide.mcu.externaltools.gnu-tools-for-stm32.9-2020-q2-update.win32_2.0.0.202105311346\tools\arm-none-eabi\bin\ld.exe: ./Core/Src/scheduler.o: in function `SCH_Add_Task':
C:/Computer engineering study/3th year/Semester 1/Microprocessors-Microcontrollers/STM_workspace/lab5/scheduler/Debug/../Core/Src/scheduler.c:34: undefined reference to `SCH_tasks_G'
c:\st\stm32cubeide_1.7.0\stm32cubeide\plugins\com.st.stm32cube.ide.mcu.externaltools.gnu-tools-for-stm32.9-2020-q2-update.win32_2.0.0.202105311346\tools\arm-none-eabi\bin\ld.exe: ./Core/Src/scheduler.o: in function `SCH_Dispatch_Tasks':
C:/Computer engineering study/3th year/Semester 1/Microprocessors-Microcontrollers/STM_workspace/lab5/scheduler/Debug/../Core/Src/scheduler.c:54: undefined reference to `SCH_tasks_G'
c:\st\stm32cubeide_1.7.0\stm32cubeide\plugins\com.st.stm32cube.ide.mcu.externaltools.gnu-tools-for-stm32.9-2020-q2-update.win32_2.0.0.202105311346\tools\arm-none-eabi\bin\ld.exe: ./Core/Src/scheduler.o: in function `SCH_Delete_Task':
C:/Computer engineering study/3th year/Semester 1/Microprocessors-Microcontrollers/STM_workspace/lab5/scheduler/Debug/../Core/Src/scheduler.c:76: undefined reference to `SCH_tasks_G'
c:\st\stm32cubeide_1.7.0\stm32cubeide\plugins\com.st.stm32cube.ide.mcu.externaltools.gnu-tools-for-stm32.9-2020-q2-update.win32_2.0.0.202105311346\tools\arm-none-eabi\bin\ld.exe: ./Core/Src/scheduler.o: in function `SCH_Update':
C:/Computer engineering study/3th year/Semester 1/Microprocessors-Microcontrollers/STM_workspace/lab5/scheduler/Debug/../Core/Src/scheduler.c:98: undefined reference to `SCH_tasks_G'
collect2.exe: error: ld returned 1 exit status
make: *** [makefile:65: scheduler.elf] Error 1
"make -j8 all" terminated with exit code 2. Build might be incomplete.
09:52:55 **** Incremental Build of configuration Debug for project scheduler ****
make -j8 all 
arm-none-eabi-gcc "../Core/Src/scheduler.c" -mcpu=cortex-m3 -std=gnu11 -g3 -DDEBUG -DUSE_HAL_DRIVER -DSTM32F103x6 -c -I../Core/Inc -I../Drivers/STM32F1xx_HAL_Driver/Inc -I../Drivers/STM32F1xx_HAL_Driver/Inc/Legacy -I../Drivers/CMSIS/Device/ST/STM32F1xx/Include -I../Drivers/CMSIS/Include -O0 -ffunction-sections -fdata-sections -Wall -fstack-usage -MMD -MP -MF"Core/Src/scheduler.d" -MT"Core/Src/scheduler.o" --specs=nano.specs -mfloat-abi=soft -mthumb -o "Core/Src/scheduler.o"
arm-none-eabi-gcc -o "scheduler.elf" @"objects.list"   -mcpu=cortex-m3 -T"C:\Computer engineering study\3th year\Semester 1\Microprocessors-Microcontrollers\STM_workspace\lab5\scheduler\STM32F103C6UX_FLASH.ld" --specs=nosys.specs -Wl,-Map="scheduler.map" -Wl,--gc-sections -static --specs=nano.specs -mfloat-abi=soft -mthumb -Wl,--start-group -lc -lm -Wl,--end-group
c:\st\stm32cubeide_1.7.0\stm32cubeide\plugins\com.st.stm32cube.ide.mcu.externaltools.gnu-tools-for-stm32.9-2020-q2-update.win32_2.0.0.202105311346\tools\arm-none-eabi\bin\ld.exe: ./Core/Src/scheduler.o: in function `SCH_Add_Task':
C:/Computer engineering study/3th year/Semester 1/Microprocessors-Microcontrollers/STM_workspace/lab5/scheduler/Debug/../Core/Src/scheduler.c:34: undefined reference to `SCH_tasks_G'
c:\st\stm32cubeide_1.7.0\stm32cubeide\plugins\com.st.stm32cube.ide.mcu.externaltools.gnu-tools-for-stm32.9-2020-q2-update.win32_2.0.0.202105311346\tools\arm-none-eabi\bin\ld.exe: ./Core/Src/scheduler.o: in function `SCH_Dispatch_Tasks':
C:/Computer engineering study/3th year/Semester 1/Microprocessors-Microcontrollers/STM_workspace/lab5/scheduler/Debug/../Core/Src/scheduler.c:54: undefined reference to `SCH_tasks_G'
c:\st\stm32cubeide_1.7.0\stm32cubeide\plugins\com.st.stm32cube.ide.mcu.externaltools.gnu-tools-for-stm32.9-2020-q2-update.win32_2.0.0.202105311346\tools\arm-none-eabi\bin\ld.exe: ./Core/Src/scheduler.o: in function `SCH_Delete_Task':
C:/Computer engineering study/3th year/Semester 1/Microprocessors-Microcontrollers/STM_workspace/lab5/scheduler/Debug/../Core/Src/scheduler.c:76: undefined reference to `SCH_tasks_G'
c:\st\stm32cubeide_1.7.0\stm32cubeide\plugins\com.st.stm32cube.ide.mcu.externaltools.gnu-tools-for-stm32.9-2020-q2-update.win32_2.0.0.202105311346\tools\arm-none-eabi\bin\ld.exe: ./Core/Src/scheduler.o: in function `SCH_Update':
C:/Computer engineering study/3th year/Semester 1/Microprocessors-Microcontrollers/STM_workspace/lab5/scheduler/Debug/../Core/Src/scheduler.c:98: undefined reference to `SCH_tasks_G'
collect2.exe: error: ld returned 1 exit status
make: *** [makefile:65: scheduler.elf] Error 1
"make -j8 all" terminated with exit code 2. Build might be incomplete.
09:54:14 **** Incremental Build of configuration Debug for project scheduler ****
make -j8 all 
arm-none-eabi-gcc "../Core/Src/scheduler.c" -mcpu=cortex-m3 -std=gnu11 -g3 -DDEBUG -DUSE_HAL_DRIVER -DSTM32F103x6 -c -I../Core/Inc -I../Drivers/STM32F1xx_HAL_Driver/Inc -I../Drivers/STM32F1xx_HAL_Driver/Inc/Legacy -I../Drivers/CMSIS/Device/ST/STM32F1xx/Include -I../Drivers/CMSIS/Include -O0 -ffunction-sections -fdata-sections -Wall -fstack-usage -MMD -MP -MF"Core/Src/scheduler.d" -MT"Core/Src/scheduler.o" --specs=nano.specs -mfloat-abi=soft -mthumb -o "Core/Src/scheduler.o"
arm-none-eabi-gcc -o "scheduler.elf" @"objects.list"   -mcpu=cortex-m3 -T"C:\Computer engineering study\3th year\Semester 1\Microprocessors-Microcontrollers\STM_workspace\lab5\scheduler\STM32F103C6UX_FLASH.ld" --specs=nosys.specs -Wl,-Map="scheduler.map" -Wl,--gc-sections -static --specs=nano.specs -mfloat-abi=soft -mthumb -Wl,--start-group -lc -lm -Wl,--end-group
c:\st\stm32cubeide_1.7.0\stm32cubeide\plugins\com.st.stm32cube.ide.mcu.externaltools.gnu-tools-for-stm32.9-2020-q2-update.win32_2.0.0.202105311346\tools\arm-none-eabi\bin\ld.exe: ./Core/Src/scheduler.o: in function `SCH_Add_Task':
C:/Computer engineering study/3th year/Semester 1/Microprocessors-Microcontrollers/STM_workspace/lab5/scheduler/Debug/../Core/Src/scheduler.c:36: undefined reference to `SCH_tasks_G'
c:\st\stm32cubeide_1.7.0\stm32cubeide\plugins\com.st.stm32cube.ide.mcu.externaltools.gnu-tools-for-stm32.9-2020-q2-update.win32_2.0.0.202105311346\tools\arm-none-eabi\bin\ld.exe: ./Core/Src/scheduler.o: in function `SCH_Dispatch_Tasks':
C:/Computer engineering study/3th year/Semester 1/Microprocessors-Microcontrollers/STM_workspace/lab5/scheduler/Debug/../Core/Src/scheduler.c:56: undefined reference to `SCH_tasks_G'
c:\st\stm32cubeide_1.7.0\stm32cubeide\plugins\com.st.stm32cube.ide.mcu.externaltools.gnu-tools-for-stm32.9-2020-q2-update.win32_2.0.0.202105311346\tools\arm-none-eabi\bin\ld.exe: ./Core/Src/scheduler.o: in function `SCH_Delete_Task':
C:/Computer engineering study/3th year/Semester 1/Microprocessors-Microcontrollers/STM_workspace/lab5/scheduler/Debug/../Core/Src/scheduler.c:78: undefined reference to `SCH_tasks_G'
c:\st\stm32cubeide_1.7.0\stm32cubeide\plugins\com.st.stm32cube.ide.mcu.externaltools.gnu-tools-for-stm32.9-2020-q2-update.win32_2.0.0.202105311346\tools\arm-none-eabi\bin\ld.exe: ./Core/Src/scheduler.o: in function `SCH_Update':
C:/Computer engineering study/3th year/Semester 1/Microprocessors-Microcontrollers/STM_workspace/lab5/scheduler/Debug/../Core/Src/scheduler.c:100: undefined reference to `SCH_tasks_G'
c:\st\stm32cubeide_1.7.0\stm32cubeide\plugins\com.st.stm32cube.ide.mcu.externaltools.gnu-tools-for-stm32.9-2020-q2-update.win32_2.0.0.202105311346\tools\arm-none-eabi\bin\ld.exe: ./Core/Src/scheduler.o: in function `SCH_Init':
C:/Computer engineering study/3th year/Semester 1/Microprocessors-Microcontrollers/STM_workspace/lab5/scheduler/Debug/../Core/Src/scheduler.c:117: undefined reference to `SCH_tasks_G'
collect2.exe: error: ld returned 1 exit status
make: *** [makefile:65: scheduler.elf] Error 1
"make -j8 all" terminated with exit code 2. Build might be incomplete.
09:58:03 **** Incremental Build of configuration Debug for project scheduler ****
make -j8 all 
arm-none-eabi-gcc "../Core/Src/scheduler.c" -mcpu=cortex-m3 -std=gnu11 -g3 -DDEBUG -DUSE_HAL_DRIVER -DSTM32F103x6 -c -I../Core/Inc -I../Drivers/STM32F1xx_HAL_Driver/Inc -I../Drivers/STM32F1xx_HAL_Driver/Inc/Legacy -I../Drivers/CMSIS/Device/ST/STM32F1xx/Include -I../Drivers/CMSIS/Include -O0 -ffunction-sections -fdata-sections -Wall -fstack-usage -MMD -MP -MF"Core/Src/scheduler.d" -MT"Core/Src/scheduler.o" --specs=nano.specs -mfloat-abi=soft -mthumb -o "Core/Src/scheduler.o"
../Core/Src/scheduler.c:12:1: error: expected identifier or '(' before 'for'
   12 | for(i = 0; i < SCH_MAX_TASKS; i++){
      | ^~~
../Core/Src/scheduler.c:12:14: error: expected '=', ',', ';', 'asm' or '__attribute__' before '<' token
   12 | for(i = 0; i < SCH_MAX_TASKS; i++){
      |              ^
../Core/Src/scheduler.c:12:32: error: expected '=', ',', ';', 'asm' or '__attribute__' before '++' token
   12 | for(i = 0; i < SCH_MAX_TASKS; i++){
      |                                ^~
make: *** [Core/Src/subdir.mk:37: Core/Src/scheduler.o] Error 1
"make -j8 all" terminated with exit code 2. Build might be incomplete.
09:59:42 **** Incremental Build of configuration Debug for project scheduler ****
make -j8 all 
arm-none-eabi-gcc "../Core/Src/scheduler.c" -mcpu=cortex-m3 -std=gnu11 -g3 -DDEBUG -DUSE_HAL_DRIVER -DSTM32F103x6 -c -I../Core/Inc -I../Drivers/STM32F1xx_HAL_Driver/Inc -I../Drivers/STM32F1xx_HAL_Driver/Inc/Legacy -I../Drivers/CMSIS/Device/ST/STM32F1xx/Include -I../Drivers/CMSIS/Include -O0 -ffunction-sections -fdata-sections -Wall -fstack-usage -MMD -MP -MF"Core/Src/scheduler.d" -MT"Core/Src/scheduler.o" --specs=nano.specs -mfloat-abi=soft -mthumb -o "Core/Src/scheduler.o"
../Core/Src/scheduler.c:12:1: error: expected identifier or '(' before 'for'
   12 | for(i = 0; i < SCH_MAX_TASKSl i++){
      | ^~~
../Core/Src/scheduler.c:12:14: error: expected '=', ',', ';', 'asm' or '__attribute__' before '<' token
   12 | for(i = 0; i < SCH_MAX_TASKSl i++){
      |              ^
../Core/Src/scheduler.c:20:1: error: expected identifier or '(' before 'for'
   20 | for(i = 0; i < SCH_MAX_TASKS; i++) {
      | ^~~
../Core/Src/scheduler.c:20:14: error: expected '=', ',', ';', 'asm' or '__attribute__' before '<' token
   20 | for(i = 0; i < SCH_MAX_TASKS; i++) {
      |              ^
../Core/Src/scheduler.c:20:32: error: expected '=', ',', ';', 'asm' or '__attribute__' before '++' token
   20 | for(i = 0; i < SCH_MAX_TASKS; i++) {
      |                                ^~
make: *** [Core/Src/subdir.mk:37: Core/Src/scheduler.o] Error 1
"make -j8 all" terminated with exit code 2. Build might be incomplete.
10:00:13 **** Incremental Build of configuration Debug for project scheduler ****
make -j8 all 
arm-none-eabi-gcc "../Core/Src/scheduler.c" -mcpu=cortex-m3 -std=gnu11 -g3 -DDEBUG -DUSE_HAL_DRIVER -DSTM32F103x6 -c -I../Core/Inc -I../Drivers/STM32F1xx_HAL_Driver/Inc -I../Drivers/STM32F1xx_HAL_Driver/Inc/Legacy -I../Drivers/CMSIS/Device/ST/STM32F1xx/Include -I../Drivers/CMSIS/Include -O0 -ffunction-sections -fdata-sections -Wall -fstack-usage -MMD -MP -MF"Core/Src/scheduler.d" -MT"Core/Src/scheduler.o" --specs=nano.specs -mfloat-abi=soft -mthumb -o "Core/Src/scheduler.o"
../Core/Src/scheduler.c:12:1: error: expected identifier or '(' before 'for'
   12 | for(i = 0; i < SCH_MAX_TASKS; i++){
      | ^~~
../Core/Src/scheduler.c:12:14: error: expected '=', ',', ';', 'asm' or '__attribute__' before '<' token
   12 | for(i = 0; i < SCH_MAX_TASKS; i++){
      |              ^
../Core/Src/scheduler.c:12:32: error: expected '=', ',', ';', 'asm' or '__attribute__' before '++' token
   12 | for(i = 0; i < SCH_MAX_TASKS; i++){
      |                                ^~
../Core/Src/scheduler.c:20:1: error: expected identifier or '(' before 'for'
   20 | for(i = 0; i < SCH_MAX_TASKS; i++) {
      | ^~~
../Core/Src/scheduler.c:20:14: error: expected '=', ',', ';', 'asm' or '__attribute__' before '<' token
   20 | for(i = 0; i < SCH_MAX_TASKS; i++) {
      |              ^
../Core/Src/scheduler.c:20:32: error: expected '=', ',', ';', 'asm' or '__attribute__' before '++' token
   20 | for(i = 0; i < SCH_MAX_TASKS; i++) {
      |                                ^~
make: *** [Core/Src/subdir.mk:37: Core/Src/scheduler.o] Error 1
"make -j8 all" terminated with exit code 2. Build might be incomplete.
10:02:20 **** Incremental Build of configuration Debug for project scheduler ****
make -j8 all 
arm-none-eabi-gcc "../Core/Src/scheduler.c" -mcpu=cortex-m3 -std=gnu11 -g3 -DDEBUG -DUSE_HAL_DRIVER -DSTM32F103x6 -c -I../Core/Inc -I../Drivers/STM32F1xx_HAL_Driver/Inc -I../Drivers/STM32F1xx_HAL_Driver/Inc/Legacy -I../Drivers/CMSIS/Device/ST/STM32F1xx/Include -I../Drivers/CMSIS/Include -O0 -ffunction-sections -fdata-sections -Wall -fstack-usage -MMD -MP -MF"Core/Src/scheduler.d" -MT"Core/Src/scheduler.o" --specs=nano.specs -mfloat-abi=soft -mthumb -o "Core/Src/scheduler.o"
../Core/Src/scheduler.c:12:1: error: expected identifier or '(' before 'for'
   12 | for(int j = 0; j < 30; j++){
      | ^~~
../Core/Src/scheduler.c:12:18: error: expected '=', ',', ';', 'asm' or '__attribute__' before '<' token
   12 | for(int j = 0; j < 30; j++){
      |                  ^
../Core/Src/scheduler.c:12:25: error: expected '=', ',', ';', 'asm' or '__attribute__' before '++' token
   12 | for(int j = 0; j < 30; j++){
      |                         ^~
make: *** [Core/Src/subdir.mk:37: Core/Src/scheduler.o] Error 1
"make -j8 all" terminated with exit code 2. Build might be incomplete.
10:02:50 **** Incremental Build of configuration Debug for project scheduler ****
make -j8 all 
arm-none-eabi-gcc "../Core/Src/scheduler.c" -mcpu=cortex-m3 -std=gnu11 -g3 -DDEBUG -DUSE_HAL_DRIVER -DSTM32F103x6 -c -I../Core/Inc -I../Drivers/STM32F1xx_HAL_Driver/Inc -I../Drivers/STM32F1xx_HAL_Driver/Inc/Legacy -I../Drivers/CMSIS/Device/ST/STM32F1xx/Include -I../Drivers/CMSIS/Include -O0 -ffunction-sections -fdata-sections -Wall -fstack-usage -MMD -MP -MF"Core/Src/scheduler.d" -MT"Core/Src/scheduler.o" --specs=nano.specs -mfloat-abi=soft -mthumb -o "Core/Src/scheduler.o"
arm-none-eabi-gcc -o "scheduler.elf" @"objects.list"   -mcpu=cortex-m3 -T"C:\Computer engineering study\3th year\Semester 1\Microprocessors-Microcontrollers\STM_workspace\lab5\scheduler\STM32F103C6UX_FLASH.ld" --specs=nosys.specs -Wl,-Map="scheduler.map" -Wl,--gc-sections -static --specs=nano.specs -mfloat-abi=soft -mthumb -Wl,--start-group -lc -lm -Wl,--end-group
c:\st\stm32cubeide_1.7.0\stm32cubeide\plugins\com.st.stm32cube.ide.mcu.externaltools.gnu-tools-for-stm32.9-2020-q2-update.win32_2.0.0.202105311346\tools\arm-none-eabi\bin\ld.exe: ./Core/Src/scheduler.o: in function `SCH_Add_Task':
C:/Computer engineering study/3th year/Semester 1/Microprocessors-Microcontrollers/STM_workspace/lab5/scheduler/Debug/../Core/Src/scheduler.c:34: undefined reference to `SCH_tasks_G'
c:\st\stm32cubeide_1.7.0\stm32cubeide\plugins\com.st.stm32cube.ide.mcu.externaltools.gnu-tools-for-stm32.9-2020-q2-update.win32_2.0.0.202105311346\tools\arm-none-eabi\bin\ld.exe: ./Core/Src/scheduler.o: in function `SCH_Dispatch_Tasks':
C:/Computer engineering study/3th year/Semester 1/Microprocessors-Microcontrollers/STM_workspace/lab5/scheduler/Debug/../Core/Src/scheduler.c:54: undefined reference to `SCH_tasks_G'
c:\st\stm32cubeide_1.7.0\stm32cubeide\plugins\com.st.stm32cube.ide.mcu.externaltools.gnu-tools-for-stm32.9-2020-q2-update.win32_2.0.0.202105311346\tools\arm-none-eabi\bin\ld.exe: ./Core/Src/scheduler.o: in function `SCH_Delete_Task':
C:/Computer engineering study/3th year/Semester 1/Microprocessors-Microcontrollers/STM_workspace/lab5/scheduler/Debug/../Core/Src/scheduler.c:76: undefined reference to `SCH_tasks_G'
c:\st\stm32cubeide_1.7.0\stm32cubeide\plugins\com.st.stm32cube.ide.mcu.externaltools.gnu-tools-for-stm32.9-2020-q2-update.win32_2.0.0.202105311346\tools\arm-none-eabi\bin\ld.exe: ./Core/Src/scheduler.o: in function `SCH_Update':
C:/Computer engineering study/3th year/Semester 1/Microprocessors-Microcontrollers/STM_workspace/lab5/scheduler/Debug/../Core/Src/scheduler.c:98: undefined reference to `SCH_tasks_G'
collect2.exe: error: ld returned 1 exit status
make: *** [makefile:65: scheduler.elf] Error 1
"make -j8 all" terminated with exit code 2. Build might be incomplete.
10:04:05 **** Incremental Build of configuration Debug for project scheduler ****
make -j8 all 
arm-none-eabi-gcc "../Core/Src/scheduler.c" -mcpu=cortex-m3 -std=gnu11 -g3 -DDEBUG -DUSE_HAL_DRIVER -DSTM32F103x6 -c -I../Core/Inc -I../Drivers/STM32F1xx_HAL_Driver/Inc -I../Drivers/STM32F1xx_HAL_Driver/Inc/Legacy -I../Drivers/CMSIS/Device/ST/STM32F1xx/Include -I../Drivers/CMSIS/Include -O0 -ffunction-sections -fdata-sections -Wall -fstack-usage -MMD -MP -MF"Core/Src/scheduler.d" -MT"Core/Src/scheduler.o" --specs=nano.specs -mfloat-abi=soft -mthumb -o "Core/Src/scheduler.o"
../Core/Src/scheduler.c:11:1: warning: data definition has no type or storage class
   11 | SCH_Init();
      | ^~~~~~~~
../Core/Src/scheduler.c:11:1: warning: type defaults to 'int' in declaration of 'SCH_Init' [-Wimplicit-int]
../Core/Src/scheduler.c:11:1: error: conflicting types for 'SCH_Init'
In file included from ../Core/Src/scheduler.c:9:
../Core/Inc/scheduler.h:30:6: note: previous declaration of 'SCH_Init' was here
   30 | void SCH_Init(void);
      |      ^~~~~~~~
../Core/Src/scheduler.c: In function 'SCH_Init':
../Core/Src/scheduler.c:106:26: error: 'pFunction' undeclared (first use in this function)
  106 |   SCH_tasks_G[i].pTask = pFunction;
      |                          ^~~~~~~~~
../Core/Src/scheduler.c:106:26: note: each undeclared identifier is reported only once for each function it appears in
../Core/Src/scheduler.c:107:26: error: 'DELAY' undeclared (first use in this function)
  107 |   SCH_tasks_G[i].Delay = DELAY;
      |                          ^~~~~
../Core/Src/scheduler.c:108:27: error: 'PERIOD' undeclared (first use in this function)
  108 |   SCH_tasks_G[i].Period = PERIOD;
      |                           ^~~~~~
make: *** [Core/Src/subdir.mk:37: Core/Src/scheduler.o] Error 1
"make -j8 all" terminated with exit code 2. Build might be incomplete.
10:04:59 **** Incremental Build of configuration Debug for project scheduler ****
make -j8 all 
arm-none-eabi-gcc "../Core/Src/scheduler.c" -mcpu=cortex-m3 -std=gnu11 -g3 -DDEBUG -DUSE_HAL_DRIVER -DSTM32F103x6 -c -I../Core/Inc -I../Drivers/STM32F1xx_HAL_Driver/Inc -I../Drivers/STM32F1xx_HAL_Driver/Inc/Legacy -I../Drivers/CMSIS/Device/ST/STM32F1xx/Include -I../Drivers/CMSIS/Include -O0 -ffunction-sections -fdata-sections -Wall -fstack-usage -MMD -MP -MF"Core/Src/scheduler.d" -MT"Core/Src/scheduler.o" --specs=nano.specs -mfloat-abi=soft -mthumb -o "Core/Src/scheduler.o"
../Core/Src/scheduler.c:28:1: warning: data definition has no type or storage class
   28 | SCH_Init();
      | ^~~~~~~~
../Core/Src/scheduler.c:28:1: warning: type defaults to 'int' in declaration of 'SCH_Init' [-Wimplicit-int]
../Core/Src/scheduler.c:28:1: error: conflicting types for 'SCH_Init'
../Core/Src/scheduler.c:11:6: note: previous definition of 'SCH_Init' was here
   11 | void SCH_Init(void) {
      |      ^~~~~~~~
make: *** [Core/Src/subdir.mk:37: Core/Src/scheduler.o] Error 1
"make -j8 all" terminated with exit code 2. Build might be incomplete.
10:05:25 **** Incremental Build of configuration Debug for project scheduler ****
make -j8 all 
arm-none-eabi-gcc "../Core/Src/scheduler.c" -mcpu=cortex-m3 -std=gnu11 -g3 -DDEBUG -DUSE_HAL_DRIVER -DSTM32F103x6 -c -I../Core/Inc -I../Drivers/STM32F1xx_HAL_Driver/Inc -I../Drivers/STM32F1xx_HAL_Driver/Inc/Legacy -I../Drivers/CMSIS/Device/ST/STM32F1xx/Include -I../Drivers/CMSIS/Include -O0 -ffunction-sections -fdata-sections -Wall -fstack-usage -MMD -MP -MF"Core/Src/scheduler.d" -MT"Core/Src/scheduler.o" --specs=nano.specs -mfloat-abi=soft -mthumb -o "Core/Src/scheduler.o"
arm-none-eabi-gcc -o "scheduler.elf" @"objects.list"   -mcpu=cortex-m3 -T"C:\Computer engineering study\3th year\Semester 1\Microprocessors-Microcontrollers\STM_workspace\lab5\scheduler\STM32F103C6UX_FLASH.ld" --specs=nosys.specs -Wl,-Map="scheduler.map" -Wl,--gc-sections -static --specs=nano.specs -mfloat-abi=soft -mthumb -Wl,--start-group -lc -lm -Wl,--end-group
c:\st\stm32cubeide_1.7.0\stm32cubeide\plugins\com.st.stm32cube.ide.mcu.externaltools.gnu-tools-for-stm32.9-2020-q2-update.win32_2.0.0.202105311346\tools\arm-none-eabi\bin\ld.exe: ./Core/Src/scheduler.o: in function `SCH_Init':
C:/Computer engineering study/3th year/Semester 1/Microprocessors-Microcontrollers/STM_workspace/lab5/scheduler/Debug/../Core/Src/scheduler.c:26: undefined reference to `SCH_tasks_G'
c:\st\stm32cubeide_1.7.0\stm32cubeide\plugins\com.st.stm32cube.ide.mcu.externaltools.gnu-tools-for-stm32.9-2020-q2-update.win32_2.0.0.202105311346\tools\arm-none-eabi\bin\ld.exe: ./Core/Src/scheduler.o: in function `SCH_Add_Task':
C:/Computer engineering study/3th year/Semester 1/Microprocessors-Microcontrollers/STM_workspace/lab5/scheduler/Debug/../Core/Src/scheduler.c:51: undefined reference to `SCH_tasks_G'
c:\st\stm32cubeide_1.7.0\stm32cubeide\plugins\com.st.stm32cube.ide.mcu.externaltools.gnu-tools-for-stm32.9-2020-q2-update.win32_2.0.0.202105311346\tools\arm-none-eabi\bin\ld.exe: ./Core/Src/scheduler.o: in function `SCH_Dispatch_Tasks':
C:/Computer engineering study/3th year/Semester 1/Microprocessors-Microcontrollers/STM_workspace/lab5/scheduler/Debug/../Core/Src/scheduler.c:71: undefined reference to `SCH_tasks_G'
c:\st\stm32cubeide_1.7.0\stm32cubeide\plugins\com.st.stm32cube.ide.mcu.externaltools.gnu-tools-for-stm32.9-2020-q2-update.win32_2.0.0.202105311346\tools\arm-none-eabi\bin\ld.exe: ./Core/Src/scheduler.o: in function `SCH_Delete_Task':
C:/Computer engineering study/3th year/Semester 1/Microprocessors-Microcontrollers/STM_workspace/lab5/scheduler/Debug/../Core/Src/scheduler.c:93: undefined reference to `SCH_tasks_G'
c:\st\stm32cubeide_1.7.0\stm32cubeide\plugins\com.st.stm32cube.ide.mcu.externaltools.gnu-tools-for-stm32.9-2020-q2-update.win32_2.0.0.202105311346\tools\arm-none-eabi\bin\ld.exe: ./Core/Src/scheduler.o: in function `SCH_Update':
C:/Computer engineering study/3th year/Semester 1/Microprocessors-Microcontrollers/STM_workspace/lab5/scheduler/Debug/../Core/Src/scheduler.c:115: undefined reference to `SCH_tasks_G'
collect2.exe: error: ld returned 1 exit status
make: *** [makefile:65: scheduler.elf] Error 1
"make -j8 all" terminated with exit code 2. Build might be incomplete.
10:06:11 **** Incremental Build of configuration Debug for project scheduler ****
make -j8 all 
arm-none-eabi-gcc "../Core/Src/main.c" -mcpu=cortex-m3 -std=gnu11 -g3 -DDEBUG -DUSE_HAL_DRIVER -DSTM32F103x6 -c -I../Core/Inc -I../Drivers/STM32F1xx_HAL_Driver/Inc -I../Drivers/STM32F1xx_HAL_Driver/Inc/Legacy -I../Drivers/CMSIS/Device/ST/STM32F1xx/Include -I../Drivers/CMSIS/Include -O0 -ffunction-sections -fdata-sections -Wall -fstack-usage -MMD -MP -MF"Core/Src/main.d" -MT"Core/Src/main.o" --specs=nano.specs -mfloat-abi=soft -mthumb -o "Core/Src/main.o"
arm-none-eabi-gcc "../Core/Src/scheduler.c" -mcpu=cortex-m3 -std=gnu11 -g3 -DDEBUG -DUSE_HAL_DRIVER -DSTM32F103x6 -c -I../Core/Inc -I../Drivers/STM32F1xx_HAL_Driver/Inc -I../Drivers/STM32F1xx_HAL_Driver/Inc/Legacy -I../Drivers/CMSIS/Device/ST/STM32F1xx/Include -I../Drivers/CMSIS/Include -O0 -ffunction-sections -fdata-sections -Wall -fstack-usage -MMD -MP -MF"Core/Src/scheduler.d" -MT"Core/Src/scheduler.o" --specs=nano.specs -mfloat-abi=soft -mthumb -o "Core/Src/scheduler.o"
In file included from ../Core/Src/main.c:25:
../Core/Inc/scheduler.h:24:1: warning: useless storage class specifier in empty declaration
   24 | };
      | ^
../Core/Inc/scheduler.h:26:8: error: unknown type name 'sTask'
   26 | extern sTask SCH_tasks_G[SCH_MAX_TASKS];
      |        ^~~~~
../Core/Src/main.c: In function 'function_A':
../Core/Src/main.c:76:44: warning: implicit declaration of function 'sprintf' [-Wimplicit-function-declaration]
   76 |   HAL_UART_Transmit (& huart2, (void*)str, sprintf(str, "Executed function A\n"), 1000);
      |                                            ^~~~~~~
../Core/Src/main.c:76:44: warning: incompatible implicit declaration of built-in function 'sprintf'
../Core/Src/main.c:26:1: note: include '<stdio.h>' or provide a declaration of 'sprintf'
   25 | #include "scheduler.h"
  +++ |+#include <stdio.h>
   26 | /* USER CODE END Includes */
../Core/Src/main.c:76:52: warning: pointer targets in passing argument 1 of 'sprintf' differ in signedness [-Wpointer-sign]
   76 |   HAL_UART_Transmit (& huart2, (void*)str, sprintf(str, "Executed function A\n"), 1000);
      |                                                    ^~~
      |                                                    |
      |                                                    uint8_t * {aka unsigned char *}
../Core/Src/main.c:76:52: note: expected 'char *' but argument is of type 'uint8_t *' {aka 'unsigned char *'}
In file included from ../Core/Src/scheduler.c:9:
../Core/Inc/scheduler.h:24:1: warning: useless storage class specifier in empty declaration
   24 | };
      | ^
../Core/Inc/scheduler.h:26:8: error: unknown type name 'sTask'
   26 | extern sTask SCH_tasks_G[SCH_MAX_TASKS];
      |        ^~~~~
../Core/Src/main.c: In function 'function_B':
../Core/Src/main.c:79:44: warning: incompatible implicit declaration of built-in function 'sprintf'
   79 |   HAL_UART_Transmit (& huart2, (void*)str, sprintf(str, "Executed function B\n"), 1000);
      |                                            ^~~~~~~
../Core/Src/main.c:79:44: note: include '<stdio.h>' or provide a declaration of 'sprintf'
../Core/Src/scheduler.c: In function 'SCH_Init':
../Core/Src/main.c:79:52: warning: pointer targets in passing argument 1 of 'sprintf' differ in signedness [-Wpointer-sign]
   79 |   HAL_UART_Transmit (& huart2, (void*)str, sprintf(str, "Executed function B\n"), 1000);
      |                                                    ^~~
      |                                                    |
      |                                                    uint8_t * {aka unsigned char *}
../Core/Src/main.c:79:52: note: expected 'char *' but argument is of type 'uint8_t *' {aka 'unsigned char *'}
../Core/Src/main.c: In function 'function_C':
../Core/Src/scheduler.c:15:17: error: request for member 'pTask' in something not a structure or union
   15 |   SCH_tasks_G[i].pTask = NULL;
      |                 ^
../Core/Src/main.c:82:44: warning: incompatible implicit declaration of built-in function 'sprintf'
   82 |   HAL_UART_Transmit (& huart2, (void*)str, sprintf(str, "Executed function C\n"), 1000);
      |                                            ^~~~~~~
../Core/Src/main.c:82:44: note: include '<stdio.h>' or provide a declaration of 'sprintf'
../Core/Src/main.c:82:52: warning: pointer targets in passing argument 1 of 'sprintf' differ in signedness [-Wpointer-sign]
   82 |   HAL_UART_Transmit (& huart2, (void*)str, sprintf(str, "Executed function C\n"), 1000);
      |                                                    ^~~
      |                                                    |
      |                                                    uint8_t * {aka unsigned char *}
../Core/Src/main.c:82:52: note: expected 'char *' but argument is of type 'uint8_t *' {aka 'unsigned char *'}
../Core/Src/scheduler.c:16:17: error: request for member 'Delay' in something not a structure or union
   16 |   SCH_tasks_G[i].Delay = 0;
      |                 ^
../Core/Src/scheduler.c:17:17: error: request for member 'Period' in something not a structure or union
   17 |   SCH_tasks_G[i].Period = 0;
      |                 ^
../Core/Src/scheduler.c:18:17: error: request for member 'RunMe' in something not a structure or union
   18 |   SCH_tasks_G[i].RunMe = 0;
      |                 ^
../Core/Src/scheduler.c: In function 'SCH_Add_Task':
../Core/Src/scheduler.c:31:27: error: request for member 'pTask' in something not a structure or union
   31 |  while((SCH_tasks_G[Index].pTask != 0) && (Index < SCH_MAX_TASKS)) {
      |                           ^
../Core/Src/scheduler.c:44:20: error: request for member 'pTask' in something not a structure or union
   44 |  SCH_tasks_G[Index].pTask = pFunction;
      |                    ^
../Core/Src/scheduler.c:45:20: error: request for member 'Delay' in something not a structure or union
   45 |  SCH_tasks_G[Index].Delay = DELAY;
      |                    ^
../Core/Src/scheduler.c:46:20: error: request for member 'Period' in something not a structure or union
   46 |  SCH_tasks_G[Index].Period = PERIOD;
      |                    ^
../Core/Src/scheduler.c:47:20: error: request for member 'RunMe' in something not a structure or union
   47 |  SCH_tasks_G[Index].RunMe = 0;
      |                    ^
../Core/Src/scheduler.c: In function 'SCH_Dispatch_Tasks':
../Core/Src/scheduler.c:57:24: error: request for member 'RunMe' in something not a structure or union
   57 |   if(SCH_tasks_G[Index].RunMe > 0) {
      |                        ^
../Core/Src/scheduler.c:58:24: error: request for member 'pTask' in something not a structure or union
   58 |    (*SCH_tasks_G[Index].pTask)(); // Run the task
      |                        ^
../Core/Src/scheduler.c:59:22: error: request for member 'RunMe' in something not a structure or union
   59 |    SCH_tasks_G[Index].RunMe -= 1; // Reset / reduce RunMe flag
      |                      ^
../Core/Src/scheduler.c: In function 'SCH_Delete_Task':
../Core/Src/scheduler.c:75:24: error: request for member 'pTask' in something not a structure or union
   75 |  if(SCH_tasks_G[taskID].pTask == 0) {
      |                        ^
../Core/Src/scheduler.c:87:21: error: request for member 'pTask' in something not a structure or union
   87 |  SCH_tasks_G[taskID].pTask = NULL;
      |                     ^
../Core/Src/scheduler.c:88:21: error: request for member 'Delay' in something not a structure or union
   88 |  SCH_tasks_G[taskID].Delay = 0;
      |                     ^
../Core/Src/scheduler.c:89:21: error: request for member 'Period' in something not a structure or union
   89 |  SCH_tasks_G[taskID].Period = 0;
      |                     ^
make: *** [Core/Src/subdir.mk:37: Core/Src/main.o] Error 1
make: *** Waiting for unfinished jobs....
../Core/Src/scheduler.c:90:21: error: request for member 'RunMe' in something not a structure or union
   90 |  SCH_tasks_G[taskID].RunMe = 0;
      |                     ^
../Core/Src/scheduler.c: In function 'SCH_Update':
../Core/Src/scheduler.c:100:24: error: request for member 'pTask' in something not a structure or union
  100 |   if(SCH_tasks_G[Index].pTask) {
      |                        ^
../Core/Src/scheduler.c:101:25: error: request for member 'Delay' in something not a structure or union
  101 |    if(SCH_tasks_G[Index].Delay == 0) {
      |                         ^
../Core/Src/scheduler.c:104:23: error: request for member 'RunMe' in something not a structure or union
  104 |     SCH_tasks_G[Index].RunMe += 1;
      |                       ^
../Core/Src/scheduler.c:105:26: error: request for member 'Period' in something not a structure or union
  105 |     if(SCH_tasks_G[Index].Period) {
      |                          ^
../Core/Src/scheduler.c:107:24: error: request for member 'Delay' in something not a structure or union
  107 |      SCH_tasks_G[Index].Delay = SCH_tasks_G[Index].Period;
      |                        ^
../Core/Src/scheduler.c:107:51: error: request for member 'Period' in something not a structure or union
  107 |      SCH_tasks_G[Index].Delay = SCH_tasks_G[Index].Period;
      |                                                   ^
../Core/Src/scheduler.c:111:23: error: request for member 'Delay' in something not a structure or union
  111 |     SCH_tasks_G[Index].Delay -= 1;
      |                       ^
make: *** [Core/Src/subdir.mk:37: Core/Src/scheduler.o] Error 1
"make -j8 all" terminated with exit code 2. Build might be incomplete.
10:06:31 **** Incremental Build of configuration Debug for project scheduler ****
make -j8 all 
arm-none-eabi-gcc "../Core/Src/main.c" -mcpu=cortex-m3 -std=gnu11 -g3 -DDEBUG -DUSE_HAL_DRIVER -DSTM32F103x6 -c -I../Core/Inc -I../Drivers/STM32F1xx_HAL_Driver/Inc -I../Drivers/STM32F1xx_HAL_Driver/Inc/Legacy -I../Drivers/CMSIS/Device/ST/STM32F1xx/Include -I../Drivers/CMSIS/Include -O0 -ffunction-sections -fdata-sections -Wall -fstack-usage -MMD -MP -MF"Core/Src/main.d" -MT"Core/Src/main.o" --specs=nano.specs -mfloat-abi=soft -mthumb -o "Core/Src/main.o"
arm-none-eabi-gcc "../Core/Src/scheduler.c" -mcpu=cortex-m3 -std=gnu11 -g3 -DDEBUG -DUSE_HAL_DRIVER -DSTM32F103x6 -c -I../Core/Inc -I../Drivers/STM32F1xx_HAL_Driver/Inc -I../Drivers/STM32F1xx_HAL_Driver/Inc/Legacy -I../Drivers/CMSIS/Device/ST/STM32F1xx/Include -I../Drivers/CMSIS/Include -O0 -ffunction-sections -fdata-sections -Wall -fstack-usage -MMD -MP -MF"Core/Src/scheduler.d" -MT"Core/Src/scheduler.o" --specs=nano.specs -mfloat-abi=soft -mthumb -o "Core/Src/scheduler.o"
../Core/Src/main.c: In function 'function_A':
../Core/Src/main.c:76:44: warning: implicit declaration of function 'sprintf' [-Wimplicit-function-declaration]
   76 |   HAL_UART_Transmit (& huart2, (void*)str, sprintf(str, "Executed function A\n"), 1000);
      |                                            ^~~~~~~
../Core/Src/main.c:76:44: warning: incompatible implicit declaration of built-in function 'sprintf'
../Core/Src/main.c:26:1: note: include '<stdio.h>' or provide a declaration of 'sprintf'
   25 | #include "scheduler.h"
  +++ |+#include <stdio.h>
   26 | /* USER CODE END Includes */
../Core/Src/main.c:76:52: warning: pointer targets in passing argument 1 of 'sprintf' differ in signedness [-Wpointer-sign]
   76 |   HAL_UART_Transmit (& huart2, (void*)str, sprintf(str, "Executed function A\n"), 1000);
      |                                                    ^~~
      |                                                    |
      |                                                    uint8_t * {aka unsigned char *}
../Core/Src/main.c:76:52: note: expected 'char *' but argument is of type 'uint8_t *' {aka 'unsigned char *'}
../Core/Src/main.c: In function 'function_B':
../Core/Src/main.c:79:44: warning: incompatible implicit declaration of built-in function 'sprintf'
   79 |   HAL_UART_Transmit (& huart2, (void*)str, sprintf(str, "Executed function B\n"), 1000);
      |                                            ^~~~~~~
../Core/Src/main.c:79:44: note: include '<stdio.h>' or provide a declaration of 'sprintf'
../Core/Src/main.c:79:52: warning: pointer targets in passing argument 1 of 'sprintf' differ in signedness [-Wpointer-sign]
   79 |   HAL_UART_Transmit (& huart2, (void*)str, sprintf(str, "Executed function B\n"), 1000);
      |                                                    ^~~
      |                                                    |
      |                                                    uint8_t * {aka unsigned char *}
../Core/Src/main.c:79:52: note: expected 'char *' but argument is of type 'uint8_t *' {aka 'unsigned char *'}
../Core/Src/main.c: In function 'function_C':
../Core/Src/main.c:82:44: warning: incompatible implicit declaration of built-in function 'sprintf'
   82 |   HAL_UART_Transmit (& huart2, (void*)str, sprintf(str, "Executed function C\n"), 1000);
      |                                            ^~~~~~~
../Core/Src/main.c:82:44: note: include '<stdio.h>' or provide a declaration of 'sprintf'
../Core/Src/main.c:82:52: warning: pointer targets in passing argument 1 of 'sprintf' differ in signedness [-Wpointer-sign]
   82 |   HAL_UART_Transmit (& huart2, (void*)str, sprintf(str, "Executed function C\n"), 1000);
      |                                                    ^~~
      |                                                    |
      |                                                    uint8_t * {aka unsigned char *}
../Core/Src/main.c:82:52: note: expected 'char *' but argument is of type 'uint8_t *' {aka 'unsigned char *'}
arm-none-eabi-gcc -o "scheduler.elf" @"objects.list"   -mcpu=cortex-m3 -T"C:\Computer engineering study\3th year\Semester 1\Microprocessors-Microcontrollers\STM_workspace\lab5\scheduler\STM32F103C6UX_FLASH.ld" --specs=nosys.specs -Wl,-Map="scheduler.map" -Wl,--gc-sections -static --specs=nano.specs -mfloat-abi=soft -mthumb -Wl,--start-group -lc -lm -Wl,--end-group
c:\st\stm32cubeide_1.7.0\stm32cubeide\plugins\com.st.stm32cube.ide.mcu.externaltools.gnu-tools-for-stm32.9-2020-q2-update.win32_2.0.0.202105311346\tools\arm-none-eabi\bin\ld.exe: ./Core/Src/scheduler.o: in function `SCH_Init':
C:/Computer engineering study/3th year/Semester 1/Microprocessors-Microcontrollers/STM_workspace/lab5/scheduler/Debug/../Core/Src/scheduler.c:26: undefined reference to `SCH_tasks_G'
c:\st\stm32cubeide_1.7.0\stm32cubeide\plugins\com.st.stm32cube.ide.mcu.externaltools.gnu-tools-for-stm32.9-2020-q2-update.win32_2.0.0.202105311346\tools\arm-none-eabi\bin\ld.exe: ./Core/Src/scheduler.o: in function `SCH_Add_Task':
C:/Computer engineering study/3th year/Semester 1/Microprocessors-Microcontrollers/STM_workspace/lab5/scheduler/Debug/../Core/Src/scheduler.c:51: undefined reference to `SCH_tasks_G'
c:\st\stm32cubeide_1.7.0\stm32cubeide\plugins\com.st.stm32cube.ide.mcu.externaltools.gnu-tools-for-stm32.9-2020-q2-update.win32_2.0.0.202105311346\tools\arm-none-eabi\bin\ld.exe: ./Core/Src/scheduler.o: in function `SCH_Dispatch_Tasks':
C:/Computer engineering study/3th year/Semester 1/Microprocessors-Microcontrollers/STM_workspace/lab5/scheduler/Debug/../Core/Src/scheduler.c:71: undefined reference to `SCH_tasks_G'
c:\st\stm32cubeide_1.7.0\stm32cubeide\plugins\com.st.stm32cube.ide.mcu.externaltools.gnu-tools-for-stm32.9-2020-q2-update.win32_2.0.0.202105311346\tools\arm-none-eabi\bin\ld.exe: ./Core/Src/scheduler.o: in function `SCH_Delete_Task':
C:/Computer engineering study/3th year/Semester 1/Microprocessors-Microcontrollers/STM_workspace/lab5/scheduler/Debug/../Core/Src/scheduler.c:93: undefined reference to `SCH_tasks_G'
c:\st\stm32cubeide_1.7.0\stm32cubeide\plugins\com.st.stm32cube.ide.mcu.externaltools.gnu-tools-for-stm32.9-2020-q2-update.win32_2.0.0.202105311346\tools\arm-none-eabi\bin\ld.exe: ./Core/Src/scheduler.o: in function `SCH_Update':
C:/Computer engineering study/3th year/Semester 1/Microprocessors-Microcontrollers/STM_workspace/lab5/scheduler/Debug/../Core/Src/scheduler.c:115: undefined reference to `SCH_tasks_G'
collect2.exe: error: ld returned 1 exit status
make: *** [makefile:65: scheduler.elf] Error 1
"make -j8 all" terminated with exit code 2. Build might be incomplete.
10:07:29 **** Incremental Build of configuration Debug for project scheduler ****
make -j8 all 
arm-none-eabi-gcc "../Core/Src/scheduler.c" -mcpu=cortex-m3 -std=gnu11 -g3 -DDEBUG -DUSE_HAL_DRIVER -DSTM32F103x6 -c -I../Core/Inc -I../Drivers/STM32F1xx_HAL_Driver/Inc -I../Drivers/STM32F1xx_HAL_Driver/Inc/Legacy -I../Drivers/CMSIS/Device/ST/STM32F1xx/Include -I../Drivers/CMSIS/Include -O0 -ffunction-sections -fdata-sections -Wall -fstack-usage -MMD -MP -MF"Core/Src/scheduler.d" -MT"Core/Src/scheduler.o" --specs=nano.specs -mfloat-abi=soft -mthumb -o "Core/Src/scheduler.o"
arm-none-eabi-gcc -o "scheduler.elf" @"objects.list"   -mcpu=cortex-m3 -T"C:\Computer engineering study\3th year\Semester 1\Microprocessors-Microcontrollers\STM_workspace\lab5\scheduler\STM32F103C6UX_FLASH.ld" --specs=nosys.specs -Wl,-Map="scheduler.map" -Wl,--gc-sections -static --specs=nano.specs -mfloat-abi=soft -mthumb -Wl,--start-group -lc -lm -Wl,--end-group
c:\st\stm32cubeide_1.7.0\stm32cubeide\plugins\com.st.stm32cube.ide.mcu.externaltools.gnu-tools-for-stm32.9-2020-q2-update.win32_2.0.0.202105311346\tools\arm-none-eabi\bin\ld.exe: ./Core/Src/scheduler.o: in function `SCH_Add_Task':
C:/Computer engineering study/3th year/Semester 1/Microprocessors-Microcontrollers/STM_workspace/lab5/scheduler/Debug/../Core/Src/scheduler.c:48: undefined reference to `SCH_tasks_G'
c:\st\stm32cubeide_1.7.0\stm32cubeide\plugins\com.st.stm32cube.ide.mcu.externaltools.gnu-tools-for-stm32.9-2020-q2-update.win32_2.0.0.202105311346\tools\arm-none-eabi\bin\ld.exe: ./Core/Src/scheduler.o: in function `SCH_Dispatch_Tasks':
C:/Computer engineering study/3th year/Semester 1/Microprocessors-Microcontrollers/STM_workspace/lab5/scheduler/Debug/../Core/Src/scheduler.c:68: undefined reference to `SCH_tasks_G'
c:\st\stm32cubeide_1.7.0\stm32cubeide\plugins\com.st.stm32cube.ide.mcu.externaltools.gnu-tools-for-stm32.9-2020-q2-update.win32_2.0.0.202105311346\tools\arm-none-eabi\bin\ld.exe: ./Core/Src/scheduler.o: in function `SCH_Delete_Task':
C:/Computer engineering study/3th year/Semester 1/Microprocessors-Microcontrollers/STM_workspace/lab5/scheduler/Debug/../Core/Src/scheduler.c:90: undefined reference to `SCH_tasks_G'
c:\st\stm32cubeide_1.7.0\stm32cubeide\plugins\com.st.stm32cube.ide.mcu.externaltools.gnu-tools-for-stm32.9-2020-q2-update.win32_2.0.0.202105311346\tools\arm-none-eabi\bin\ld.exe: ./Core/Src/scheduler.o: in function `SCH_Update':
C:/Computer engineering study/3th year/Semester 1/Microprocessors-Microcontrollers/STM_workspace/lab5/scheduler/Debug/../Core/Src/scheduler.c:112: undefined reference to `SCH_tasks_G'
collect2.exe: error: ld returned 1 exit status
make: *** [makefile:65: scheduler.elf] Error 1
"make -j8 all" terminated with exit code 2. Build might be incomplete.
10:07:54 **** Incremental Build of configuration Debug for project scheduler ****
make -j8 all 
arm-none-eabi-gcc "../Core/Src/main.c" -mcpu=cortex-m3 -std=gnu11 -g3 -DDEBUG -DUSE_HAL_DRIVER -DSTM32F103x6 -c -I../Core/Inc -I../Drivers/STM32F1xx_HAL_Driver/Inc -I../Drivers/STM32F1xx_HAL_Driver/Inc/Legacy -I../Drivers/CMSIS/Device/ST/STM32F1xx/Include -I../Drivers/CMSIS/Include -O0 -ffunction-sections -fdata-sections -Wall -fstack-usage -MMD -MP -MF"Core/Src/main.d" -MT"Core/Src/main.o" --specs=nano.specs -mfloat-abi=soft -mthumb -o "Core/Src/main.o"
arm-none-eabi-gcc "../Core/Src/scheduler.c" -mcpu=cortex-m3 -std=gnu11 -g3 -DDEBUG -DUSE_HAL_DRIVER -DSTM32F103x6 -c -I../Core/Inc -I../Drivers/STM32F1xx_HAL_Driver/Inc -I../Drivers/STM32F1xx_HAL_Driver/Inc/Legacy -I../Drivers/CMSIS/Device/ST/STM32F1xx/Include -I../Drivers/CMSIS/Include -O0 -ffunction-sections -fdata-sections -Wall -fstack-usage -MMD -MP -MF"Core/Src/scheduler.d" -MT"Core/Src/scheduler.o" --specs=nano.specs -mfloat-abi=soft -mthumb -o "Core/Src/scheduler.o"
../Core/Src/main.c: In function 'function_A':
../Core/Src/main.c:76:44: warning: implicit declaration of function 'sprintf' [-Wimplicit-function-declaration]
   76 |   HAL_UART_Transmit (& huart2, (void*)str, sprintf(str, "Executed function A\n"), 1000);
      |                                            ^~~~~~~
../Core/Src/main.c:76:44: warning: incompatible implicit declaration of built-in function 'sprintf'
../Core/Src/main.c:26:1: note: include '<stdio.h>' or provide a declaration of 'sprintf'
   25 | #include "scheduler.h"
  +++ |+#include <stdio.h>
   26 | /* USER CODE END Includes */
../Core/Src/main.c:76:52: warning: pointer targets in passing argument 1 of 'sprintf' differ in signedness [-Wpointer-sign]
   76 |   HAL_UART_Transmit (& huart2, (void*)str, sprintf(str, "Executed function A\n"), 1000);
      |                                                    ^~~
      |                                                    |
      |                                                    uint8_t * {aka unsigned char *}
../Core/Src/main.c:76:52: note: expected 'char *' but argument is of type 'uint8_t *' {aka 'unsigned char *'}
../Core/Src/main.c: In function 'function_B':
../Core/Src/main.c:79:44: warning: incompatible implicit declaration of built-in function 'sprintf'
   79 |   HAL_UART_Transmit (& huart2, (void*)str, sprintf(str, "Executed function B\n"), 1000);
      |                                            ^~~~~~~
../Core/Src/main.c:79:44: note: include '<stdio.h>' or provide a declaration of 'sprintf'
../Core/Src/main.c:79:52: warning: pointer targets in passing argument 1 of 'sprintf' differ in signedness [-Wpointer-sign]
   79 |   HAL_UART_Transmit (& huart2, (void*)str, sprintf(str, "Executed function B\n"), 1000);
      |                                                    ^~~
      |                                                    |
      |                                                    uint8_t * {aka unsigned char *}
../Core/Src/main.c:79:52: note: expected 'char *' but argument is of type 'uint8_t *' {aka 'unsigned char *'}
../Core/Src/main.c: In function 'function_C':
../Core/Src/main.c:82:44: warning: incompatible implicit declaration of built-in function 'sprintf'
   82 |   HAL_UART_Transmit (& huart2, (void*)str, sprintf(str, "Executed function C\n"), 1000);
      |                                            ^~~~~~~
../Core/Src/main.c:82:44: note: include '<stdio.h>' or provide a declaration of 'sprintf'
../Core/Src/main.c:82:52: warning: pointer targets in passing argument 1 of 'sprintf' differ in signedness [-Wpointer-sign]
   82 |   HAL_UART_Transmit (& huart2, (void*)str, sprintf(str, "Executed function C\n"), 1000);
      |                                                    ^~~
      |                                                    |
      |                                                    uint8_t * {aka unsigned char *}
../Core/Src/main.c:82:52: note: expected 'char *' but argument is of type 'uint8_t *' {aka 'unsigned char *'}
arm-none-eabi-gcc -o "scheduler.elf" @"objects.list"   -mcpu=cortex-m3 -T"C:\Computer engineering study\3th year\Semester 1\Microprocessors-Microcontrollers\STM_workspace\lab5\scheduler\STM32F103C6UX_FLASH.ld" --specs=nosys.specs -Wl,-Map="scheduler.map" -Wl,--gc-sections -static --specs=nano.specs -mfloat-abi=soft -mthumb -Wl,--start-group -lc -lm -Wl,--end-group
Finished building target: scheduler.elf
 
arm-none-eabi-size   scheduler.elf 
arm-none-eabi-objdump -h -S  scheduler.elf  > "scheduler.list"
arm-none-eabi-objcopy  -O binary  scheduler.elf  "scheduler.bin"
   text	   data	    bss	    dec	    hex	filename
  15908	    120	   2624	  18652	   48dc	scheduler.elf
Finished building: default.size.stdout
 
Finished building: scheduler.bin
 
Finished building: scheduler.list
 
10:08:40 **** Incremental Build of configuration Debug for project scheduler ****
make -j8 all 
arm-none-eabi-gcc -o "scheduler.elf" @"objects.list"   -mcpu=cortex-m3 -T"C:\Computer engineering study\3th year\Semester 1\Microprocessors-Microcontrollers\STM_workspace\lab5\scheduler\STM32F103C6UX_FLASH.ld" --specs=nosys.specs -Wl,-Map="scheduler.map" -Wl,--gc-sections -static --specs=nano.specs -mfloat-abi=soft -mthumb -Wl,--start-group -lc -lm -Wl,--end-group
Finished building target: scheduler.elf
 
arm-none-eabi-size   scheduler.elf 
arm-none-eabi-objdump -h -S  scheduler.elf  > "scheduler.list"
arm-none-eabi-objcopy  -O ihex  scheduler.elf  "scheduler.hex"
   text	   data	    bss	    dec	    hex	filename
  15908	    120	   2624	  18652	   48dc	scheduler.elf
arm-none-eabi-objcopy  -O binary  scheduler.elf  "scheduler.bin"
Finished building: default.size.stdout
 
Finished building: scheduler.hex
Finished building: scheduler.bin
 
 
Finished building: scheduler.list
 
22:17:31 **** Build of configuration Debug for project scheduler ****
make -j8 all 
arm-none-eabi-gcc "../Core/Src/main.c" -mcpu=cortex-m3 -std=gnu11 -g3 -DDEBUG -DUSE_HAL_DRIVER -DSTM32F103x6 -c -I../Core/Inc -I../Drivers/STM32F1xx_HAL_Driver/Inc -I../Drivers/STM32F1xx_HAL_Driver/Inc/Legacy -I../Drivers/CMSIS/Device/ST/STM32F1xx/Include -I../Drivers/CMSIS/Include -O0 -ffunction-sections -fdata-sections -Wall -fstack-usage -MMD -MP -MF"Core/Src/main.d" -MT"Core/Src/main.o" --specs=nano.specs -mfloat-abi=soft -mthumb -o "Core/Src/main.o"
../Core/Src/main.c: In function 'function_A':
../Core/Src/main.c:76:44: warning: implicit declaration of function 'sprintf' [-Wimplicit-function-declaration]
   76 |   HAL_UART_Transmit (& huart2, (void*)str, sprintf(str, "Executed function A\n"), 1000);
      |                                            ^~~~~~~
../Core/Src/main.c:76:44: warning: incompatible implicit declaration of built-in function 'sprintf'
../Core/Src/main.c:26:1: note: include '<stdio.h>' or provide a declaration of 'sprintf'
   25 | #include "scheduler.h"
  +++ |+#include <stdio.h>
   26 | /* USER CODE END Includes */
../Core/Src/main.c:76:52: warning: pointer targets in passing argument 1 of 'sprintf' differ in signedness [-Wpointer-sign]
   76 |   HAL_UART_Transmit (& huart2, (void*)str, sprintf(str, "Executed function A\n"), 1000);
      |                                                    ^~~
      |                                                    |
      |                                                    uint8_t * {aka unsigned char *}
../Core/Src/main.c:76:52: note: expected 'char *' but argument is of type 'uint8_t *' {aka 'unsigned char *'}
../Core/Src/main.c: In function 'function_B':
../Core/Src/main.c:79:44: warning: incompatible implicit declaration of built-in function 'sprintf'
   79 |   HAL_UART_Transmit (& huart2, (void*)str, sprintf(str, "Executed function B\n"), 1000);
      |                                            ^~~~~~~
../Core/Src/main.c:79:44: note: include '<stdio.h>' or provide a declaration of 'sprintf'
../Core/Src/main.c:79:52: warning: pointer targets in passing argument 1 of 'sprintf' differ in signedness [-Wpointer-sign]
   79 |   HAL_UART_Transmit (& huart2, (void*)str, sprintf(str, "Executed function B\n"), 1000);
      |                                                    ^~~
      |                                                    |
      |                                                    uint8_t * {aka unsigned char *}
../Core/Src/main.c:79:52: note: expected 'char *' but argument is of type 'uint8_t *' {aka 'unsigned char *'}
../Core/Src/main.c: In function 'function_C':
../Core/Src/main.c:82:44: warning: incompatible implicit declaration of built-in function 'sprintf'
   82 |   HAL_UART_Transmit (& huart2, (void*)str, sprintf(str, "Executed function C\n"), 1000);
      |                                            ^~~~~~~
../Core/Src/main.c:82:44: note: include '<stdio.h>' or provide a declaration of 'sprintf'
../Core/Src/main.c:82:52: warning: pointer targets in passing argument 1 of 'sprintf' differ in signedness [-Wpointer-sign]
   82 |   HAL_UART_Transmit (& huart2, (void*)str, sprintf(str, "Executed function C\n"), 1000);
      |                                                    ^~~
      |                                                    |
      |                                                    uint8_t * {aka unsigned char *}
../Core/Src/main.c:82:52: note: expected 'char *' but argument is of type 'uint8_t *' {aka 'unsigned char *'}
arm-none-eabi-gcc -o "scheduler.elf" @"objects.list"   -mcpu=cortex-m3 -T"C:\Computer engineering study\3th year\Semester 1\Microprocessors-Microcontrollers\STM_workspace\lab5\scheduler\STM32F103C6UX_FLASH.ld" --specs=nosys.specs -Wl,-Map="scheduler.map" -Wl,--gc-sections -static --specs=nano.specs -mfloat-abi=soft -mthumb -Wl,--start-group -lc -lm -Wl,--end-group
Finished building target: scheduler.elf
 
arm-none-eabi-size   scheduler.elf 
arm-none-eabi-objdump -h -S  scheduler.elf  > "scheduler.list"
arm-none-eabi-objcopy  -O ihex  scheduler.elf  "scheduler.hex"
   text	   data	    bss	    dec	    hex	filename
  15916	    120	   2624	  18660	   48e4	scheduler.elf
arm-none-eabi-objcopy  -O binary  scheduler.elf  "scheduler.bin"
Finished building: default.size.stdout
 
Finished building: scheduler.bin
Finished building: scheduler.hex
 
 
Finished building: scheduler.list
 
22:26:27 **** Incremental Build of configuration Debug for project scheduler ****
make -j8 all 
arm-none-eabi-gcc "../Core/Src/main.c" -mcpu=cortex-m3 -std=gnu11 -g3 -DDEBUG -DUSE_HAL_DRIVER -DSTM32F103x6 -c -I../Core/Inc -I../Drivers/STM32F1xx_HAL_Driver/Inc -I../Drivers/STM32F1xx_HAL_Driver/Inc/Legacy -I../Drivers/CMSIS/Device/ST/STM32F1xx/Include -I../Drivers/CMSIS/Include -O0 -ffunction-sections -fdata-sections -Wall -fstack-usage -MMD -MP -MF"Core/Src/main.d" -MT"Core/Src/main.o" --specs=nano.specs -mfloat-abi=soft -mthumb -o "Core/Src/main.o"
../Core/Src/main.c: In function 'function_A':
../Core/Src/main.c:76:44: warning: implicit declaration of function 'sprintf' [-Wimplicit-function-declaration]
   76 |   HAL_UART_Transmit (& huart2, (void*)str, sprintf(str, "Executed function A\n"), 1000);
      |                                            ^~~~~~~
../Core/Src/main.c:76:44: warning: incompatible implicit declaration of built-in function 'sprintf'
../Core/Src/main.c:26:1: note: include '<stdio.h>' or provide a declaration of 'sprintf'
   25 | #include "scheduler.h"
  +++ |+#include <stdio.h>
   26 | /* USER CODE END Includes */
../Core/Src/main.c:76:52: warning: pointer targets in passing argument 1 of 'sprintf' differ in signedness [-Wpointer-sign]
   76 |   HAL_UART_Transmit (& huart2, (void*)str, sprintf(str, "Executed function A\n"), 1000);
      |                                                    ^~~
      |                                                    |
      |                                                    uint8_t * {aka unsigned char *}
../Core/Src/main.c:76:52: note: expected 'char *' but argument is of type 'uint8_t *' {aka 'unsigned char *'}
../Core/Src/main.c: In function 'function_B':
../Core/Src/main.c:79:44: warning: incompatible implicit declaration of built-in function 'sprintf'
   79 |   HAL_UART_Transmit (& huart2, (void*)str, sprintf(str, "Executed function B\n"), 1000);
      |                                            ^~~~~~~
../Core/Src/main.c:79:44: note: include '<stdio.h>' or provide a declaration of 'sprintf'
../Core/Src/main.c:79:52: warning: pointer targets in passing argument 1 of 'sprintf' differ in signedness [-Wpointer-sign]
   79 |   HAL_UART_Transmit (& huart2, (void*)str, sprintf(str, "Executed function B\n"), 1000);
      |                                                    ^~~
      |                                                    |
      |                                                    uint8_t * {aka unsigned char *}
../Core/Src/main.c:79:52: note: expected 'char *' but argument is of type 'uint8_t *' {aka 'unsigned char *'}
../Core/Src/main.c: In function 'function_C':
../Core/Src/main.c:82:44: warning: incompatible implicit declaration of built-in function 'sprintf'
   82 |   HAL_UART_Transmit (& huart2, (void*)str, sprintf(str, "Executed function C\n"), 1000);
      |                                            ^~~~~~~
../Core/Src/main.c:82:44: note: include '<stdio.h>' or provide a declaration of 'sprintf'
../Core/Src/main.c:82:52: warning: pointer targets in passing argument 1 of 'sprintf' differ in signedness [-Wpointer-sign]
   82 |   HAL_UART_Transmit (& huart2, (void*)str, sprintf(str, "Executed function C\n"), 1000);
      |                                                    ^~~
      |                                                    |
      |                                                    uint8_t * {aka unsigned char *}
../Core/Src/main.c:82:52: note: expected 'char *' but argument is of type 'uint8_t *' {aka 'unsigned char *'}
arm-none-eabi-gcc -o "scheduler.elf" @"objects.list"   -mcpu=cortex-m3 -T"C:\Computer engineering study\3th year\Semester 1\Microprocessors-Microcontrollers\STM_workspace\lab5\scheduler\STM32F103C6UX_FLASH.ld" --specs=nosys.specs -Wl,-Map="scheduler.map" -Wl,--gc-sections -static --specs=nano.specs -mfloat-abi=soft -mthumb -Wl,--start-group -lc -lm -Wl,--end-group
Finished building target: scheduler.elf
 
arm-none-eabi-size   scheduler.elf 
arm-none-eabi-objdump -h -S  scheduler.elf  > "scheduler.list"
arm-none-eabi-objcopy  -O ihex  scheduler.elf  "scheduler.hex"
   text	   data	    bss	    dec	    hex	filename
  15916	    120	   2624	  18660	   48e4	scheduler.elf
arm-none-eabi-objcopy  -O binary  scheduler.elf  "scheduler.bin"
Finished building: default.size.stdout
 
Finished building: scheduler.hex
Finished building: scheduler.bin
 
 
Finished building: scheduler.list
 
22:30:18 **** Incremental Build of configuration Debug for project scheduler ****
make -j8 all 
arm-none-eabi-gcc "../Core/Src/main.c" -mcpu=cortex-m3 -std=gnu11 -g3 -DDEBUG -DUSE_HAL_DRIVER -DSTM32F103x6 -c -I../Core/Inc -I../Drivers/STM32F1xx_HAL_Driver/Inc -I../Drivers/STM32F1xx_HAL_Driver/Inc/Legacy -I../Drivers/CMSIS/Device/ST/STM32F1xx/Include -I../Drivers/CMSIS/Include -O0 -ffunction-sections -fdata-sections -Wall -fstack-usage -MMD -MP -MF"Core/Src/main.d" -MT"Core/Src/main.o" --specs=nano.specs -mfloat-abi=soft -mthumb -o "Core/Src/main.o"
../Core/Src/main.c: In function 'function_A':
../Core/Src/main.c:76:44: warning: implicit declaration of function 'sprintf' [-Wimplicit-function-declaration]
   76 |   HAL_UART_Transmit (& huart2, (void*)str, sprintf(str, "Executed function A\n"), 1000);
      |                                            ^~~~~~~
../Core/Src/main.c:76:44: warning: incompatible implicit declaration of built-in function 'sprintf'
../Core/Src/main.c:26:1: note: include '<stdio.h>' or provide a declaration of 'sprintf'
   25 | #include "scheduler.h"
  +++ |+#include <stdio.h>
   26 | /* USER CODE END Includes */
../Core/Src/main.c:76:52: warning: pointer targets in passing argument 1 of 'sprintf' differ in signedness [-Wpointer-sign]
   76 |   HAL_UART_Transmit (& huart2, (void*)str, sprintf(str, "Executed function A\n"), 1000);
      |                                                    ^~~
      |                                                    |
      |                                                    uint8_t * {aka unsigned char *}
../Core/Src/main.c:76:52: note: expected 'char *' but argument is of type 'uint8_t *' {aka 'unsigned char *'}
../Core/Src/main.c: In function 'function_B':
../Core/Src/main.c:79:44: warning: incompatible implicit declaration of built-in function 'sprintf'
   79 |   HAL_UART_Transmit (& huart2, (void*)str, sprintf(str, "Executed function B\n"), 1000);
      |                                            ^~~~~~~
../Core/Src/main.c:79:44: note: include '<stdio.h>' or provide a declaration of 'sprintf'
../Core/Src/main.c:79:52: warning: pointer targets in passing argument 1 of 'sprintf' differ in signedness [-Wpointer-sign]
   79 |   HAL_UART_Transmit (& huart2, (void*)str, sprintf(str, "Executed function B\n"), 1000);
      |                                                    ^~~
      |                                                    |
      |                                                    uint8_t * {aka unsigned char *}
../Core/Src/main.c:79:52: note: expected 'char *' but argument is of type 'uint8_t *' {aka 'unsigned char *'}
../Core/Src/main.c: In function 'function_C':
../Core/Src/main.c:82:44: warning: incompatible implicit declaration of built-in function 'sprintf'
   82 |   HAL_UART_Transmit (& huart2, (void*)str, sprintf(str, "Executed function C\n"), 1000);
      |                                            ^~~~~~~
../Core/Src/main.c:82:44: note: include '<stdio.h>' or provide a declaration of 'sprintf'
../Core/Src/main.c:82:52: warning: pointer targets in passing argument 1 of 'sprintf' differ in signedness [-Wpointer-sign]
   82 |   HAL_UART_Transmit (& huart2, (void*)str, sprintf(str, "Executed function C\n"), 1000);
      |                                                    ^~~
      |                                                    |
      |                                                    uint8_t * {aka unsigned char *}
../Core/Src/main.c:82:52: note: expected 'char *' but argument is of type 'uint8_t *' {aka 'unsigned char *'}
arm-none-eabi-gcc -o "scheduler.elf" @"objects.list"   -mcpu=cortex-m3 -T"C:\Computer engineering study\3th year\Semester 1\Microprocessors-Microcontrollers\STM_workspace\lab5\scheduler\STM32F103C6UX_FLASH.ld" --specs=nosys.specs -Wl,-Map="scheduler.map" -Wl,--gc-sections -static --specs=nano.specs -mfloat-abi=soft -mthumb -Wl,--start-group -lc -lm -Wl,--end-group
Finished building target: scheduler.elf
 
arm-none-eabi-size   scheduler.elf 
arm-none-eabi-objdump -h -S  scheduler.elf  > "scheduler.list"
arm-none-eabi-objcopy  -O ihex  scheduler.elf  "scheduler.hex"
   text	   data	    bss	    dec	    hex	filename
  15928	    120	   2624	  18672	   48f0	scheduler.elf
arm-none-eabi-objcopy  -O binary  scheduler.elf  "scheduler.bin"
Finished building: default.size.stdout
 
Finished building: scheduler.hex
Finished building: scheduler.bin
 
 
Finished building: scheduler.list
 
22:43:15 **** Incremental Build of configuration Debug for project scheduler ****
make -j8 all 
arm-none-eabi-gcc "../Core/Src/main.c" -mcpu=cortex-m3 -std=gnu11 -g3 -DDEBUG -DUSE_HAL_DRIVER -DSTM32F103x6 -c -I../Core/Inc -I../Drivers/STM32F1xx_HAL_Driver/Inc -I../Drivers/STM32F1xx_HAL_Driver/Inc/Legacy -I../Drivers/CMSIS/Device/ST/STM32F1xx/Include -I../Drivers/CMSIS/Include -O0 -ffunction-sections -fdata-sections -Wall -fstack-usage -MMD -MP -MF"Core/Src/main.d" -MT"Core/Src/main.o" --specs=nano.specs -mfloat-abi=soft -mthumb -o "Core/Src/main.o"
../Core/Src/main.c: In function 'function_A':
../Core/Src/main.c:76:42: warning: implicit declaration of function 'sprintf' [-Wimplicit-function-declaration]
   76 |   HAL_UART_Transmit(&huart2, (void*)str, sprintf(str, "Executed function A \n"), 1000);
      |                                          ^~~~~~~
../Core/Src/main.c:76:42: warning: incompatible implicit declaration of built-in function 'sprintf'
../Core/Src/main.c:26:1: note: include '<stdio.h>' or provide a declaration of 'sprintf'
   25 | #include "scheduler.h"
  +++ |+#include <stdio.h>
   26 | /* USER CODE END Includes */
../Core/Src/main.c:76:50: warning: pointer targets in passing argument 1 of 'sprintf' differ in signedness [-Wpointer-sign]
   76 |   HAL_UART_Transmit(&huart2, (void*)str, sprintf(str, "Executed function A \n"), 1000);
      |                                                  ^~~
      |                                                  |
      |                                                  uint8_t * {aka unsigned char *}
../Core/Src/main.c:76:50: note: expected 'char *' but argument is of type 'uint8_t *' {aka 'unsigned char *'}
../Core/Src/main.c: In function 'function_B':
../Core/Src/main.c:79:42: warning: incompatible implicit declaration of built-in function 'sprintf'
   79 |   HAL_UART_Transmit(&huart2, (void*)str, sprintf(str, "Executed function B \n"), 1000);
      |                                          ^~~~~~~
../Core/Src/main.c:79:42: note: include '<stdio.h>' or provide a declaration of 'sprintf'
../Core/Src/main.c:79:50: warning: pointer targets in passing argument 1 of 'sprintf' differ in signedness [-Wpointer-sign]
   79 |   HAL_UART_Transmit(&huart2, (void*)str, sprintf(str, "Executed function B \n"), 1000);
      |                                                  ^~~
      |                                                  |
      |                                                  uint8_t * {aka unsigned char *}
../Core/Src/main.c:79:50: note: expected 'char *' but argument is of type 'uint8_t *' {aka 'unsigned char *'}
../Core/Src/main.c: In function 'function_C':
../Core/Src/main.c:82:42: warning: incompatible implicit declaration of built-in function 'sprintf'
   82 |   HAL_UART_Transmit(&huart2, (void*)str, sprintf(str, "Executed function C \n"), 1000);
      |                                          ^~~~~~~
../Core/Src/main.c:82:42: note: include '<stdio.h>' or provide a declaration of 'sprintf'
../Core/Src/main.c:82:50: warning: pointer targets in passing argument 1 of 'sprintf' differ in signedness [-Wpointer-sign]
   82 |   HAL_UART_Transmit(&huart2, (void*)str, sprintf(str, "Executed function C \n"), 1000);
      |                                                  ^~~
      |                                                  |
      |                                                  uint8_t * {aka unsigned char *}
../Core/Src/main.c:82:50: note: expected 'char *' but argument is of type 'uint8_t *' {aka 'unsigned char *'}
arm-none-eabi-gcc -o "scheduler.elf" @"objects.list"   -mcpu=cortex-m3 -T"C:\Computer engineering study\3th year\Semester 1\Microprocessors-Microcontrollers\STM_workspace\lab5\scheduler\STM32F103C6UX_FLASH.ld" --specs=nosys.specs -Wl,-Map="scheduler.map" -Wl,--gc-sections -static --specs=nano.specs -mfloat-abi=soft -mthumb -Wl,--start-group -lc -lm -Wl,--end-group
Finished building target: scheduler.elf
 
arm-none-eabi-size   scheduler.elf 
arm-none-eabi-objdump -h -S  scheduler.elf  > "scheduler.list"
arm-none-eabi-objcopy  -O ihex  scheduler.elf  "scheduler.hex"
   text	   data	    bss	    dec	    hex	filename
  15924	    120	   2624	  18668	   48ec	scheduler.elf
arm-none-eabi-objcopy  -O binary  scheduler.elf  "scheduler.bin"
Finished building: default.size.stdout
 
Finished building: scheduler.hex
Finished building: scheduler.bin
 
 
Finished building: scheduler.list
 
22:51:06 **** Incremental Build of configuration Debug for project scheduler ****
make -j8 all 
arm-none-eabi-gcc "../Core/Src/main.c" -mcpu=cortex-m3 -std=gnu11 -g3 -DDEBUG -DUSE_HAL_DRIVER -DSTM32F103x6 -c -I../Core/Inc -I../Drivers/STM32F1xx_HAL_Driver/Inc -I../Drivers/STM32F1xx_HAL_Driver/Inc/Legacy -I../Drivers/CMSIS/Device/ST/STM32F1xx/Include -I../Drivers/CMSIS/Include -O0 -ffunction-sections -fdata-sections -Wall -fstack-usage -MMD -MP -MF"Core/Src/main.d" -MT"Core/Src/main.o" --specs=nano.specs -mfloat-abi=soft -mthumb -o "Core/Src/main.o"
../Core/Src/main.c: In function 'function_A':
../Core/Src/main.c:77:50: warning: pointer targets in passing argument 1 of 'sprintf' differ in signedness [-Wpointer-sign]
   77 |   HAL_UART_Transmit(&huart2, (void*)str, sprintf(str, "Executed function A \n"), 1000);
      |                                                  ^~~
      |                                                  |
      |                                                  uint8_t * {aka unsigned char *}
In file included from ../Core/Src/main.c:26:
c:\st\stm32cubeide_1.7.0\stm32cubeide\plugins\com.st.stm32cube.ide.mcu.externaltools.gnu-tools-for-stm32.9-2020-q2-update.win32_2.0.0.202105311346\tools\arm-none-eabi\include\stdio.h:244:14: note: expected 'char * restrict' but argument is of type 'uint8_t *' {aka 'unsigned char *'}
  244 | int sprintf (char *__restrict, const char *__restrict, ...)
      |              ^
../Core/Src/main.c: In function 'function_B':
../Core/Src/main.c:80:50: warning: pointer targets in passing argument 1 of 'sprintf' differ in signedness [-Wpointer-sign]
   80 |   HAL_UART_Transmit(&huart2, (void*)str, sprintf(str, "Executed function B \n"), 1000);
      |                                                  ^~~
      |                                                  |
      |                                                  uint8_t * {aka unsigned char *}
In file included from ../Core/Src/main.c:26:
c:\st\stm32cubeide_1.7.0\stm32cubeide\plugins\com.st.stm32cube.ide.mcu.externaltools.gnu-tools-for-stm32.9-2020-q2-update.win32_2.0.0.202105311346\tools\arm-none-eabi\include\stdio.h:244:14: note: expected 'char * restrict' but argument is of type 'uint8_t *' {aka 'unsigned char *'}
  244 | int sprintf (char *__restrict, const char *__restrict, ...)
      |              ^
../Core/Src/main.c: In function 'function_C':
../Core/Src/main.c:83:50: warning: pointer targets in passing argument 1 of 'sprintf' differ in signedness [-Wpointer-sign]
   83 |   HAL_UART_Transmit(&huart2, (void*)str, sprintf(str, "Executed function C \n"), 1000);
      |                                                  ^~~
      |                                                  |
      |                                                  uint8_t * {aka unsigned char *}
In file included from ../Core/Src/main.c:26:
c:\st\stm32cubeide_1.7.0\stm32cubeide\plugins\com.st.stm32cube.ide.mcu.externaltools.gnu-tools-for-stm32.9-2020-q2-update.win32_2.0.0.202105311346\tools\arm-none-eabi\include\stdio.h:244:14: note: expected 'char * restrict' but argument is of type 'uint8_t *' {aka 'unsigned char *'}
  244 | int sprintf (char *__restrict, const char *__restrict, ...)
      |              ^
arm-none-eabi-gcc -o "scheduler.elf" @"objects.list"   -mcpu=cortex-m3 -T"C:\Computer engineering study\3th year\Semester 1\Microprocessors-Microcontrollers\STM_workspace\lab5\scheduler\STM32F103C6UX_FLASH.ld" --specs=nosys.specs -Wl,-Map="scheduler.map" -Wl,--gc-sections -static --specs=nano.specs -mfloat-abi=soft -mthumb -Wl,--start-group -lc -lm -Wl,--end-group
Finished building target: scheduler.elf
 
arm-none-eabi-size   scheduler.elf 
arm-none-eabi-objdump -h -S  scheduler.elf  > "scheduler.list"
arm-none-eabi-objcopy  -O ihex  scheduler.elf  "scheduler.hex"
   text	   data	    bss	    dec	    hex	filename
  15924	    120	   2624	  18668	   48ec	scheduler.elf
arm-none-eabi-objcopy  -O binary  scheduler.elf  "scheduler.bin"
Finished building: default.size.stdout
 
Finished building: scheduler.hex
Finished building: scheduler.bin
 
 
Finished building: scheduler.list
 
22:58:19 **** Incremental Build of configuration Debug for project scheduler ****
make -j8 all 
arm-none-eabi-gcc "../Core/Src/main.c" -mcpu=cortex-m3 -std=gnu11 -g3 -DDEBUG -DUSE_HAL_DRIVER -DSTM32F103x6 -c -I../Core/Inc -I../Drivers/STM32F1xx_HAL_Driver/Inc -I../Drivers/STM32F1xx_HAL_Driver/Inc/Legacy -I../Drivers/CMSIS/Device/ST/STM32F1xx/Include -I../Drivers/CMSIS/Include -O0 -ffunction-sections -fdata-sections -Wall -fstack-usage -MMD -MP -MF"Core/Src/main.d" -MT"Core/Src/main.o" --specs=nano.specs -mfloat-abi=soft -mthumb -o "Core/Src/main.o"
../Core/Src/main.c: In function 'function_A':
../Core/Src/main.c:77:30: error: too few arguments to function 'sprintf'
   77 |   HAL_UART_Transmit(&huart2, sprintf("Executed function A \n"), 1000);
      |                              ^~~~~~~
In file included from ../Core/Src/main.c:26:
c:\st\stm32cubeide_1.7.0\stm32cubeide\plugins\com.st.stm32cube.ide.mcu.externaltools.gnu-tools-for-stm32.9-2020-q2-update.win32_2.0.0.202105311346\tools\arm-none-eabi\include\stdio.h:244:5: note: declared here
  244 | int sprintf (char *__restrict, const char *__restrict, ...)
      |     ^~~~~~~
../Core/Src/main.c:77:3: error: too few arguments to function 'HAL_UART_Transmit'
   77 |   HAL_UART_Transmit(&huart2, sprintf("Executed function A \n"), 1000);
      |   ^~~~~~~~~~~~~~~~~
In file included from ../Core/Inc/stm32f1xx_hal_conf.h:337,
                 from ../Drivers/STM32F1xx_HAL_Driver/Inc/stm32f1xx_hal.h:29,
                 from ../Core/Inc/main.h:31,
                 from ../Core/Src/main.c:21:
../Drivers/STM32F1xx_HAL_Driver/Inc/stm32f1xx_hal_uart.h:749:19: note: declared here
  749 | HAL_StatusTypeDef HAL_UART_Transmit(UART_HandleTypeDef *huart, const uint8_t *pData, uint16_t Size, uint32_t Timeout);
      |                   ^~~~~~~~~~~~~~~~~
../Core/Src/main.c: In function 'function_B':
../Core/Src/main.c:80:30: error: too few arguments to function 'sprintf'
   80 |   HAL_UART_Transmit(&huart2, sprintf("Executed function B \n"), 1000);
      |                              ^~~~~~~
In file included from ../Core/Src/main.c:26:
c:\st\stm32cubeide_1.7.0\stm32cubeide\plugins\com.st.stm32cube.ide.mcu.externaltools.gnu-tools-for-stm32.9-2020-q2-update.win32_2.0.0.202105311346\tools\arm-none-eabi\include\stdio.h:244:5: note: declared here
  244 | int sprintf (char *__restrict, const char *__restrict, ...)
      |     ^~~~~~~
../Core/Src/main.c:80:3: error: too few arguments to function 'HAL_UART_Transmit'
   80 |   HAL_UART_Transmit(&huart2, sprintf("Executed function B \n"), 1000);
      |   ^~~~~~~~~~~~~~~~~
In file included from ../Core/Inc/stm32f1xx_hal_conf.h:337,
                 from ../Drivers/STM32F1xx_HAL_Driver/Inc/stm32f1xx_hal.h:29,
                 from ../Core/Inc/main.h:31,
                 from ../Core/Src/main.c:21:
../Drivers/STM32F1xx_HAL_Driver/Inc/stm32f1xx_hal_uart.h:749:19: note: declared here
  749 | HAL_StatusTypeDef HAL_UART_Transmit(UART_HandleTypeDef *huart, const uint8_t *pData, uint16_t Size, uint32_t Timeout);
      |                   ^~~~~~~~~~~~~~~~~
../Core/Src/main.c: In function 'function_C':
../Core/Src/main.c:83:30: error: too few arguments to function 'sprintf'
   83 |   HAL_UART_Transmit(&huart2, sprintf("Executed function C \n"), 1000);
      |                              ^~~~~~~
In file included from ../Core/Src/main.c:26:
c:\st\stm32cubeide_1.7.0\stm32cubeide\plugins\com.st.stm32cube.ide.mcu.externaltools.gnu-tools-for-stm32.9-2020-q2-update.win32_2.0.0.202105311346\tools\arm-none-eabi\include\stdio.h:244:5: note: declared here
  244 | int sprintf (char *__restrict, const char *__restrict, ...)
      |     ^~~~~~~
../Core/Src/main.c:83:3: error: too few arguments to function 'HAL_UART_Transmit'
   83 |   HAL_UART_Transmit(&huart2, sprintf("Executed function C \n"), 1000);
      |   ^~~~~~~~~~~~~~~~~
In file included from ../Core/Inc/stm32f1xx_hal_conf.h:337,
                 from ../Drivers/STM32F1xx_HAL_Driver/Inc/stm32f1xx_hal.h:29,
                 from ../Core/Inc/main.h:31,
                 from ../Core/Src/main.c:21:
../Drivers/STM32F1xx_HAL_Driver/Inc/stm32f1xx_hal_uart.h:749:19: note: declared here
  749 | HAL_StatusTypeDef HAL_UART_Transmit(UART_HandleTypeDef *huart, const uint8_t *pData, uint16_t Size, uint32_t Timeout);
      |                   ^~~~~~~~~~~~~~~~~
make: *** [Core/Src/subdir.mk:37: Core/Src/main.o] Error 1
"make -j8 all" terminated with exit code 2. Build might be incomplete.
23:01:34 **** Incremental Build of configuration Debug for project scheduler ****
make -j8 all 
arm-none-eabi-gcc "../Core/Src/main.c" -mcpu=cortex-m3 -std=gnu11 -g3 -DDEBUG -DUSE_HAL_DRIVER -DSTM32F103x6 -c -I../Core/Inc -I../Drivers/STM32F1xx_HAL_Driver/Inc -I../Drivers/STM32F1xx_HAL_Driver/Inc/Legacy -I../Drivers/CMSIS/Device/ST/STM32F1xx/Include -I../Drivers/CMSIS/Include -O0 -ffunction-sections -fdata-sections -Wall -fstack-usage -MMD -MP -MF"Core/Src/main.d" -MT"Core/Src/main.o" --specs=nano.specs -mfloat-abi=soft -mthumb -o "Core/Src/main.o"
../Core/Src/main.c: In function 'function_A':
../Core/Src/main.c:77:38: warning: pointer targets in passing argument 1 of 'sprintf' differ in signedness [-Wpointer-sign]
   77 |   HAL_UART_Transmit(&huart2, sprintf(str, "Executed function A \n"), 1000);
      |                                      ^~~
      |                                      |
      |                                      uint8_t * {aka unsigned char *}
In file included from ../Core/Src/main.c:26:
c:\st\stm32cubeide_1.7.0\stm32cubeide\plugins\com.st.stm32cube.ide.mcu.externaltools.gnu-tools-for-stm32.9-2020-q2-update.win32_2.0.0.202105311346\tools\arm-none-eabi\include\stdio.h:244:14: note: expected 'char * restrict' but argument is of type 'uint8_t *' {aka 'unsigned char *'}
  244 | int sprintf (char *__restrict, const char *__restrict, ...)
      |              ^
../Core/Src/main.c:77:30: warning: passing argument 2 of 'HAL_UART_Transmit' makes pointer from integer without a cast [-Wint-conversion]
   77 |   HAL_UART_Transmit(&huart2, sprintf(str, "Executed function A \n"), 1000);
      |                              ^~~~~~~~~~~~~~~~~~~~~~~~~~~~~~~~~~~~~~
      |                              |
      |                              int
In file included from ../Core/Inc/stm32f1xx_hal_conf.h:337,
                 from ../Drivers/STM32F1xx_HAL_Driver/Inc/stm32f1xx_hal.h:29,
                 from ../Core/Inc/main.h:31,
                 from ../Core/Src/main.c:21:
../Drivers/STM32F1xx_HAL_Driver/Inc/stm32f1xx_hal_uart.h:749:79: note: expected 'const uint8_t *' {aka 'const unsigned char *'} but argument is of type 'int'
  749 | HAL_StatusTypeDef HAL_UART_Transmit(UART_HandleTypeDef *huart, const uint8_t *pData, uint16_t Size, uint32_t Timeout);
      |                                                                ~~~~~~~~~~~~~~~^~~~~
../Core/Src/main.c:77:3: error: too few arguments to function 'HAL_UART_Transmit'
   77 |   HAL_UART_Transmit(&huart2, sprintf(str, "Executed function A \n"), 1000);
      |   ^~~~~~~~~~~~~~~~~
In file included from ../Core/Inc/stm32f1xx_hal_conf.h:337,
                 from ../Drivers/STM32F1xx_HAL_Driver/Inc/stm32f1xx_hal.h:29,
                 from ../Core/Inc/main.h:31,
                 from ../Core/Src/main.c:21:
../Drivers/STM32F1xx_HAL_Driver/Inc/stm32f1xx_hal_uart.h:749:19: note: declared here
  749 | HAL_StatusTypeDef HAL_UART_Transmit(UART_HandleTypeDef *huart, const uint8_t *pData, uint16_t Size, uint32_t Timeout);
      |                   ^~~~~~~~~~~~~~~~~
../Core/Src/main.c: In function 'function_B':
../Core/Src/main.c:80:38: warning: pointer targets in passing argument 1 of 'sprintf' differ in signedness [-Wpointer-sign]
   80 |   HAL_UART_Transmit(&huart2, sprintf(str, "Executed function B \n"), 1000);
      |                                      ^~~
      |                                      |
      |                                      uint8_t * {aka unsigned char *}
In file included from ../Core/Src/main.c:26:
c:\st\stm32cubeide_1.7.0\stm32cubeide\plugins\com.st.stm32cube.ide.mcu.externaltools.gnu-tools-for-stm32.9-2020-q2-update.win32_2.0.0.202105311346\tools\arm-none-eabi\include\stdio.h:244:14: note: expected 'char * restrict' but argument is of type 'uint8_t *' {aka 'unsigned char *'}
  244 | int sprintf (char *__restrict, const char *__restrict, ...)
      |              ^
../Core/Src/main.c:80:30: warning: passing argument 2 of 'HAL_UART_Transmit' makes pointer from integer without a cast [-Wint-conversion]
   80 |   HAL_UART_Transmit(&huart2, sprintf(str, "Executed function B \n"), 1000);
      |                              ^~~~~~~~~~~~~~~~~~~~~~~~~~~~~~~~~~~~~~
      |                              |
      |                              int
In file included from ../Core/Inc/stm32f1xx_hal_conf.h:337,
                 from ../Drivers/STM32F1xx_HAL_Driver/Inc/stm32f1xx_hal.h:29,
                 from ../Core/Inc/main.h:31,
                 from ../Core/Src/main.c:21:
../Drivers/STM32F1xx_HAL_Driver/Inc/stm32f1xx_hal_uart.h:749:79: note: expected 'const uint8_t *' {aka 'const unsigned char *'} but argument is of type 'int'
  749 | HAL_StatusTypeDef HAL_UART_Transmit(UART_HandleTypeDef *huart, const uint8_t *pData, uint16_t Size, uint32_t Timeout);
      |                                                                ~~~~~~~~~~~~~~~^~~~~
../Core/Src/main.c:80:3: error: too few arguments to function 'HAL_UART_Transmit'
   80 |   HAL_UART_Transmit(&huart2, sprintf(str, "Executed function B \n"), 1000);
      |   ^~~~~~~~~~~~~~~~~
In file included from ../Core/Inc/stm32f1xx_hal_conf.h:337,
                 from ../Drivers/STM32F1xx_HAL_Driver/Inc/stm32f1xx_hal.h:29,
                 from ../Core/Inc/main.h:31,
                 from ../Core/Src/main.c:21:
../Drivers/STM32F1xx_HAL_Driver/Inc/stm32f1xx_hal_uart.h:749:19: note: declared here
  749 | HAL_StatusTypeDef HAL_UART_Transmit(UART_HandleTypeDef *huart, const uint8_t *pData, uint16_t Size, uint32_t Timeout);
      |                   ^~~~~~~~~~~~~~~~~
../Core/Src/main.c: In function 'function_C':
../Core/Src/main.c:83:38: warning: pointer targets in passing argument 1 of 'sprintf' differ in signedness [-Wpointer-sign]
   83 |   HAL_UART_Transmit(&huart2, sprintf(str, "Executed function C \n"), 1000);
      |                                      ^~~
      |                                      |
      |                                      uint8_t * {aka unsigned char *}
In file included from ../Core/Src/main.c:26:
c:\st\stm32cubeide_1.7.0\stm32cubeide\plugins\com.st.stm32cube.ide.mcu.externaltools.gnu-tools-for-stm32.9-2020-q2-update.win32_2.0.0.202105311346\tools\arm-none-eabi\include\stdio.h:244:14: note: expected 'char * restrict' but argument is of type 'uint8_t *' {aka 'unsigned char *'}
  244 | int sprintf (char *__restrict, const char *__restrict, ...)
      |              ^
../Core/Src/main.c:83:30: warning: passing argument 2 of 'HAL_UART_Transmit' makes pointer from integer without a cast [-Wint-conversion]
   83 |   HAL_UART_Transmit(&huart2, sprintf(str, "Executed function C \n"), 1000);
      |                              ^~~~~~~~~~~~~~~~~~~~~~~~~~~~~~~~~~~~~~
      |                              |
      |                              int
In file included from ../Core/Inc/stm32f1xx_hal_conf.h:337,
                 from ../Drivers/STM32F1xx_HAL_Driver/Inc/stm32f1xx_hal.h:29,
                 from ../Core/Inc/main.h:31,
                 from ../Core/Src/main.c:21:
../Drivers/STM32F1xx_HAL_Driver/Inc/stm32f1xx_hal_uart.h:749:79: note: expected 'const uint8_t *' {aka 'const unsigned char *'} but argument is of type 'int'
  749 | HAL_StatusTypeDef HAL_UART_Transmit(UART_HandleTypeDef *huart, const uint8_t *pData, uint16_t Size, uint32_t Timeout);
      |                                                                ~~~~~~~~~~~~~~~^~~~~
../Core/Src/main.c:83:3: error: too few arguments to function 'HAL_UART_Transmit'
   83 |   HAL_UART_Transmit(&huart2, sprintf(str, "Executed function C \n"), 1000);
      |   ^~~~~~~~~~~~~~~~~
In file included from ../Core/Inc/stm32f1xx_hal_conf.h:337,
                 from ../Drivers/STM32F1xx_HAL_Driver/Inc/stm32f1xx_hal.h:29,
                 from ../Core/Inc/main.h:31,
                 from ../Core/Src/main.c:21:
../Drivers/STM32F1xx_HAL_Driver/Inc/stm32f1xx_hal_uart.h:749:19: note: declared here
  749 | HAL_StatusTypeDef HAL_UART_Transmit(UART_HandleTypeDef *huart, const uint8_t *pData, uint16_t Size, uint32_t Timeout);
      |                   ^~~~~~~~~~~~~~~~~
make: *** [Core/Src/subdir.mk:37: Core/Src/main.o] Error 1
"make -j8 all" terminated with exit code 2. Build might be incomplete.
23:05:03 **** Incremental Build of configuration Debug for project scheduler ****
make -j8 all 
arm-none-eabi-gcc "../Core/Src/main.c" -mcpu=cortex-m3 -std=gnu11 -g3 -DDEBUG -DUSE_HAL_DRIVER -DSTM32F103x6 -c -I../Core/Inc -I../Drivers/STM32F1xx_HAL_Driver/Inc -I../Drivers/STM32F1xx_HAL_Driver/Inc/Legacy -I../Drivers/CMSIS/Device/ST/STM32F1xx/Include -I../Drivers/CMSIS/Include -O0 -ffunction-sections -fdata-sections -Wall -fstack-usage -MMD -MP -MF"Core/Src/main.d" -MT"Core/Src/main.o" --specs=nano.specs -mfloat-abi=soft -mthumb -o "Core/Src/main.o"
../Core/Src/main.c: In function 'function_A':
../Core/Src/main.c:77:38: warning: pointer targets in passing argument 1 of 'sprintf' differ in signedness [-Wpointer-sign]
   77 |   HAL_UART_Transmit(&huart2, sprintf(str, "Executed function A \n"), 100, 1000);
      |                                      ^~~
      |                                      |
      |                                      uint8_t * {aka unsigned char *}
In file included from ../Core/Src/main.c:26:
c:\st\stm32cubeide_1.7.0\stm32cubeide\plugins\com.st.stm32cube.ide.mcu.externaltools.gnu-tools-for-stm32.9-2020-q2-update.win32_2.0.0.202105311346\tools\arm-none-eabi\include\stdio.h:244:14: note: expected 'char * restrict' but argument is of type 'uint8_t *' {aka 'unsigned char *'}
  244 | int sprintf (char *__restrict, const char *__restrict, ...)
      |              ^
../Core/Src/main.c:77:30: warning: passing argument 2 of 'HAL_UART_Transmit' makes pointer from integer without a cast [-Wint-conversion]
   77 |   HAL_UART_Transmit(&huart2, sprintf(str, "Executed function A \n"), 100, 1000);
      |                              ^~~~~~~~~~~~~~~~~~~~~~~~~~~~~~~~~~~~~~
      |                              |
      |                              int
In file included from ../Core/Inc/stm32f1xx_hal_conf.h:337,
                 from ../Drivers/STM32F1xx_HAL_Driver/Inc/stm32f1xx_hal.h:29,
                 from ../Core/Inc/main.h:31,
                 from ../Core/Src/main.c:21:
../Drivers/STM32F1xx_HAL_Driver/Inc/stm32f1xx_hal_uart.h:749:79: note: expected 'const uint8_t *' {aka 'const unsigned char *'} but argument is of type 'int'
  749 | HAL_StatusTypeDef HAL_UART_Transmit(UART_HandleTypeDef *huart, const uint8_t *pData, uint16_t Size, uint32_t Timeout);
      |                                                                ~~~~~~~~~~~~~~~^~~~~
../Core/Src/main.c: In function 'function_B':
../Core/Src/main.c:80:38: warning: pointer targets in passing argument 1 of 'sprintf' differ in signedness [-Wpointer-sign]
   80 |   HAL_UART_Transmit(&huart2, sprintf(str, "Executed function B \n"), 100, 1000);
      |                                      ^~~
      |                                      |
      |                                      uint8_t * {aka unsigned char *}
In file included from ../Core/Src/main.c:26:
c:\st\stm32cubeide_1.7.0\stm32cubeide\plugins\com.st.stm32cube.ide.mcu.externaltools.gnu-tools-for-stm32.9-2020-q2-update.win32_2.0.0.202105311346\tools\arm-none-eabi\include\stdio.h:244:14: note: expected 'char * restrict' but argument is of type 'uint8_t *' {aka 'unsigned char *'}
  244 | int sprintf (char *__restrict, const char *__restrict, ...)
      |              ^
../Core/Src/main.c:80:30: warning: passing argument 2 of 'HAL_UART_Transmit' makes pointer from integer without a cast [-Wint-conversion]
   80 |   HAL_UART_Transmit(&huart2, sprintf(str, "Executed function B \n"), 100, 1000);
      |                              ^~~~~~~~~~~~~~~~~~~~~~~~~~~~~~~~~~~~~~
      |                              |
      |                              int
In file included from ../Core/Inc/stm32f1xx_hal_conf.h:337,
                 from ../Drivers/STM32F1xx_HAL_Driver/Inc/stm32f1xx_hal.h:29,
                 from ../Core/Inc/main.h:31,
                 from ../Core/Src/main.c:21:
../Drivers/STM32F1xx_HAL_Driver/Inc/stm32f1xx_hal_uart.h:749:79: note: expected 'const uint8_t *' {aka 'const unsigned char *'} but argument is of type 'int'
  749 | HAL_StatusTypeDef HAL_UART_Transmit(UART_HandleTypeDef *huart, const uint8_t *pData, uint16_t Size, uint32_t Timeout);
      |                                                                ~~~~~~~~~~~~~~~^~~~~
../Core/Src/main.c: In function 'function_C':
../Core/Src/main.c:83:38: warning: pointer targets in passing argument 1 of 'sprintf' differ in signedness [-Wpointer-sign]
   83 |   HAL_UART_Transmit(&huart2, sprintf(str, "Executed function C \n"), 100,1000);
      |                                      ^~~
      |                                      |
      |                                      uint8_t * {aka unsigned char *}
In file included from ../Core/Src/main.c:26:
c:\st\stm32cubeide_1.7.0\stm32cubeide\plugins\com.st.stm32cube.ide.mcu.externaltools.gnu-tools-for-stm32.9-2020-q2-update.win32_2.0.0.202105311346\tools\arm-none-eabi\include\stdio.h:244:14: note: expected 'char * restrict' but argument is of type 'uint8_t *' {aka 'unsigned char *'}
  244 | int sprintf (char *__restrict, const char *__restrict, ...)
      |              ^
../Core/Src/main.c:83:30: warning: passing argument 2 of 'HAL_UART_Transmit' makes pointer from integer without a cast [-Wint-conversion]
   83 |   HAL_UART_Transmit(&huart2, sprintf(str, "Executed function C \n"), 100,1000);
      |                              ^~~~~~~~~~~~~~~~~~~~~~~~~~~~~~~~~~~~~~
      |                              |
      |                              int
In file included from ../Core/Inc/stm32f1xx_hal_conf.h:337,
                 from ../Drivers/STM32F1xx_HAL_Driver/Inc/stm32f1xx_hal.h:29,
                 from ../Core/Inc/main.h:31,
                 from ../Core/Src/main.c:21:
../Drivers/STM32F1xx_HAL_Driver/Inc/stm32f1xx_hal_uart.h:749:79: note: expected 'const uint8_t *' {aka 'const unsigned char *'} but argument is of type 'int'
  749 | HAL_StatusTypeDef HAL_UART_Transmit(UART_HandleTypeDef *huart, const uint8_t *pData, uint16_t Size, uint32_t Timeout);
      |                                                                ~~~~~~~~~~~~~~~^~~~~
arm-none-eabi-gcc -o "scheduler.elf" @"objects.list"   -mcpu=cortex-m3 -T"C:\Computer engineering study\3th year\Semester 1\Microprocessors-Microcontrollers\STM_workspace\lab5\scheduler\STM32F103C6UX_FLASH.ld" --specs=nosys.specs -Wl,-Map="scheduler.map" -Wl,--gc-sections -static --specs=nano.specs -mfloat-abi=soft -mthumb -Wl,--start-group -lc -lm -Wl,--end-group
Finished building target: scheduler.elf
 
arm-none-eabi-size   scheduler.elf 
arm-none-eabi-objdump -h -S  scheduler.elf  > "scheduler.list"
arm-none-eabi-objcopy  -O ihex  scheduler.elf  "scheduler.hex"
   text	   data	    bss	    dec	    hex	filename
  15924	    120	   2624	  18668	   48ec	scheduler.elf
arm-none-eabi-objcopy  -O binary  scheduler.elf  "scheduler.bin"
Finished building: default.size.stdout
 
Finished building: scheduler.hex
Finished building: scheduler.bin
 
 
Finished building: scheduler.list
 
23:06:10 **** Incremental Build of configuration Debug for project scheduler ****
make -j8 all 
arm-none-eabi-gcc "../Core/Src/main.c" -mcpu=cortex-m3 -std=gnu11 -g3 -DDEBUG -DUSE_HAL_DRIVER -DSTM32F103x6 -c -I../Core/Inc -I../Drivers/STM32F1xx_HAL_Driver/Inc -I../Drivers/STM32F1xx_HAL_Driver/Inc/Legacy -I../Drivers/CMSIS/Device/ST/STM32F1xx/Include -I../Drivers/CMSIS/Include -O0 -ffunction-sections -fdata-sections -Wall -fstack-usage -MMD -MP -MF"Core/Src/main.d" -MT"Core/Src/main.o" --specs=nano.specs -mfloat-abi=soft -mthumb -o "Core/Src/main.o"
arm-none-eabi-gcc -o "scheduler.elf" @"objects.list"   -mcpu=cortex-m3 -T"C:\Computer engineering study\3th year\Semester 1\Microprocessors-Microcontrollers\STM_workspace\lab5\scheduler\STM32F103C6UX_FLASH.ld" --specs=nosys.specs -Wl,-Map="scheduler.map" -Wl,--gc-sections -static --specs=nano.specs -mfloat-abi=soft -mthumb -Wl,--start-group -lc -lm -Wl,--end-group
Finished building target: scheduler.elf
 
arm-none-eabi-size   scheduler.elf 
arm-none-eabi-objdump -h -S  scheduler.elf  > "scheduler.list"
arm-none-eabi-objcopy  -O ihex  scheduler.elf  "scheduler.hex"
   text	   data	    bss	    dec	    hex	filename
  15924	    120	   2624	  18668	   48ec	scheduler.elf
arm-none-eabi-objcopy  -O binary  scheduler.elf  "scheduler.bin"
Finished building: default.size.stdout
 
Finished building: scheduler.hex
Finished building: scheduler.bin
 
 
Finished building: scheduler.list
 
23:08:49 **** Incremental Build of configuration Debug for project scheduler ****
make -j8 all 
arm-none-eabi-gcc "../Core/Src/main.c" -mcpu=cortex-m3 -std=gnu11 -g3 -DDEBUG -DUSE_HAL_DRIVER -DSTM32F103x6 -c -I../Core/Inc -I../Drivers/STM32F1xx_HAL_Driver/Inc -I../Drivers/STM32F1xx_HAL_Driver/Inc/Legacy -I../Drivers/CMSIS/Device/ST/STM32F1xx/Include -I../Drivers/CMSIS/Include -O0 -ffunction-sections -fdata-sections -Wall -fstack-usage -MMD -MP -MF"Core/Src/main.d" -MT"Core/Src/main.o" --specs=nano.specs -mfloat-abi=soft -mthumb -o "Core/Src/main.o"
arm-none-eabi-gcc -o "scheduler.elf" @"objects.list"   -mcpu=cortex-m3 -T"C:\Computer engineering study\3th year\Semester 1\Microprocessors-Microcontrollers\STM_workspace\lab5\scheduler\STM32F103C6UX_FLASH.ld" --specs=nosys.specs -Wl,-Map="scheduler.map" -Wl,--gc-sections -static --specs=nano.specs -mfloat-abi=soft -mthumb -Wl,--start-group -lc -lm -Wl,--end-group
Finished building target: scheduler.elf
 
arm-none-eabi-size   scheduler.elf 
arm-none-eabi-objdump -h -S  scheduler.elf  > "scheduler.list"
arm-none-eabi-objcopy  -O ihex  scheduler.elf  "scheduler.hex"
   text	   data	    bss	    dec	    hex	filename
  15924	    120	   2624	  18668	   48ec	scheduler.elf
arm-none-eabi-objcopy  -O binary  scheduler.elf  "scheduler.bin"
Finished building: default.size.stdout
 
Finished building: scheduler.hex
Finished building: scheduler.bin
 
 
Finished building: scheduler.list
 
23:14:58 **** Incremental Build of configuration Debug for project scheduler ****
make -j8 all 
arm-none-eabi-gcc "../Core/Src/main.c" -mcpu=cortex-m3 -std=gnu11 -g3 -DDEBUG -DUSE_HAL_DRIVER -DSTM32F103x6 -c -I../Core/Inc -I../Drivers/STM32F1xx_HAL_Driver/Inc -I../Drivers/STM32F1xx_HAL_Driver/Inc/Legacy -I../Drivers/CMSIS/Device/ST/STM32F1xx/Include -I../Drivers/CMSIS/Include -O0 -ffunction-sections -fdata-sections -Wall -fstack-usage -MMD -MP -MF"Core/Src/main.d" -MT"Core/Src/main.o" --specs=nano.specs -mfloat-abi=soft -mthumb -o "Core/Src/main.o"
arm-none-eabi-gcc -o "scheduler.elf" @"objects.list"   -mcpu=cortex-m3 -T"C:\Computer engineering study\3th year\Semester 1\Microprocessors-Microcontrollers\STM_workspace\lab5\scheduler\STM32F103C6UX_FLASH.ld" --specs=nosys.specs -Wl,-Map="scheduler.map" -Wl,--gc-sections -static --specs=nano.specs -mfloat-abi=soft -mthumb -Wl,--start-group -lc -lm -Wl,--end-group
Finished building target: scheduler.elf
 
arm-none-eabi-size   scheduler.elf 
arm-none-eabi-objdump -h -S  scheduler.elf  > "scheduler.list"
arm-none-eabi-objcopy  -O ihex  scheduler.elf  "scheduler.hex"
   text	   data	    bss	    dec	    hex	filename
  15892	    120	   2624	  18636	   48cc	scheduler.elf
arm-none-eabi-objcopy  -O binary  scheduler.elf  "scheduler.bin"
Finished building: default.size.stdout
 
Finished building: scheduler.hex
Finished building: scheduler.bin
 
 
Finished building: scheduler.list
 
09:28:51 **** Incremental Build of configuration Debug for project scheduler ****
make -j8 all 
arm-none-eabi-gcc "../Core/Src/main.c" -mcpu=cortex-m3 -std=gnu11 -g3 -DDEBUG -DUSE_HAL_DRIVER -DSTM32F103x6 -c -I../Core/Inc -I../Drivers/STM32F1xx_HAL_Driver/Inc -I../Drivers/STM32F1xx_HAL_Driver/Inc/Legacy -I../Drivers/CMSIS/Device/ST/STM32F1xx/Include -I../Drivers/CMSIS/Include -O0 -ffunction-sections -fdata-sections -Wall -fstack-usage -MMD -MP -MF"Core/Src/main.d" -MT"Core/Src/main.o" --specs=nano.specs -mfloat-abi=soft -mthumb -o "Core/Src/main.o"
arm-none-eabi-gcc "../Core/Src/scheduler.c" -mcpu=cortex-m3 -std=gnu11 -g3 -DDEBUG -DUSE_HAL_DRIVER -DSTM32F103x6 -c -I../Core/Inc -I../Drivers/STM32F1xx_HAL_Driver/Inc -I../Drivers/STM32F1xx_HAL_Driver/Inc/Legacy -I../Drivers/CMSIS/Device/ST/STM32F1xx/Include -I../Drivers/CMSIS/Include -O0 -ffunction-sections -fdata-sections -Wall -fstack-usage -MMD -MP -MF"Core/Src/scheduler.d" -MT"Core/Src/scheduler.o" --specs=nano.specs -mfloat-abi=soft -mthumb -o "Core/Src/scheduler.o"
../Core/Src/scheduler.c: In function 'SCH_Add_Task':
../Core/Src/scheduler.c:53:39: warning: implicit declaration of function 'Get_New_Task_ID' [-Wimplicit-function-declaration]
   53 |    SCH_tasks_G[newTaskIndex].TaskID = Get_New_Task_ID();
      |                                       ^~~~~~~~~~~~~~~
../Core/Src/scheduler.c: At top level:
../Core/Src/scheduler.c:84:9: error: conflicting types for 'SCH_Delete_Task'
   84 | uint8_t SCH_Delete_Task(uint32_t taskID){
      |         ^~~~~~~~~~~~~~~
In file included from ../Core/Src/scheduler.c:9:
../Core/Inc/scheduler.h:32:10: note: previous declaration of 'SCH_Delete_Task' was here
   32 | uint32_t SCH_Delete_Task(uint32_t taskID);
      |          ^~~~~~~~~~~~~~~
../Core/Src/scheduler.c: In function 'SCH_Update':
../Core/Src/scheduler.c:119:2: error: 'count_SCH_Update' undeclared (first use in this function); did you mean 'SCH_Update'?
  119 |  count_SCH_Update ++;
      |  ^~~~~~~~~~~~~~~~
      |  SCH_Update
../Core/Src/scheduler.c:119:2: note: each undeclared identifier is reported only once for each function it appears in
make: *** [Core/Src/subdir.mk:37: Core/Src/scheduler.o] Error 1
make: *** Waiting for unfinished jobs....
"make -j8 all" terminated with exit code 2. Build might be incomplete.
09:32:18 **** Incremental Build of configuration Debug for project scheduler ****
make -j8 all 
arm-none-eabi-gcc "../Core/Src/main.c" -mcpu=cortex-m3 -std=gnu11 -g3 -DDEBUG -DUSE_HAL_DRIVER -DSTM32F103x6 -c -I../Core/Inc -I../Drivers/STM32F1xx_HAL_Driver/Inc -I../Drivers/STM32F1xx_HAL_Driver/Inc/Legacy -I../Drivers/CMSIS/Device/ST/STM32F1xx/Include -I../Drivers/CMSIS/Include -O0 -ffunction-sections -fdata-sections -Wall -fstack-usage -MMD -MP -MF"Core/Src/main.d" -MT"Core/Src/main.o" --specs=nano.specs -mfloat-abi=soft -mthumb -o "Core/Src/main.o"
arm-none-eabi-gcc "../Core/Src/scheduler.c" -mcpu=cortex-m3 -std=gnu11 -g3 -DDEBUG -DUSE_HAL_DRIVER -DSTM32F103x6 -c -I../Core/Inc -I../Drivers/STM32F1xx_HAL_Driver/Inc -I../Drivers/STM32F1xx_HAL_Driver/Inc/Legacy -I../Drivers/CMSIS/Device/ST/STM32F1xx/Include -I../Drivers/CMSIS/Include -O0 -ffunction-sections -fdata-sections -Wall -fstack-usage -MMD -MP -MF"Core/Src/scheduler.d" -MT"Core/Src/scheduler.o" --specs=nano.specs -mfloat-abi=soft -mthumb -o "Core/Src/scheduler.o"
../Core/Src/scheduler.c: In function 'SCH_Add_Task':
../Core/Src/scheduler.c:54:39: warning: implicit declaration of function 'Get_New_Task_ID' [-Wimplicit-function-declaration]
   54 |    SCH_tasks_G[newTaskIndex].TaskID = Get_New_Task_ID();
      |                                       ^~~~~~~~~~~~~~~
arm-none-eabi-gcc -o "scheduler.elf" @"objects.list"   -mcpu=cortex-m3 -T"C:\Computer engineering study\3th year\Semester 1\Microprocessors-Microcontrollers\STM_workspace\lab5\scheduler\STM32F103C6UX_FLASH.ld" --specs=nosys.specs -Wl,-Map="scheduler.map" -Wl,--gc-sections -static --specs=nano.specs -mfloat-abi=soft -mthumb -Wl,--start-group -lc -lm -Wl,--end-group
c:\st\stm32cubeide_1.7.0\stm32cubeide\plugins\com.st.stm32cube.ide.mcu.externaltools.gnu-tools-for-stm32.9-2020-q2-update.win32_2.0.0.202105311346\tools\arm-none-eabi\bin\ld.exe: ./Core/Src/scheduler.o: in function `SCH_Add_Task':
C:/Computer engineering study/3th year/Semester 1/Microprocessors-Microcontrollers/STM_workspace/lab5/scheduler/Debug/../Core/Src/scheduler.c:54: undefined reference to `Get_New_Task_ID'
c:\st\stm32cubeide_1.7.0\stm32cubeide\plugins\com.st.stm32cube.ide.mcu.externaltools.gnu-tools-for-stm32.9-2020-q2-update.win32_2.0.0.202105311346\tools\arm-none-eabi\bin\ld.exe: C:/Computer engineering study/3th year/Semester 1/Microprocessors-Microcontrollers/STM_workspace/lab5/scheduler/Debug/../Core/Src/scheduler.c:66: undefined reference to `Get_New_Task_ID'
collect2.exe: error: ld returned 1 exit status
make: *** [makefile:68: scheduler.elf] Error 1
"make -j8 all" terminated with exit code 2. Build might be incomplete.
09:32:58 **** Incremental Build of configuration Debug for project scheduler ****
make -j8 all 
arm-none-eabi-gcc "../Core/Src/scheduler.c" -mcpu=cortex-m3 -std=gnu11 -g3 -DDEBUG -DUSE_HAL_DRIVER -DSTM32F103x6 -c -I../Core/Inc -I../Drivers/STM32F1xx_HAL_Driver/Inc -I../Drivers/STM32F1xx_HAL_Driver/Inc/Legacy -I../Drivers/CMSIS/Device/ST/STM32F1xx/Include -I../Drivers/CMSIS/Include -O0 -ffunction-sections -fdata-sections -Wall -fstack-usage -MMD -MP -MF"Core/Src/scheduler.d" -MT"Core/Src/scheduler.o" --specs=nano.specs -mfloat-abi=soft -mthumb -o "Core/Src/scheduler.o"
../Core/Src/scheduler.c: In function 'Get_New_Task_ID':
../Core/Src/scheduler.c:27:2: error: 'newTaskID' undeclared (first use in this function)
   27 |  newTaskID++;
      |  ^~~~~~~~~
../Core/Src/scheduler.c:27:2: note: each undeclared identifier is reported only once for each function it appears in
../Core/Src/scheduler.c:32:1: warning: control reaches end of non-void function [-Wreturn-type]
   32 | }
      | ^
make: *** [Core/Src/subdir.mk:37: Core/Src/scheduler.o] Error 1
"make -j8 all" terminated with exit code 2. Build might be incomplete.
09:33:19 **** Incremental Build of configuration Debug for project scheduler ****
make -j8 all 
arm-none-eabi-gcc "../Core/Src/scheduler.c" -mcpu=cortex-m3 -std=gnu11 -g3 -DDEBUG -DUSE_HAL_DRIVER -DSTM32F103x6 -c -I../Core/Inc -I../Drivers/STM32F1xx_HAL_Driver/Inc -I../Drivers/STM32F1xx_HAL_Driver/Inc/Legacy -I../Drivers/CMSIS/Device/ST/STM32F1xx/Include -I../Drivers/CMSIS/Include -O0 -ffunction-sections -fdata-sections -Wall -fstack-usage -MMD -MP -MF"Core/Src/scheduler.d" -MT"Core/Src/scheduler.o" --specs=nano.specs -mfloat-abi=soft -mthumb -o "Core/Src/scheduler.o"
../Core/Src/scheduler.c:12:17: warning: 'rearQueue' defined but not used [-Wunused-variable]
   12 | static uint32_t rearQueue = 0;
      |                 ^~~~~~~~~
arm-none-eabi-gcc -o "scheduler.elf" @"objects.list"   -mcpu=cortex-m3 -T"C:\Computer engineering study\3th year\Semester 1\Microprocessors-Microcontrollers\STM_workspace\lab5\scheduler\STM32F103C6UX_FLASH.ld" --specs=nosys.specs -Wl,-Map="scheduler.map" -Wl,--gc-sections -static --specs=nano.specs -mfloat-abi=soft -mthumb -Wl,--start-group -lc -lm -Wl,--end-group
Finished building target: scheduler.elf
 
arm-none-eabi-size   scheduler.elf 
arm-none-eabi-objdump -h -S  scheduler.elf  > "scheduler.list"
arm-none-eabi-objcopy  -O ihex  scheduler.elf  "scheduler.hex"
arm-none-eabi-objcopy  -O binary  scheduler.elf  "scheduler.bin"
   text	   data	    bss	    dec	    hex	filename
  16652	    120	   2632	  19404	   4bcc	scheduler.elf
Finished building: default.size.stdout
 
Finished building: scheduler.bin
Finished building: scheduler.hex
 
 
Finished building: scheduler.list
 
09:34:58 **** Incremental Build of configuration Debug for project scheduler ****
make -j8 all 
arm-none-eabi-gcc "../Core/Src/main.c" -mcpu=cortex-m3 -std=gnu11 -g3 -DDEBUG -DUSE_HAL_DRIVER -DSTM32F103x6 -c -I../Core/Inc -I../Drivers/STM32F1xx_HAL_Driver/Inc -I../Drivers/STM32F1xx_HAL_Driver/Inc/Legacy -I../Drivers/CMSIS/Device/ST/STM32F1xx/Include -I../Drivers/CMSIS/Include -O0 -ffunction-sections -fdata-sections -Wall -fstack-usage -MMD -MP -MF"Core/Src/main.d" -MT"Core/Src/main.o" --specs=nano.specs -mfloat-abi=soft -mthumb -o "Core/Src/main.o"
arm-none-eabi-gcc -o "scheduler.elf" @"objects.list"   -mcpu=cortex-m3 -T"C:\Computer engineering study\3th year\Semester 1\Microprocessors-Microcontrollers\STM_workspace\lab5\scheduler\STM32F103C6UX_FLASH.ld" --specs=nosys.specs -Wl,-Map="scheduler.map" -Wl,--gc-sections -static --specs=nano.specs -mfloat-abi=soft -mthumb -Wl,--start-group -lc -lm -Wl,--end-group
Finished building target: scheduler.elf
 
arm-none-eabi-size   scheduler.elf 
arm-none-eabi-objdump -h -S  scheduler.elf  > "scheduler.list"
arm-none-eabi-objcopy  -O ihex  scheduler.elf  "scheduler.hex"
   text	   data	    bss	    dec	    hex	filename
  16652	    120	   2632	  19404	   4bcc	scheduler.elf
arm-none-eabi-objcopy  -O binary  scheduler.elf  "scheduler.bin"
Finished building: default.size.stdout
 
Finished building: scheduler.hex
Finished building: scheduler.bin
 
 
Finished building: scheduler.list
 
09:37:32 **** Incremental Build of configuration Debug for project scheduler ****
make -j8 all 
arm-none-eabi-gcc "../Core/Src/main.c" -mcpu=cortex-m3 -std=gnu11 -g3 -DDEBUG -DUSE_HAL_DRIVER -DSTM32F103x6 -c -I../Core/Inc -I../Drivers/STM32F1xx_HAL_Driver/Inc -I../Drivers/STM32F1xx_HAL_Driver/Inc/Legacy -I../Drivers/CMSIS/Device/ST/STM32F1xx/Include -I../Drivers/CMSIS/Include -O0 -ffunction-sections -fdata-sections -Wall -fstack-usage -MMD -MP -MF"Core/Src/main.d" -MT"Core/Src/main.o" --specs=nano.specs -mfloat-abi=soft -mthumb -o "Core/Src/main.o"
arm-none-eabi-gcc -o "scheduler.elf" @"objects.list"   -mcpu=cortex-m3 -T"C:\Computer engineering study\3th year\Semester 1\Microprocessors-Microcontrollers\STM_workspace\lab5\scheduler\STM32F103C6UX_FLASH.ld" --specs=nosys.specs -Wl,-Map="scheduler.map" -Wl,--gc-sections -static --specs=nano.specs -mfloat-abi=soft -mthumb -Wl,--start-group -lc -lm -Wl,--end-group
Finished building target: scheduler.elf
 
arm-none-eabi-size   scheduler.elf 
arm-none-eabi-objdump -h -S  scheduler.elf  > "scheduler.list"
arm-none-eabi-objcopy  -O ihex  scheduler.elf  "scheduler.hex"
   text	   data	    bss	    dec	    hex	filename
  16652	    120	   2632	  19404	   4bcc	scheduler.elf
arm-none-eabi-objcopy  -O binary  scheduler.elf  "scheduler.bin"
Finished building: default.size.stdout
 
Finished building: scheduler.hex
Finished building: scheduler.bin
 
 
Finished building: scheduler.list
 
09:38:14 **** Incremental Build of configuration Debug for project scheduler ****
make -j8 all 
arm-none-eabi-size   scheduler.elf 
   text	   data	    bss	    dec	    hex	filename
  16652	    120	   2632	  19404	   4bcc	scheduler.elf
Finished building: default.size.stdout
 
09:59:33 **** Incremental Build of configuration Debug for project scheduler ****
make -j8 all 
arm-none-eabi-gcc "../Drivers/STM32F1xx_HAL_Driver/Src/stm32f1xx_hal.c" -mcpu=cortex-m3 -std=gnu11 -g3 -DDEBUG -DUSE_HAL_DRIVER -DSTM32F103x6 -c -I../Core/Inc -I../Drivers/STM32F1xx_HAL_Driver/Inc -I../Drivers/STM32F1xx_HAL_Driver/Inc/Legacy -I../Drivers/CMSIS/Device/ST/STM32F1xx/Include -I../Drivers/CMSIS/Include -O0 -ffunction-sections -fdata-sections -Wall -fstack-usage -MMD -MP -MF"Drivers/STM32F1xx_HAL_Driver/Src/stm32f1xx_hal.d" -MT"Drivers/STM32F1xx_HAL_Driver/Src/stm32f1xx_hal.o" --specs=nano.specs -mfloat-abi=soft -mthumb -o "Drivers/STM32F1xx_HAL_Driver/Src/stm32f1xx_hal.o"
arm-none-eabi-gcc "../Drivers/STM32F1xx_HAL_Driver/Src/stm32f1xx_hal_adc.c" -mcpu=cortex-m3 -std=gnu11 -g3 -DDEBUG -DUSE_HAL_DRIVER -DSTM32F103x6 -c -I../Core/Inc -I../Drivers/STM32F1xx_HAL_Driver/Inc -I../Drivers/STM32F1xx_HAL_Driver/Inc/Legacy -I../Drivers/CMSIS/Device/ST/STM32F1xx/Include -I../Drivers/CMSIS/Include -O0 -ffunction-sections -fdata-sections -Wall -fstack-usage -MMD -MP -MF"Drivers/STM32F1xx_HAL_Driver/Src/stm32f1xx_hal_adc.d" -MT"Drivers/STM32F1xx_HAL_Driver/Src/stm32f1xx_hal_adc.o" --specs=nano.specs -mfloat-abi=soft -mthumb -o "Drivers/STM32F1xx_HAL_Driver/Src/stm32f1xx_hal_adc.o"
arm-none-eabi-gcc "../Drivers/STM32F1xx_HAL_Driver/Src/stm32f1xx_hal_adc_ex.c" -mcpu=cortex-m3 -std=gnu11 -g3 -DDEBUG -DUSE_HAL_DRIVER -DSTM32F103x6 -c -I../Core/Inc -I../Drivers/STM32F1xx_HAL_Driver/Inc -I../Drivers/STM32F1xx_HAL_Driver/Inc/Legacy -I../Drivers/CMSIS/Device/ST/STM32F1xx/Include -I../Drivers/CMSIS/Include -O0 -ffunction-sections -fdata-sections -Wall -fstack-usage -MMD -MP -MF"Drivers/STM32F1xx_HAL_Driver/Src/stm32f1xx_hal_adc_ex.d" -MT"Drivers/STM32F1xx_HAL_Driver/Src/stm32f1xx_hal_adc_ex.o" --specs=nano.specs -mfloat-abi=soft -mthumb -o "Drivers/STM32F1xx_HAL_Driver/Src/stm32f1xx_hal_adc_ex.o"
arm-none-eabi-gcc "../Drivers/STM32F1xx_HAL_Driver/Src/stm32f1xx_hal_cortex.c" -mcpu=cortex-m3 -std=gnu11 -g3 -DDEBUG -DUSE_HAL_DRIVER -DSTM32F103x6 -c -I../Core/Inc -I../Drivers/STM32F1xx_HAL_Driver/Inc -I../Drivers/STM32F1xx_HAL_Driver/Inc/Legacy -I../Drivers/CMSIS/Device/ST/STM32F1xx/Include -I../Drivers/CMSIS/Include -O0 -ffunction-sections -fdata-sections -Wall -fstack-usage -MMD -MP -MF"Drivers/STM32F1xx_HAL_Driver/Src/stm32f1xx_hal_cortex.d" -MT"Drivers/STM32F1xx_HAL_Driver/Src/stm32f1xx_hal_cortex.o" --specs=nano.specs -mfloat-abi=soft -mthumb -o "Drivers/STM32F1xx_HAL_Driver/Src/stm32f1xx_hal_cortex.o"
arm-none-eabi-gcc "../Drivers/STM32F1xx_HAL_Driver/Src/stm32f1xx_hal_dma.c" -mcpu=cortex-m3 -std=gnu11 -g3 -DDEBUG -DUSE_HAL_DRIVER -DSTM32F103x6 -c -I../Core/Inc -I../Drivers/STM32F1xx_HAL_Driver/Inc -I../Drivers/STM32F1xx_HAL_Driver/Inc/Legacy -I../Drivers/CMSIS/Device/ST/STM32F1xx/Include -I../Drivers/CMSIS/Include -O0 -ffunction-sections -fdata-sections -Wall -fstack-usage -MMD -MP -MF"Drivers/STM32F1xx_HAL_Driver/Src/stm32f1xx_hal_dma.d" -MT"Drivers/STM32F1xx_HAL_Driver/Src/stm32f1xx_hal_dma.o" --specs=nano.specs -mfloat-abi=soft -mthumb -o "Drivers/STM32F1xx_HAL_Driver/Src/stm32f1xx_hal_dma.o"
arm-none-eabi-gcc "../Drivers/STM32F1xx_HAL_Driver/Src/stm32f1xx_hal_exti.c" -mcpu=cortex-m3 -std=gnu11 -g3 -DDEBUG -DUSE_HAL_DRIVER -DSTM32F103x6 -c -I../Core/Inc -I../Drivers/STM32F1xx_HAL_Driver/Inc -I../Drivers/STM32F1xx_HAL_Driver/Inc/Legacy -I../Drivers/CMSIS/Device/ST/STM32F1xx/Include -I../Drivers/CMSIS/Include -O0 -ffunction-sections -fdata-sections -Wall -fstack-usage -MMD -MP -MF"Drivers/STM32F1xx_HAL_Driver/Src/stm32f1xx_hal_exti.d" -MT"Drivers/STM32F1xx_HAL_Driver/Src/stm32f1xx_hal_exti.o" --specs=nano.specs -mfloat-abi=soft -mthumb -o "Drivers/STM32F1xx_HAL_Driver/Src/stm32f1xx_hal_exti.o"
arm-none-eabi-gcc "../Drivers/STM32F1xx_HAL_Driver/Src/stm32f1xx_hal_flash.c" -mcpu=cortex-m3 -std=gnu11 -g3 -DDEBUG -DUSE_HAL_DRIVER -DSTM32F103x6 -c -I../Core/Inc -I../Drivers/STM32F1xx_HAL_Driver/Inc -I../Drivers/STM32F1xx_HAL_Driver/Inc/Legacy -I../Drivers/CMSIS/Device/ST/STM32F1xx/Include -I../Drivers/CMSIS/Include -O0 -ffunction-sections -fdata-sections -Wall -fstack-usage -MMD -MP -MF"Drivers/STM32F1xx_HAL_Driver/Src/stm32f1xx_hal_flash.d" -MT"Drivers/STM32F1xx_HAL_Driver/Src/stm32f1xx_hal_flash.o" --specs=nano.specs -mfloat-abi=soft -mthumb -o "Drivers/STM32F1xx_HAL_Driver/Src/stm32f1xx_hal_flash.o"
arm-none-eabi-gcc "../Drivers/STM32F1xx_HAL_Driver/Src/stm32f1xx_hal_flash_ex.c" -mcpu=cortex-m3 -std=gnu11 -g3 -DDEBUG -DUSE_HAL_DRIVER -DSTM32F103x6 -c -I../Core/Inc -I../Drivers/STM32F1xx_HAL_Driver/Inc -I../Drivers/STM32F1xx_HAL_Driver/Inc/Legacy -I../Drivers/CMSIS/Device/ST/STM32F1xx/Include -I../Drivers/CMSIS/Include -O0 -ffunction-sections -fdata-sections -Wall -fstack-usage -MMD -MP -MF"Drivers/STM32F1xx_HAL_Driver/Src/stm32f1xx_hal_flash_ex.d" -MT"Drivers/STM32F1xx_HAL_Driver/Src/stm32f1xx_hal_flash_ex.o" --specs=nano.specs -mfloat-abi=soft -mthumb -o "Drivers/STM32F1xx_HAL_Driver/Src/stm32f1xx_hal_flash_ex.o"
arm-none-eabi-gcc "../Drivers/STM32F1xx_HAL_Driver/Src/stm32f1xx_hal_gpio.c" -mcpu=cortex-m3 -std=gnu11 -g3 -DDEBUG -DUSE_HAL_DRIVER -DSTM32F103x6 -c -I../Core/Inc -I../Drivers/STM32F1xx_HAL_Driver/Inc -I../Drivers/STM32F1xx_HAL_Driver/Inc/Legacy -I../Drivers/CMSIS/Device/ST/STM32F1xx/Include -I../Drivers/CMSIS/Include -O0 -ffunction-sections -fdata-sections -Wall -fstack-usage -MMD -MP -MF"Drivers/STM32F1xx_HAL_Driver/Src/stm32f1xx_hal_gpio.d" -MT"Drivers/STM32F1xx_HAL_Driver/Src/stm32f1xx_hal_gpio.o" --specs=nano.specs -mfloat-abi=soft -mthumb -o "Drivers/STM32F1xx_HAL_Driver/Src/stm32f1xx_hal_gpio.o"
arm-none-eabi-gcc "../Drivers/STM32F1xx_HAL_Driver/Src/stm32f1xx_hal_gpio_ex.c" -mcpu=cortex-m3 -std=gnu11 -g3 -DDEBUG -DUSE_HAL_DRIVER -DSTM32F103x6 -c -I../Core/Inc -I../Drivers/STM32F1xx_HAL_Driver/Inc -I../Drivers/STM32F1xx_HAL_Driver/Inc/Legacy -I../Drivers/CMSIS/Device/ST/STM32F1xx/Include -I../Drivers/CMSIS/Include -O0 -ffunction-sections -fdata-sections -Wall -fstack-usage -MMD -MP -MF"Drivers/STM32F1xx_HAL_Driver/Src/stm32f1xx_hal_gpio_ex.d" -MT"Drivers/STM32F1xx_HAL_Driver/Src/stm32f1xx_hal_gpio_ex.o" --specs=nano.specs -mfloat-abi=soft -mthumb -o "Drivers/STM32F1xx_HAL_Driver/Src/stm32f1xx_hal_gpio_ex.o"
arm-none-eabi-gcc "../Drivers/STM32F1xx_HAL_Driver/Src/stm32f1xx_hal_pwr.c" -mcpu=cortex-m3 -std=gnu11 -g3 -DDEBUG -DUSE_HAL_DRIVER -DSTM32F103x6 -c -I../Core/Inc -I../Drivers/STM32F1xx_HAL_Driver/Inc -I../Drivers/STM32F1xx_HAL_Driver/Inc/Legacy -I../Drivers/CMSIS/Device/ST/STM32F1xx/Include -I../Drivers/CMSIS/Include -O0 -ffunction-sections -fdata-sections -Wall -fstack-usage -MMD -MP -MF"Drivers/STM32F1xx_HAL_Driver/Src/stm32f1xx_hal_pwr.d" -MT"Drivers/STM32F1xx_HAL_Driver/Src/stm32f1xx_hal_pwr.o" --specs=nano.specs -mfloat-abi=soft -mthumb -o "Drivers/STM32F1xx_HAL_Driver/Src/stm32f1xx_hal_pwr.o"
arm-none-eabi-gcc "../Drivers/STM32F1xx_HAL_Driver/Src/stm32f1xx_hal_rcc.c" -mcpu=cortex-m3 -std=gnu11 -g3 -DDEBUG -DUSE_HAL_DRIVER -DSTM32F103x6 -c -I../Core/Inc -I../Drivers/STM32F1xx_HAL_Driver/Inc -I../Drivers/STM32F1xx_HAL_Driver/Inc/Legacy -I../Drivers/CMSIS/Device/ST/STM32F1xx/Include -I../Drivers/CMSIS/Include -O0 -ffunction-sections -fdata-sections -Wall -fstack-usage -MMD -MP -MF"Drivers/STM32F1xx_HAL_Driver/Src/stm32f1xx_hal_rcc.d" -MT"Drivers/STM32F1xx_HAL_Driver/Src/stm32f1xx_hal_rcc.o" --specs=nano.specs -mfloat-abi=soft -mthumb -o "Drivers/STM32F1xx_HAL_Driver/Src/stm32f1xx_hal_rcc.o"
arm-none-eabi-gcc "../Drivers/STM32F1xx_HAL_Driver/Src/stm32f1xx_hal_rcc_ex.c" -mcpu=cortex-m3 -std=gnu11 -g3 -DDEBUG -DUSE_HAL_DRIVER -DSTM32F103x6 -c -I../Core/Inc -I../Drivers/STM32F1xx_HAL_Driver/Inc -I../Drivers/STM32F1xx_HAL_Driver/Inc/Legacy -I../Drivers/CMSIS/Device/ST/STM32F1xx/Include -I../Drivers/CMSIS/Include -O0 -ffunction-sections -fdata-sections -Wall -fstack-usage -MMD -MP -MF"Drivers/STM32F1xx_HAL_Driver/Src/stm32f1xx_hal_rcc_ex.d" -MT"Drivers/STM32F1xx_HAL_Driver/Src/stm32f1xx_hal_rcc_ex.o" --specs=nano.specs -mfloat-abi=soft -mthumb -o "Drivers/STM32F1xx_HAL_Driver/Src/stm32f1xx_hal_rcc_ex.o"
arm-none-eabi-gcc "../Drivers/STM32F1xx_HAL_Driver/Src/stm32f1xx_hal_tim.c" -mcpu=cortex-m3 -std=gnu11 -g3 -DDEBUG -DUSE_HAL_DRIVER -DSTM32F103x6 -c -I../Core/Inc -I../Drivers/STM32F1xx_HAL_Driver/Inc -I../Drivers/STM32F1xx_HAL_Driver/Inc/Legacy -I../Drivers/CMSIS/Device/ST/STM32F1xx/Include -I../Drivers/CMSIS/Include -O0 -ffunction-sections -fdata-sections -Wall -fstack-usage -MMD -MP -MF"Drivers/STM32F1xx_HAL_Driver/Src/stm32f1xx_hal_tim.d" -MT"Drivers/STM32F1xx_HAL_Driver/Src/stm32f1xx_hal_tim.o" --specs=nano.specs -mfloat-abi=soft -mthumb -o "Drivers/STM32F1xx_HAL_Driver/Src/stm32f1xx_hal_tim.o"
arm-none-eabi-gcc "../Drivers/STM32F1xx_HAL_Driver/Src/stm32f1xx_hal_tim_ex.c" -mcpu=cortex-m3 -std=gnu11 -g3 -DDEBUG -DUSE_HAL_DRIVER -DSTM32F103x6 -c -I../Core/Inc -I../Drivers/STM32F1xx_HAL_Driver/Inc -I../Drivers/STM32F1xx_HAL_Driver/Inc/Legacy -I../Drivers/CMSIS/Device/ST/STM32F1xx/Include -I../Drivers/CMSIS/Include -O0 -ffunction-sections -fdata-sections -Wall -fstack-usage -MMD -MP -MF"Drivers/STM32F1xx_HAL_Driver/Src/stm32f1xx_hal_tim_ex.d" -MT"Drivers/STM32F1xx_HAL_Driver/Src/stm32f1xx_hal_tim_ex.o" --specs=nano.specs -mfloat-abi=soft -mthumb -o "Drivers/STM32F1xx_HAL_Driver/Src/stm32f1xx_hal_tim_ex.o"
arm-none-eabi-gcc "../Drivers/STM32F1xx_HAL_Driver/Src/stm32f1xx_hal_uart.c" -mcpu=cortex-m3 -std=gnu11 -g3 -DDEBUG -DUSE_HAL_DRIVER -DSTM32F103x6 -c -I../Core/Inc -I../Drivers/STM32F1xx_HAL_Driver/Inc -I../Drivers/STM32F1xx_HAL_Driver/Inc/Legacy -I../Drivers/CMSIS/Device/ST/STM32F1xx/Include -I../Drivers/CMSIS/Include -O0 -ffunction-sections -fdata-sections -Wall -fstack-usage -MMD -MP -MF"Drivers/STM32F1xx_HAL_Driver/Src/stm32f1xx_hal_uart.d" -MT"Drivers/STM32F1xx_HAL_Driver/Src/stm32f1xx_hal_uart.o" --specs=nano.specs -mfloat-abi=soft -mthumb -o "Drivers/STM32F1xx_HAL_Driver/Src/stm32f1xx_hal_uart.o"
arm-none-eabi-gcc "../Core/Src/input_processing.c" -mcpu=cortex-m3 -std=gnu11 -g3 -DDEBUG -DUSE_HAL_DRIVER -DSTM32F103x6 -c -I../Core/Inc -I../Drivers/STM32F1xx_HAL_Driver/Inc -I../Drivers/STM32F1xx_HAL_Driver/Inc/Legacy -I../Drivers/CMSIS/Device/ST/STM32F1xx/Include -I../Drivers/CMSIS/Include -O0 -ffunction-sections -fdata-sections -Wall -fstack-usage -MMD -MP -MF"Core/Src/input_processing.d" -MT"Core/Src/input_processing.o" --specs=nano.specs -mfloat-abi=soft -mthumb -o "Core/Src/input_processing.o"
arm-none-eabi-gcc "../Core/Src/input_reading.c" -mcpu=cortex-m3 -std=gnu11 -g3 -DDEBUG -DUSE_HAL_DRIVER -DSTM32F103x6 -c -I../Core/Inc -I../Drivers/STM32F1xx_HAL_Driver/Inc -I../Drivers/STM32F1xx_HAL_Driver/Inc/Legacy -I../Drivers/CMSIS/Device/ST/STM32F1xx/Include -I../Drivers/CMSIS/Include -O0 -ffunction-sections -fdata-sections -Wall -fstack-usage -MMD -MP -MF"Core/Src/input_reading.d" -MT"Core/Src/input_reading.o" --specs=nano.specs -mfloat-abi=soft -mthumb -o "Core/Src/input_reading.o"
arm-none-eabi-gcc "../Core/Src/main.c" -mcpu=cortex-m3 -std=gnu11 -g3 -DDEBUG -DUSE_HAL_DRIVER -DSTM32F103x6 -c -I../Core/Inc -I../Drivers/STM32F1xx_HAL_Driver/Inc -I../Drivers/STM32F1xx_HAL_Driver/Inc/Legacy -I../Drivers/CMSIS/Device/ST/STM32F1xx/Include -I../Drivers/CMSIS/Include -O0 -ffunction-sections -fdata-sections -Wall -fstack-usage -MMD -MP -MF"Core/Src/main.d" -MT"Core/Src/main.o" --specs=nano.specs -mfloat-abi=soft -mthumb -o "Core/Src/main.o"
arm-none-eabi-gcc "../Core/Src/scheduler.c" -mcpu=cortex-m3 -std=gnu11 -g3 -DDEBUG -DUSE_HAL_DRIVER -DSTM32F103x6 -c -I../Core/Inc -I../Drivers/STM32F1xx_HAL_Driver/Inc -I../Drivers/STM32F1xx_HAL_Driver/Inc/Legacy -I../Drivers/CMSIS/Device/ST/STM32F1xx/Include -I../Drivers/CMSIS/Include -O0 -ffunction-sections -fdata-sections -Wall -fstack-usage -MMD -MP -MF"Core/Src/scheduler.d" -MT"Core/Src/scheduler.o" --specs=nano.specs -mfloat-abi=soft -mthumb -o "Core/Src/scheduler.o"
arm-none-eabi-gcc "../Core/Src/stm32f1xx_hal_msp.c" -mcpu=cortex-m3 -std=gnu11 -g3 -DDEBUG -DUSE_HAL_DRIVER -DSTM32F103x6 -c -I../Core/Inc -I../Drivers/STM32F1xx_HAL_Driver/Inc -I../Drivers/STM32F1xx_HAL_Driver/Inc/Legacy -I../Drivers/CMSIS/Device/ST/STM32F1xx/Include -I../Drivers/CMSIS/Include -O0 -ffunction-sections -fdata-sections -Wall -fstack-usage -MMD -MP -MF"Core/Src/stm32f1xx_hal_msp.d" -MT"Core/Src/stm32f1xx_hal_msp.o" --specs=nano.specs -mfloat-abi=soft -mthumb -o "Core/Src/stm32f1xx_hal_msp.o"
../Core/Src/input_processing.c:15:6: error: variable 'mode' has initializer but incomplete type
   15 | enum NO_OF_MODES mode = Normal_mode;
      |      ^~~~~~~~~~~
../Core/Src/input_processing.c:15:25: error: 'Normal_mode' undeclared here (not in a function)
   15 | enum NO_OF_MODES mode = Normal_mode;
      |                         ^~~~~~~~~~~
../Core/Src/input_reading.c:26:49: error: 'BUTTON_1_Pin' undeclared here (not in a function); did you mean 'BUTTON_0_Pin'?
   26 | uint16_t BUTTON[N0_OF_BUTTONS] = {BUTTON_0_Pin, BUTTON_1_Pin, BUTTON_2_Pin};
      |                                                 ^~~~~~~~~~~~
      |                                                 BUTTON_0_Pin
../Core/Src/scheduler.c:12:17: warning: 'rearQueue' defined but not used [-Wunused-variable]
   12 | static uint32_t rearQueue = 0;
      |                 ^~~~~~~~~
../Core/Src/input_reading.c:26:63: error: 'BUTTON_2_Pin' undeclared here (not in a function); did you mean 'BUTTON_0_Pin'?
   26 | uint16_t BUTTON[N0_OF_BUTTONS] = {BUTTON_0_Pin, BUTTON_1_Pin, BUTTON_2_Pin};
      |                                                               ^~~~~~~~~~~~
      |                                                               BUTTON_0_Pin
../Core/Src/input_reading.c: In function 'button_reading':
../Core/Src/input_reading.c:29:24: warning: array subscript has type 'char' [-Wchar-subscripts]
   29 |   debounceButtonBuffer2[i] = debounceButtonBuffer1[i];
      |                        ^
../Core/Src/input_reading.c:29:51: warning: array subscript has type 'char' [-Wchar-subscripts]
   29 |   debounceButtonBuffer2[i] = debounceButtonBuffer1[i];
      |                                                   ^
../Core/Src/input_reading.c:30:24: warning: array subscript has type 'char' [-Wchar-subscripts]
   30 |   debounceButtonBuffer1[i] = HAL_GPIO_ReadPin(BUTTON_1_GPIO_Port , BUTTON[i]);
      |                        ^
../Core/Src/input_processing.c: In function 'fsm_for_input_processing':
../Core/Src/input_processing.c:28:8: error: 'BUTTON_PRESSED_MORE_THAN_1_SECOND_0' undeclared (first use in this function)
   28 |   case BUTTON_PRESSED_MORE_THAN_1_SECOND_0:
      |        ^~~~~~~~~~~~~~~~~~~~~~~~~~~~~~~~~~~
../Core/Src/input_processing.c:28:8: note: each undeclared identifier is reported only once for each function it appears in
../Core/Src/input_processing.c:20:2: warning: enumeration value 'BUTTON_PRESSED_0' not handled in switch [-Wswitch]
   20 |  switch(buttonState_0){
      |  ^~~~~~
../Core/Src/input_processing.c: At top level:
../Core/Src/input_processing.c:15:18: error: storage size of 'mode' isn't known
   15 | enum NO_OF_MODES mode = Normal_mode;
      |                  ^~~~
../Core/Src/main.c: In function 'main':
../Core/Src/main.c:132:4: warning: implicit declaration of function 'buttonPress' [-Wimplicit-function-declaration]
  132 |    buttonPress();
      |    ^~~~~~~~~~~
../Core/Src/input_reading.c:30:47: error: 'BUTTON_1_GPIO_Port' undeclared (first use in this function); did you mean 'BUTTON_0_GPIO_Port'?
   30 |   debounceButtonBuffer1[i] = HAL_GPIO_ReadPin(BUTTON_1_GPIO_Port , BUTTON[i]);
      |                                               ^~~~~~~~~~~~~~~~~~
      |                                               BUTTON_0_GPIO_Port
../Core/Src/input_reading.c:30:47: note: each undeclared identifier is reported only once for each function it appears in
../Core/Src/input_reading.c:30:74: warning: array subscript has type 'char' [-Wchar-subscripts]
   30 |   debounceButtonBuffer1[i] = HAL_GPIO_ReadPin(BUTTON_1_GPIO_Port , BUTTON[i]);
      |                                                                          ^
../Core/Src/input_reading.c:32:27: warning: array subscript has type 'char' [-Wchar-subscripts]
   32 |   if(debounceButtonBuffer1[i] == debounceButtonBuffer2[i])
      |                           ^
../Core/Src/input_reading.c:32:55: warning: array subscript has type 'char' [-Wchar-subscripts]
   32 |   if(debounceButtonBuffer1[i] == debounceButtonBuffer2[i])
      |                                                       ^
../Core/Src/input_reading.c:33:16: warning: array subscript has type 'char' [-Wchar-subscripts]
   33 |    buttonBuffer[i] = debounceButtonBuffer1[i];
      |                ^
../Core/Src/input_reading.c:33:43: warning: array subscript has type 'char' [-Wchar-subscripts]
   33 |    buttonBuffer[i] = debounceButtonBuffer1[i];
      |                                           ^
../Core/Src/input_reading.c:35:18: warning: array subscript has type 'char' [-Wchar-subscripts]
   35 |   if(buttonBuffer[i] == BUTTON_IS_PRESSED){
      |                  ^
../Core/Src/input_reading.c:37:30: warning: array subscript has type 'char' [-Wchar-subscripts]
   37 |    if(counterForButtonPress1s[i] < DURATION_FOR_AUTO_INCREASING){
      |                              ^
../Core/Src/input_reading.c:38:28: warning: array subscript has type 'char' [-Wchar-subscripts]
   38 |     counterForButtonPress1s[i]++;
      |                            ^
../Core/Src/input_reading.c:42:25: warning: array subscript has type 'char' [-Wchar-subscripts]
   42 |     flagForButtonPress1s[i] = 1;
      |                         ^
../Core/Src/input_reading.c:46:27: warning: array subscript has type 'char' [-Wchar-subscripts]
   46 |    counterForButtonPress1s[i] = 0;
      |                           ^
../Core/Src/input_reading.c:47:24: warning: array subscript has type 'char' [-Wchar-subscripts]
   47 |    flagForButtonPress1s[i] = 0;
      |                        ^
make: *** [Core/Src/subdir.mk:43: Core/Src/input_processing.o] Error 1
make: *** Waiting for unfinished jobs....
make: *** [Core/Src/subdir.mk:43: Core/Src/input_reading.o] Error 1
"make -j8 all" terminated with exit code 2. Build might be incomplete.
10:01:28 **** Incremental Build of configuration Debug for project scheduler ****
make -j8 all 
arm-none-eabi-gcc "../Core/Src/input_processing.c" -mcpu=cortex-m3 -std=gnu11 -g3 -DDEBUG -DUSE_HAL_DRIVER -DSTM32F103x6 -c -I../Core/Inc -I../Drivers/STM32F1xx_HAL_Driver/Inc -I../Drivers/STM32F1xx_HAL_Driver/Inc/Legacy -I../Drivers/CMSIS/Device/ST/STM32F1xx/Include -I../Drivers/CMSIS/Include -O0 -ffunction-sections -fdata-sections -Wall -fstack-usage -MMD -MP -MF"Core/Src/input_processing.d" -MT"Core/Src/input_processing.o" --specs=nano.specs -mfloat-abi=soft -mthumb -o "Core/Src/input_processing.o"
arm-none-eabi-gcc "../Core/Src/input_reading.c" -mcpu=cortex-m3 -std=gnu11 -g3 -DDEBUG -DUSE_HAL_DRIVER -DSTM32F103x6 -c -I../Core/Inc -I../Drivers/STM32F1xx_HAL_Driver/Inc -I../Drivers/STM32F1xx_HAL_Driver/Inc/Legacy -I../Drivers/CMSIS/Device/ST/STM32F1xx/Include -I../Drivers/CMSIS/Include -O0 -ffunction-sections -fdata-sections -Wall -fstack-usage -MMD -MP -MF"Core/Src/input_reading.d" -MT"Core/Src/input_reading.o" --specs=nano.specs -mfloat-abi=soft -mthumb -o "Core/Src/input_reading.o"
arm-none-eabi-gcc "../Core/Src/main.c" -mcpu=cortex-m3 -std=gnu11 -g3 -DDEBUG -DUSE_HAL_DRIVER -DSTM32F103x6 -c -I../Core/Inc -I../Drivers/STM32F1xx_HAL_Driver/Inc -I../Drivers/STM32F1xx_HAL_Driver/Inc/Legacy -I../Drivers/CMSIS/Device/ST/STM32F1xx/Include -I../Drivers/CMSIS/Include -O0 -ffunction-sections -fdata-sections -Wall -fstack-usage -MMD -MP -MF"Core/Src/main.d" -MT"Core/Src/main.o" --specs=nano.specs -mfloat-abi=soft -mthumb -o "Core/Src/main.o"
arm-none-eabi-gcc "../Core/Src/stm32f1xx_it.c" -mcpu=cortex-m3 -std=gnu11 -g3 -DDEBUG -DUSE_HAL_DRIVER -DSTM32F103x6 -c -I../Core/Inc -I../Drivers/STM32F1xx_HAL_Driver/Inc -I../Drivers/STM32F1xx_HAL_Driver/Inc/Legacy -I../Drivers/CMSIS/Device/ST/STM32F1xx/Include -I../Drivers/CMSIS/Include -O0 -ffunction-sections -fdata-sections -Wall -fstack-usage -MMD -MP -MF"Core/Src/stm32f1xx_it.d" -MT"Core/Src/stm32f1xx_it.o" --specs=nano.specs -mfloat-abi=soft -mthumb -o "Core/Src/stm32f1xx_it.o"
arm-none-eabi-gcc "../Core/Src/syscalls.c" -mcpu=cortex-m3 -std=gnu11 -g3 -DDEBUG -DUSE_HAL_DRIVER -DSTM32F103x6 -c -I../Core/Inc -I../Drivers/STM32F1xx_HAL_Driver/Inc -I../Drivers/STM32F1xx_HAL_Driver/Inc/Legacy -I../Drivers/CMSIS/Device/ST/STM32F1xx/Include -I../Drivers/CMSIS/Include -O0 -ffunction-sections -fdata-sections -Wall -fstack-usage -MMD -MP -MF"Core/Src/syscalls.d" -MT"Core/Src/syscalls.o" --specs=nano.specs -mfloat-abi=soft -mthumb -o "Core/Src/syscalls.o"
arm-none-eabi-gcc "../Core/Src/sysmem.c" -mcpu=cortex-m3 -std=gnu11 -g3 -DDEBUG -DUSE_HAL_DRIVER -DSTM32F103x6 -c -I../Core/Inc -I../Drivers/STM32F1xx_HAL_Driver/Inc -I../Drivers/STM32F1xx_HAL_Driver/Inc/Legacy -I../Drivers/CMSIS/Device/ST/STM32F1xx/Include -I../Drivers/CMSIS/Include -O0 -ffunction-sections -fdata-sections -Wall -fstack-usage -MMD -MP -MF"Core/Src/sysmem.d" -MT"Core/Src/sysmem.o" --specs=nano.specs -mfloat-abi=soft -mthumb -o "Core/Src/sysmem.o"
arm-none-eabi-gcc "../Core/Src/system_stm32f1xx.c" -mcpu=cortex-m3 -std=gnu11 -g3 -DDEBUG -DUSE_HAL_DRIVER -DSTM32F103x6 -c -I../Core/Inc -I../Drivers/STM32F1xx_HAL_Driver/Inc -I../Drivers/STM32F1xx_HAL_Driver/Inc/Legacy -I../Drivers/CMSIS/Device/ST/STM32F1xx/Include -I../Drivers/CMSIS/Include -O0 -ffunction-sections -fdata-sections -Wall -fstack-usage -MMD -MP -MF"Core/Src/system_stm32f1xx.d" -MT"Core/Src/system_stm32f1xx.o" --specs=nano.specs -mfloat-abi=soft -mthumb -o "Core/Src/system_stm32f1xx.o"
../Core/Src/input_reading.c:26:49: error: 'BUTTON_1_Pin' undeclared here (not in a function); did you mean 'BUTTON_0_Pin'?
   26 | uint16_t BUTTON[N0_OF_BUTTONS] = {BUTTON_0_Pin, BUTTON_1_Pin, BUTTON_2_Pin};
      |                                                 ^~~~~~~~~~~~
      |                                                 BUTTON_0_Pin
../Core/Src/input_reading.c:26:63: error: 'BUTTON_2_Pin' undeclared here (not in a function); did you mean 'BUTTON_0_Pin'?
   26 | uint16_t BUTTON[N0_OF_BUTTONS] = {BUTTON_0_Pin, BUTTON_1_Pin, BUTTON_2_Pin};
      |                                                               ^~~~~~~~~~~~
      |                                                               BUTTON_0_Pin
../Core/Src/input_reading.c: In function 'button_reading':
../Core/Src/input_reading.c:29:24: warning: array subscript has type 'char' [-Wchar-subscripts]
   29 |   debounceButtonBuffer2[i] = debounceButtonBuffer1[i];
      |                        ^
../Core/Src/input_reading.c:29:51: warning: array subscript has type 'char' [-Wchar-subscripts]
   29 |   debounceButtonBuffer2[i] = debounceButtonBuffer1[i];
      |                                                   ^
../Core/Src/input_reading.c:30:24: warning: array subscript has type 'char' [-Wchar-subscripts]
   30 |   debounceButtonBuffer1[i] = HAL_GPIO_ReadPin(BUTTON_1_GPIO_Port , BUTTON[i]);
      |                        ^
../Core/Src/input_reading.c:30:47: error: 'BUTTON_1_GPIO_Port' undeclared (first use in this function); did you mean 'BUTTON_0_GPIO_Port'?
   30 |   debounceButtonBuffer1[i] = HAL_GPIO_ReadPin(BUTTON_1_GPIO_Port , BUTTON[i]);
      |                                               ^~~~~~~~~~~~~~~~~~
      |                                               BUTTON_0_GPIO_Port
../Core/Src/input_reading.c:30:47: note: each undeclared identifier is reported only once for each function it appears in
../Core/Src/input_reading.c:30:74: warning: array subscript has type 'char' [-Wchar-subscripts]
   30 |   debounceButtonBuffer1[i] = HAL_GPIO_ReadPin(BUTTON_1_GPIO_Port , BUTTON[i]);
      |                                                                          ^
../Core/Src/input_reading.c:32:27: warning: array subscript has type 'char' [-Wchar-subscripts]
   32 |   if(debounceButtonBuffer1[i] == debounceButtonBuffer2[i])
      |                           ^
../Core/Src/input_reading.c:32:55: warning: array subscript has type 'char' [-Wchar-subscripts]
   32 |   if(debounceButtonBuffer1[i] == debounceButtonBuffer2[i])
      |                                                       ^
../Core/Src/input_reading.c:33:16: warning: array subscript has type 'char' [-Wchar-subscripts]
   33 |    buttonBuffer[i] = debounceButtonBuffer1[i];
      |                ^
../Core/Src/input_reading.c:33:43: warning: array subscript has type 'char' [-Wchar-subscripts]
   33 |    buttonBuffer[i] = debounceButtonBuffer1[i];
      |                                           ^
../Core/Src/input_reading.c:35:18: warning: array subscript has type 'char' [-Wchar-subscripts]
   35 |   if(buttonBuffer[i] == BUTTON_IS_PRESSED){
      |                  ^
../Core/Src/input_reading.c:37:30: warning: array subscript has type 'char' [-Wchar-subscripts]
   37 |    if(counterForButtonPress1s[i] < DURATION_FOR_AUTO_INCREASING){
      |                              ^
../Core/Src/input_reading.c:38:28: warning: array subscript has type 'char' [-Wchar-subscripts]
   38 |     counterForButtonPress1s[i]++;
      |                            ^
../Core/Src/input_reading.c:42:25: warning: array subscript has type 'char' [-Wchar-subscripts]
   42 |     flagForButtonPress1s[i] = 1;
      |                         ^
../Core/Src/input_reading.c:46:27: warning: array subscript has type 'char' [-Wchar-subscripts]
   46 |    counterForButtonPress1s[i] = 0;
      |                           ^
../Core/Src/input_reading.c:47:24: warning: array subscript has type 'char' [-Wchar-subscripts]
   47 |    flagForButtonPress1s[i] = 0;
      |                        ^
make: *** [Core/Src/subdir.mk:43: Core/Src/input_reading.o] Error 1
make: *** Waiting for unfinished jobs....
"make -j8 all" terminated with exit code 2. Build might be incomplete.
10:01:58 **** Incremental Build of configuration Debug for project scheduler ****
make -j8 all 
arm-none-eabi-gcc "../Core/Src/input_processing.c" -mcpu=cortex-m3 -std=gnu11 -g3 -DDEBUG -DUSE_HAL_DRIVER -DSTM32F103x6 -c -I../Core/Inc -I../Drivers/STM32F1xx_HAL_Driver/Inc -I../Drivers/STM32F1xx_HAL_Driver/Inc/Legacy -I../Drivers/CMSIS/Device/ST/STM32F1xx/Include -I../Drivers/CMSIS/Include -O0 -ffunction-sections -fdata-sections -Wall -fstack-usage -MMD -MP -MF"Core/Src/input_processing.d" -MT"Core/Src/input_processing.o" --specs=nano.specs -mfloat-abi=soft -mthumb -o "Core/Src/input_processing.o"
arm-none-eabi-gcc "../Core/Src/input_reading.c" -mcpu=cortex-m3 -std=gnu11 -g3 -DDEBUG -DUSE_HAL_DRIVER -DSTM32F103x6 -c -I../Core/Inc -I../Drivers/STM32F1xx_HAL_Driver/Inc -I../Drivers/STM32F1xx_HAL_Driver/Inc/Legacy -I../Drivers/CMSIS/Device/ST/STM32F1xx/Include -I../Drivers/CMSIS/Include -O0 -ffunction-sections -fdata-sections -Wall -fstack-usage -MMD -MP -MF"Core/Src/input_reading.d" -MT"Core/Src/input_reading.o" --specs=nano.specs -mfloat-abi=soft -mthumb -o "Core/Src/input_reading.o"
arm-none-eabi-gcc "../Core/Src/main.c" -mcpu=cortex-m3 -std=gnu11 -g3 -DDEBUG -DUSE_HAL_DRIVER -DSTM32F103x6 -c -I../Core/Inc -I../Drivers/STM32F1xx_HAL_Driver/Inc -I../Drivers/STM32F1xx_HAL_Driver/Inc/Legacy -I../Drivers/CMSIS/Device/ST/STM32F1xx/Include -I../Drivers/CMSIS/Include -O0 -ffunction-sections -fdata-sections -Wall -fstack-usage -MMD -MP -MF"Core/Src/main.d" -MT"Core/Src/main.o" --specs=nano.specs -mfloat-abi=soft -mthumb -o "Core/Src/main.o"
../Core/Src/input_processing.c:16:40: warning: excess elements in array initializer
   16 | int is_press_flag[N0_OF_BUTTONS] = {0, 0, 0};
      |                                        ^
../Core/Src/input_processing.c:16:40: note: (near initialization for 'is_press_flag')
../Core/Src/input_processing.c:16:43: warning: excess elements in array initializer
   16 | int is_press_flag[N0_OF_BUTTONS] = {0, 0, 0};
      |                                           ^
../Core/Src/input_processing.c:16:43: note: (near initialization for 'is_press_flag')
../Core/Src/input_reading.c:14:28: warning: excess elements in array initializer
   14 | #define BUTTON_IS_RELEASED GPIO_PIN_SET
      |                            ^~~~~~~~~~~~
../Core/Src/input_reading.c:19:83: note: in expansion of macro 'BUTTON_IS_RELEASED'
   19 | static GPIO_PinState debounceButtonBuffer1[N0_OF_BUTTONS] = { BUTTON_IS_RELEASED, BUTTON_IS_RELEASED, BUTTON_IS_RELEASED };
      |                                                                                   ^~~~~~~~~~~~~~~~~~
../Core/Src/input_reading.c:14:28: note: (near initialization for 'debounceButtonBuffer1')
   14 | #define BUTTON_IS_RELEASED GPIO_PIN_SET
      |                            ^~~~~~~~~~~~
../Core/Src/input_reading.c:19:83: note: in expansion of macro 'BUTTON_IS_RELEASED'
   19 | static GPIO_PinState debounceButtonBuffer1[N0_OF_BUTTONS] = { BUTTON_IS_RELEASED, BUTTON_IS_RELEASED, BUTTON_IS_RELEASED };
      |                                                                                   ^~~~~~~~~~~~~~~~~~
../Core/Src/input_reading.c:14:28: warning: excess elements in array initializer
   14 | #define BUTTON_IS_RELEASED GPIO_PIN_SET
      |                            ^~~~~~~~~~~~
../Core/Src/input_reading.c:19:103: note: in expansion of macro 'BUTTON_IS_RELEASED'
   19 | static GPIO_PinState debounceButtonBuffer1[N0_OF_BUTTONS] = { BUTTON_IS_RELEASED, BUTTON_IS_RELEASED, BUTTON_IS_RELEASED };
      |                                                                                                       ^~~~~~~~~~~~~~~~~~
../Core/Src/input_reading.c:14:28: note: (near initialization for 'debounceButtonBuffer1')
   14 | #define BUTTON_IS_RELEASED GPIO_PIN_SET
      |                            ^~~~~~~~~~~~
../Core/Src/input_reading.c:19:103: note: in expansion of macro 'BUTTON_IS_RELEASED'
   19 | static GPIO_PinState debounceButtonBuffer1[N0_OF_BUTTONS] = { BUTTON_IS_RELEASED, BUTTON_IS_RELEASED, BUTTON_IS_RELEASED };
      |                                                                                                       ^~~~~~~~~~~~~~~~~~
../Core/Src/input_reading.c:14:28: warning: excess elements in array initializer
   14 | #define BUTTON_IS_RELEASED GPIO_PIN_SET
      |                            ^~~~~~~~~~~~
../Core/Src/input_reading.c:20:83: note: in expansion of macro 'BUTTON_IS_RELEASED'
   20 | static GPIO_PinState debounceButtonBuffer2[N0_OF_BUTTONS] = { BUTTON_IS_RELEASED, BUTTON_IS_RELEASED, BUTTON_IS_RELEASED };
      |                                                                                   ^~~~~~~~~~~~~~~~~~
../Core/Src/input_reading.c:14:28: note: (near initialization for 'debounceButtonBuffer2')
   14 | #define BUTTON_IS_RELEASED GPIO_PIN_SET
      |                            ^~~~~~~~~~~~
../Core/Src/input_reading.c:20:83: note: in expansion of macro 'BUTTON_IS_RELEASED'
   20 | static GPIO_PinState debounceButtonBuffer2[N0_OF_BUTTONS] = { BUTTON_IS_RELEASED, BUTTON_IS_RELEASED, BUTTON_IS_RELEASED };
      |                                                                                   ^~~~~~~~~~~~~~~~~~
../Core/Src/input_reading.c:14:28: warning: excess elements in array initializer
   14 | #define BUTTON_IS_RELEASED GPIO_PIN_SET
      |                            ^~~~~~~~~~~~
../Core/Src/input_reading.c:20:103: note: in expansion of macro 'BUTTON_IS_RELEASED'
   20 | static GPIO_PinState debounceButtonBuffer2[N0_OF_BUTTONS] = { BUTTON_IS_RELEASED, BUTTON_IS_RELEASED, BUTTON_IS_RELEASED };
      |                                                                                                       ^~~~~~~~~~~~~~~~~~
../Core/Src/input_reading.c:14:28: note: (near initialization for 'debounceButtonBuffer2')
   14 | #define BUTTON_IS_RELEASED GPIO_PIN_SET
      |                            ^~~~~~~~~~~~
../Core/Src/input_reading.c:20:103: note: in expansion of macro 'BUTTON_IS_RELEASED'
   20 | static GPIO_PinState debounceButtonBuffer2[N0_OF_BUTTONS] = { BUTTON_IS_RELEASED, BUTTON_IS_RELEASED, BUTTON_IS_RELEASED };
      |                                                                                                       ^~~~~~~~~~~~~~~~~~
../Core/Src/input_reading.c: In function 'button_reading':
../Core/Src/input_reading.c:29:24: warning: array subscript has type 'char' [-Wchar-subscripts]
   29 |   debounceButtonBuffer2[i] = debounceButtonBuffer1[i];
      |                        ^
../Core/Src/input_reading.c:29:51: warning: array subscript has type 'char' [-Wchar-subscripts]
   29 |   debounceButtonBuffer2[i] = debounceButtonBuffer1[i];
      |                                                   ^
../Core/Src/input_reading.c:30:24: warning: array subscript has type 'char' [-Wchar-subscripts]
   30 |   debounceButtonBuffer1[i] = HAL_GPIO_ReadPin(BUTTON_1_GPIO_Port , BUTTON[i]);
      |                        ^
../Core/Src/input_reading.c:30:47: error: 'BUTTON_1_GPIO_Port' undeclared (first use in this function); did you mean 'BUTTON_0_GPIO_Port'?
   30 |   debounceButtonBuffer1[i] = HAL_GPIO_ReadPin(BUTTON_1_GPIO_Port , BUTTON[i]);
      |                                               ^~~~~~~~~~~~~~~~~~
      |                                               BUTTON_0_GPIO_Port
../Core/Src/input_reading.c:30:47: note: each undeclared identifier is reported only once for each function it appears in
../Core/Src/input_reading.c:30:74: warning: array subscript has type 'char' [-Wchar-subscripts]
   30 |   debounceButtonBuffer1[i] = HAL_GPIO_ReadPin(BUTTON_1_GPIO_Port , BUTTON[i]);
      |                                                                          ^
../Core/Src/input_reading.c:32:27: warning: array subscript has type 'char' [-Wchar-subscripts]
   32 |   if(debounceButtonBuffer1[i] == debounceButtonBuffer2[i])
      |                           ^
../Core/Src/input_reading.c:32:55: warning: array subscript has type 'char' [-Wchar-subscripts]
   32 |   if(debounceButtonBuffer1[i] == debounceButtonBuffer2[i])
      |                                                       ^
../Core/Src/input_reading.c:33:16: warning: array subscript has type 'char' [-Wchar-subscripts]
   33 |    buttonBuffer[i] = debounceButtonBuffer1[i];
      |                ^
../Core/Src/input_reading.c:33:43: warning: array subscript has type 'char' [-Wchar-subscripts]
   33 |    buttonBuffer[i] = debounceButtonBuffer1[i];
      |                                           ^
../Core/Src/input_reading.c:35:18: warning: array subscript has type 'char' [-Wchar-subscripts]
   35 |   if(buttonBuffer[i] == BUTTON_IS_PRESSED){
      |                  ^
../Core/Src/input_reading.c:37:30: warning: array subscript has type 'char' [-Wchar-subscripts]
   37 |    if(counterForButtonPress1s[i] < DURATION_FOR_AUTO_INCREASING){
      |                              ^
../Core/Src/input_reading.c:38:28: warning: array subscript has type 'char' [-Wchar-subscripts]
   38 |     counterForButtonPress1s[i]++;
      |                            ^
../Core/Src/input_reading.c:42:25: warning: array subscript has type 'char' [-Wchar-subscripts]
   42 |     flagForButtonPress1s[i] = 1;
      |                         ^
../Core/Src/input_reading.c:46:27: warning: array subscript has type 'char' [-Wchar-subscripts]
   46 |    counterForButtonPress1s[i] = 0;
      |                           ^
../Core/Src/input_reading.c:47:24: warning: array subscript has type 'char' [-Wchar-subscripts]
   47 |    flagForButtonPress1s[i] = 0;
      |                        ^
make: *** [Core/Src/subdir.mk:43: Core/Src/input_reading.o] Error 1
make: *** Waiting for unfinished jobs....
"make -j8 all" terminated with exit code 2. Build might be incomplete.
10:04:36 **** Incremental Build of configuration Debug for project scheduler ****
make -j8 all 
arm-none-eabi-gcc "../Core/Src/input_reading.c" -mcpu=cortex-m3 -std=gnu11 -g3 -DDEBUG -DUSE_HAL_DRIVER -DSTM32F103x6 -c -I../Core/Inc -I../Drivers/STM32F1xx_HAL_Driver/Inc -I../Drivers/STM32F1xx_HAL_Driver/Inc/Legacy -I../Drivers/CMSIS/Device/ST/STM32F1xx/Include -I../Drivers/CMSIS/Include -O0 -ffunction-sections -fdata-sections -Wall -fstack-usage -MMD -MP -MF"Core/Src/input_reading.d" -MT"Core/Src/input_reading.o" --specs=nano.specs -mfloat-abi=soft -mthumb -o "Core/Src/input_reading.o"
../Core/Src/input_reading.c:14:28: warning: excess elements in array initializer
   14 | #define BUTTON_IS_RELEASED GPIO_PIN_SET
      |                            ^~~~~~~~~~~~
../Core/Src/input_reading.c:19:83: note: in expansion of macro 'BUTTON_IS_RELEASED'
   19 | static GPIO_PinState debounceButtonBuffer1[N0_OF_BUTTONS] = { BUTTON_IS_RELEASED, BUTTON_IS_RELEASED, BUTTON_IS_RELEASED };
      |                                                                                   ^~~~~~~~~~~~~~~~~~
../Core/Src/input_reading.c:14:28: note: (near initialization for 'debounceButtonBuffer1')
   14 | #define BUTTON_IS_RELEASED GPIO_PIN_SET
      |                            ^~~~~~~~~~~~
../Core/Src/input_reading.c:19:83: note: in expansion of macro 'BUTTON_IS_RELEASED'
   19 | static GPIO_PinState debounceButtonBuffer1[N0_OF_BUTTONS] = { BUTTON_IS_RELEASED, BUTTON_IS_RELEASED, BUTTON_IS_RELEASED };
      |                                                                                   ^~~~~~~~~~~~~~~~~~
../Core/Src/input_reading.c:14:28: warning: excess elements in array initializer
   14 | #define BUTTON_IS_RELEASED GPIO_PIN_SET
      |                            ^~~~~~~~~~~~
../Core/Src/input_reading.c:19:103: note: in expansion of macro 'BUTTON_IS_RELEASED'
   19 | static GPIO_PinState debounceButtonBuffer1[N0_OF_BUTTONS] = { BUTTON_IS_RELEASED, BUTTON_IS_RELEASED, BUTTON_IS_RELEASED };
      |                                                                                                       ^~~~~~~~~~~~~~~~~~
../Core/Src/input_reading.c:14:28: note: (near initialization for 'debounceButtonBuffer1')
   14 | #define BUTTON_IS_RELEASED GPIO_PIN_SET
      |                            ^~~~~~~~~~~~
../Core/Src/input_reading.c:19:103: note: in expansion of macro 'BUTTON_IS_RELEASED'
   19 | static GPIO_PinState debounceButtonBuffer1[N0_OF_BUTTONS] = { BUTTON_IS_RELEASED, BUTTON_IS_RELEASED, BUTTON_IS_RELEASED };
      |                                                                                                       ^~~~~~~~~~~~~~~~~~
../Core/Src/input_reading.c:14:28: warning: excess elements in array initializer
   14 | #define BUTTON_IS_RELEASED GPIO_PIN_SET
      |                            ^~~~~~~~~~~~
../Core/Src/input_reading.c:20:83: note: in expansion of macro 'BUTTON_IS_RELEASED'
   20 | static GPIO_PinState debounceButtonBuffer2[N0_OF_BUTTONS] = { BUTTON_IS_RELEASED, BUTTON_IS_RELEASED, BUTTON_IS_RELEASED };
      |                                                                                   ^~~~~~~~~~~~~~~~~~
../Core/Src/input_reading.c:14:28: note: (near initialization for 'debounceButtonBuffer2')
   14 | #define BUTTON_IS_RELEASED GPIO_PIN_SET
      |                            ^~~~~~~~~~~~
../Core/Src/input_reading.c:20:83: note: in expansion of macro 'BUTTON_IS_RELEASED'
   20 | static GPIO_PinState debounceButtonBuffer2[N0_OF_BUTTONS] = { BUTTON_IS_RELEASED, BUTTON_IS_RELEASED, BUTTON_IS_RELEASED };
      |                                                                                   ^~~~~~~~~~~~~~~~~~
../Core/Src/input_reading.c:14:28: warning: excess elements in array initializer
   14 | #define BUTTON_IS_RELEASED GPIO_PIN_SET
      |                            ^~~~~~~~~~~~
../Core/Src/input_reading.c:20:103: note: in expansion of macro 'BUTTON_IS_RELEASED'
   20 | static GPIO_PinState debounceButtonBuffer2[N0_OF_BUTTONS] = { BUTTON_IS_RELEASED, BUTTON_IS_RELEASED, BUTTON_IS_RELEASED };
      |                                                                                                       ^~~~~~~~~~~~~~~~~~
../Core/Src/input_reading.c:14:28: note: (near initialization for 'debounceButtonBuffer2')
   14 | #define BUTTON_IS_RELEASED GPIO_PIN_SET
      |                            ^~~~~~~~~~~~
../Core/Src/input_reading.c:20:103: note: in expansion of macro 'BUTTON_IS_RELEASED'
   20 | static GPIO_PinState debounceButtonBuffer2[N0_OF_BUTTONS] = { BUTTON_IS_RELEASED, BUTTON_IS_RELEASED, BUTTON_IS_RELEASED };
      |                                                                                                       ^~~~~~~~~~~~~~~~~~
../Core/Src/input_reading.c: In function 'button_reading':
../Core/Src/input_reading.c:29:24: warning: array subscript has type 'char' [-Wchar-subscripts]
   29 |   debounceButtonBuffer2[i] = debounceButtonBuffer1[i];
      |                        ^
../Core/Src/input_reading.c:29:51: warning: array subscript has type 'char' [-Wchar-subscripts]
   29 |   debounceButtonBuffer2[i] = debounceButtonBuffer1[i];
      |                                                   ^
../Core/Src/input_reading.c:30:24: warning: array subscript has type 'char' [-Wchar-subscripts]
   30 |   debounceButtonBuffer1[i] = HAL_GPIO_ReadPin(BUTTON_0_GPIO_Port , BUTTON[i]);
      |                        ^
../Core/Src/input_reading.c:30:74: warning: array subscript has type 'char' [-Wchar-subscripts]
   30 |   debounceButtonBuffer1[i] = HAL_GPIO_ReadPin(BUTTON_0_GPIO_Port , BUTTON[i]);
      |                                                                          ^
../Core/Src/input_reading.c:32:27: warning: array subscript has type 'char' [-Wchar-subscripts]
   32 |   if(debounceButtonBuffer1[i] == debounceButtonBuffer2[i])
      |                           ^
../Core/Src/input_reading.c:32:55: warning: array subscript has type 'char' [-Wchar-subscripts]
   32 |   if(debounceButtonBuffer1[i] == debounceButtonBuffer2[i])
      |                                                       ^
../Core/Src/input_reading.c:33:16: warning: array subscript has type 'char' [-Wchar-subscripts]
   33 |    buttonBuffer[i] = debounceButtonBuffer1[i];
      |                ^
../Core/Src/input_reading.c:33:43: warning: array subscript has type 'char' [-Wchar-subscripts]
   33 |    buttonBuffer[i] = debounceButtonBuffer1[i];
      |                                           ^
../Core/Src/input_reading.c:35:18: warning: array subscript has type 'char' [-Wchar-subscripts]
   35 |   if(buttonBuffer[i] == BUTTON_IS_PRESSED){
      |                  ^
../Core/Src/input_reading.c:37:30: warning: array subscript has type 'char' [-Wchar-subscripts]
   37 |    if(counterForButtonPress1s[i] < DURATION_FOR_AUTO_INCREASING){
      |                              ^
../Core/Src/input_reading.c:38:28: warning: array subscript has type 'char' [-Wchar-subscripts]
   38 |     counterForButtonPress1s[i]++;
      |                            ^
../Core/Src/input_reading.c:42:25: warning: array subscript has type 'char' [-Wchar-subscripts]
   42 |     flagForButtonPress1s[i] = 1;
      |                         ^
../Core/Src/input_reading.c:46:27: warning: array subscript has type 'char' [-Wchar-subscripts]
   46 |    counterForButtonPress1s[i] = 0;
      |                           ^
../Core/Src/input_reading.c:47:24: warning: array subscript has type 'char' [-Wchar-subscripts]
   47 |    flagForButtonPress1s[i] = 0;
      |                        ^
arm-none-eabi-gcc -o "scheduler.elf" @"objects.list"   -mcpu=cortex-m3 -T"C:\Computer engineering study\3th year\Semester 1\Microprocessors-Microcontrollers\STM_workspace\lab5\scheduler\STM32F103C6UX_FLASH.ld" --specs=nosys.specs -Wl,-Map="scheduler.map" -Wl,--gc-sections -static --specs=nano.specs -mfloat-abi=soft -mthumb -Wl,--start-group -lc -lm -Wl,--end-group
Finished building target: scheduler.elf
 
arm-none-eabi-size   scheduler.elf 
arm-none-eabi-objdump -h -S  scheduler.elf  > "scheduler.list"
arm-none-eabi-objcopy  -O ihex  scheduler.elf  "scheduler.hex"
   text	   data	    bss	    dec	    hex	filename
  17000	    132	   2644	  19776	   4d40	scheduler.elf
arm-none-eabi-objcopy  -O binary  scheduler.elf  "scheduler.bin"
Finished building: default.size.stdout
 
Finished building: scheduler.hex
Finished building: scheduler.bin
 
 
Finished building: scheduler.list
 
10:08:55 **** Incremental Build of configuration Debug for project scheduler ****
make -j8 all 
arm-none-eabi-gcc "../Core/Src/input_processing.c" -mcpu=cortex-m3 -std=gnu11 -g3 -DDEBUG -DUSE_HAL_DRIVER -DSTM32F103x6 -c -I../Core/Inc -I../Drivers/STM32F1xx_HAL_Driver/Inc -I../Drivers/STM32F1xx_HAL_Driver/Inc/Legacy -I../Drivers/CMSIS/Device/ST/STM32F1xx/Include -I../Drivers/CMSIS/Include -O0 -ffunction-sections -fdata-sections -Wall -fstack-usage -MMD -MP -MF"Core/Src/input_processing.d" -MT"Core/Src/input_processing.o" --specs=nano.specs -mfloat-abi=soft -mthumb -o "Core/Src/input_processing.o"
../Core/Src/input_processing.c:16:40: warning: excess elements in array initializer
   16 | int is_press_flag[N0_OF_BUTTONS] = {0, 0, 0};
      |                                        ^
../Core/Src/input_processing.c:16:40: note: (near initialization for 'is_press_flag')
../Core/Src/input_processing.c:16:43: warning: excess elements in array initializer
   16 | int is_press_flag[N0_OF_BUTTONS] = {0, 0, 0};
      |                                           ^
../Core/Src/input_processing.c:16:43: note: (near initialization for 'is_press_flag')
arm-none-eabi-gcc -o "scheduler.elf" @"objects.list"   -mcpu=cortex-m3 -T"C:\Computer engineering study\3th year\Semester 1\Microprocessors-Microcontrollers\STM_workspace\lab5\scheduler\STM32F103C6UX_FLASH.ld" --specs=nosys.specs -Wl,-Map="scheduler.map" -Wl,--gc-sections -static --specs=nano.specs -mfloat-abi=soft -mthumb -Wl,--start-group -lc -lm -Wl,--end-group
Finished building target: scheduler.elf
 
arm-none-eabi-size   scheduler.elf 
arm-none-eabi-objdump -h -S  scheduler.elf  > "scheduler.list"
arm-none-eabi-objcopy  -O ihex  scheduler.elf  "scheduler.hex"
   text	   data	    bss	    dec	    hex	filename
  17260	    132	   2644	  20036	   4e44	scheduler.elf
arm-none-eabi-objcopy  -O binary  scheduler.elf  "scheduler.bin"
Finished building: default.size.stdout
 
Finished building: scheduler.hex
Finished building: scheduler.bin
 
 
Finished building: scheduler.list
 
10:12:59 **** Incremental Build of configuration Debug for project scheduler ****
make -j8 all 
arm-none-eabi-gcc "../Core/Src/main.c" -mcpu=cortex-m3 -std=gnu11 -g3 -DDEBUG -DUSE_HAL_DRIVER -DSTM32F103x6 -c -I../Core/Inc -I../Drivers/STM32F1xx_HAL_Driver/Inc -I../Drivers/STM32F1xx_HAL_Driver/Inc/Legacy -I../Drivers/CMSIS/Device/ST/STM32F1xx/Include -I../Drivers/CMSIS/Include -O0 -ffunction-sections -fdata-sections -Wall -fstack-usage -MMD -MP -MF"Core/Src/main.d" -MT"Core/Src/main.o" --specs=nano.specs -mfloat-abi=soft -mthumb -o "Core/Src/main.o"
arm-none-eabi-gcc -o "scheduler.elf" @"objects.list"   -mcpu=cortex-m3 -T"C:\Computer engineering study\3th year\Semester 1\Microprocessors-Microcontrollers\STM_workspace\lab5\scheduler\STM32F103C6UX_FLASH.ld" --specs=nosys.specs -Wl,-Map="scheduler.map" -Wl,--gc-sections -static --specs=nano.specs -mfloat-abi=soft -mthumb -Wl,--start-group -lc -lm -Wl,--end-group
Finished building target: scheduler.elf
 
arm-none-eabi-size   scheduler.elf 
arm-none-eabi-objdump -h -S  scheduler.elf  > "scheduler.list"
arm-none-eabi-objcopy  -O ihex  scheduler.elf  "scheduler.hex"
   text	   data	    bss	    dec	    hex	filename
  17280	    132	   2644	  20056	   4e58	scheduler.elf
arm-none-eabi-objcopy  -O binary  scheduler.elf  "scheduler.bin"
Finished building: default.size.stdout
 
Finished building: scheduler.hex
Finished building: scheduler.bin
 
 
Finished building: scheduler.list
 
